[2024-08-12 19:23:20,177][flwr][INFO] - Starting Flower server, config: num_rounds=2, no round_timeout
[2024-08-12 19:23:20,209][flwr][INFO] - Flower ECE: gRPC server running (2 rounds), SSL is disabled
[2024-08-12 19:23:20,209][flwr][INFO] - [INIT]
[2024-08-12 19:23:20,209][flwr][INFO] - Using initial global parameters provided by strategy
[2024-08-12 19:23:20,209][flwr][INFO] - Evaluating initial global parameters
[2024-08-12 19:23:20,209][flwr][INFO] - 
[2024-08-12 19:23:20,209][flwr][INFO] - [ROUND 1]
[2024-08-12 19:23:23,659][flwr][INFO] - configure_fit: strategy sampled 2 clients (out of 2)
[2024-08-12 19:23:58,789][flwr][INFO] - aggregate_fit: received 2 results and 0 failures
[2024-08-12 19:23:58,801][flwr][INFO] - aggregate_fit: parameters are clipped by value: 1.0000.
[2024-08-12 19:23:58,811][flwr][INFO] - aggregate_fit: parameters are clipped by value: 1.0000.
[2024-08-12 19:23:58,822][flwr][WARNING] - No fit_metrics_aggregation_fn provided
[2024-08-12 19:23:58,872][flwr][INFO] - aggregate_fit: central DP noise with 0.2500 stdev added
[2024-08-12 19:23:58,873][flwr][INFO] - configure_evaluate: strategy sampled 2 clients (out of 2)
[2024-08-12 19:24:01,933][flwr][INFO] - aggregate_evaluate: received 2 results and 0 failures
[2024-08-12 19:24:01,934][flwr][INFO] - 
[2024-08-12 19:24:01,934][flwr][INFO] - [ROUND 2]
[2024-08-12 19:24:01,936][flwr][INFO] - configure_fit: strategy sampled 2 clients (out of 2)
[2024-08-12 19:24:37,171][flwr][INFO] - aggregate_fit: received 2 results and 0 failures
[2024-08-12 19:24:37,181][flwr][INFO] - aggregate_fit: parameters are clipped by value: 1.0000.
[2024-08-12 19:24:37,189][flwr][INFO] - aggregate_fit: parameters are clipped by value: 1.0000.
[2024-08-12 19:24:37,229][absl][WARNING] - You are saving your model as an HDF5 file via `model.save()` or `keras.saving.save_model(model)`. This file format is considered legacy. We recommend using instead the native Keras format, e.g. `model.save('my_model.keras')` or `keras.saving.save_model(model, 'my_model.keras')`. 
[2024-08-12 19:24:37,308][flwr][INFO] - aggregate_fit: central DP noise with 0.2500 stdev added
[2024-08-12 19:24:37,310][flwr][INFO] - configure_evaluate: strategy sampled 2 clients (out of 2)
[2024-08-12 19:24:40,691][flwr][INFO] - aggregate_evaluate: received 2 results and 0 failures
[2024-08-12 19:24:40,692][flwr][INFO] - 
[2024-08-12 19:24:40,692][flwr][INFO] - [SUMMARY]
[2024-08-12 19:24:40,692][flwr][INFO] - Run finished 2 round(s) in 80.48s
[2024-08-12 19:24:40,692][flwr][INFO] - 	History (loss, distributed):
[2024-08-12 19:24:40,692][flwr][INFO] - 		round 1: 69.53791112485139
[2024-08-12 19:24:40,692][flwr][INFO] - 		round 2: 195.79284203570822
[2024-08-12 19:24:40,693][flwr][INFO] - 	History (metrics, distributed, evaluate):
[2024-08-12 19:24:40,693][flwr][INFO] - 	{'accuracy': [(1, 0.496828556060791), (2, 0.5335544049739838)],
[2024-08-12 19:24:40,693][flwr][INFO] - 	 'loss': [(1, 70.33719635009766), (2, 195.1171646118164)]}
[2024-08-12 19:24:40,693][flwr][INFO] - 
[2024-08-12 19:24:44,814][absl][WARNING] - Compiled the loaded model, but the compiled metrics have yet to be built. `model.compile_metrics` will be empty until you train or evaluate the model.
