[2024-07-28 13:46:42,931][flwr][INFO] - Starting Flower server, config: num_rounds=4, no round_timeout
[2024-07-28 13:46:42,961][flwr][INFO] - Flower ECE: gRPC server running (4 rounds), SSL is disabled
[2024-07-28 13:46:42,962][flwr][INFO] - [INIT]
[2024-07-28 13:46:42,962][flwr][INFO] - Using initial global parameters provided by strategy
[2024-07-28 13:46:42,962][flwr][INFO] - Evaluating initial global parameters
[2024-07-28 13:46:42,962][flwr][INFO] - 
[2024-07-28 13:46:42,962][flwr][INFO] - [ROUND 1]
[2024-07-28 13:46:43,164][flwr][INFO] - configure_fit: strategy sampled 2 clients (out of 2)
[2024-07-28 13:46:46,504][flwr][INFO] - aggregate_fit: received 2 results and 0 failures
[2024-07-28 13:46:46,519][flwr][WARNING] - No fit_metrics_aggregation_fn provided
[2024-07-28 13:46:46,520][flwr][INFO] - configure_evaluate: strategy sampled 2 clients (out of 2)
[2024-07-28 13:46:47,001][flwr][INFO] - aggregate_evaluate: received 2 results and 0 failures
[2024-07-28 13:46:47,001][flwr][INFO] - 
[2024-07-28 13:46:47,001][flwr][INFO] - [ROUND 2]
[2024-07-28 13:46:47,001][flwr][INFO] - configure_fit: strategy sampled 2 clients (out of 2)
[2024-07-28 13:46:49,954][flwr][INFO] - aggregate_fit: received 2 results and 0 failures
[2024-07-28 13:46:49,972][flwr][INFO] - configure_evaluate: strategy sampled 2 clients (out of 2)
[2024-07-28 13:46:50,246][flwr][INFO] - aggregate_evaluate: received 2 results and 0 failures
[2024-07-28 13:46:50,247][flwr][INFO] - 
[2024-07-28 13:46:50,247][flwr][INFO] - [ROUND 3]
[2024-07-28 13:46:50,247][flwr][INFO] - configure_fit: strategy sampled 2 clients (out of 2)
[2024-07-28 13:46:52,857][flwr][INFO] - aggregate_fit: received 2 results and 0 failures
[2024-07-28 13:46:52,872][flwr][INFO] - configure_evaluate: strategy sampled 2 clients (out of 2)
[2024-07-28 13:46:53,143][flwr][INFO] - aggregate_evaluate: received 2 results and 0 failures
[2024-07-28 13:46:53,144][flwr][INFO] - 
[2024-07-28 13:46:53,144][flwr][INFO] - [ROUND 4]
[2024-07-28 13:46:53,144][flwr][INFO] - configure_fit: strategy sampled 2 clients (out of 2)
[2024-07-28 13:46:55,759][flwr][INFO] - aggregate_fit: received 2 results and 0 failures
[2024-07-28 13:46:55,771][flwr][INFO] - configure_evaluate: strategy sampled 2 clients (out of 2)
[2024-07-28 13:46:56,046][flwr][INFO] - aggregate_evaluate: received 2 results and 0 failures
[2024-07-28 13:46:56,047][flwr][INFO] - 
[2024-07-28 13:46:56,047][flwr][INFO] - [SUMMARY]
[2024-07-28 13:46:56,047][flwr][INFO] - Run finished 4 round(s) in 13.08s
[2024-07-28 13:46:56,047][flwr][INFO] - 	History (loss, distributed):
[2024-07-28 13:46:56,047][flwr][INFO] - 		round 1: 0.39856770634651184
[2024-07-28 13:46:56,047][flwr][INFO] - 		round 2: 0.3613400459289551
[2024-07-28 13:46:56,047][flwr][INFO] - 		round 3: 0.3191952109336853
[2024-07-28 13:46:56,047][flwr][INFO] - 		round 4: 0.2599165737628937
[2024-07-28 13:46:56,047][flwr][INFO] - 	History (metrics, distributed, evaluate):
[2024-07-28 13:46:56,047][flwr][INFO] - 	{'accuracy': [(1, 0.8222222328186035),
[2024-07-28 13:46:56,047][flwr][INFO] - 	              (2, 0.8666666746139526),
[2024-07-28 13:46:56,047][flwr][INFO] - 	              (3, 0.8888888955116272),
[2024-07-28 13:46:56,048][flwr][INFO] - 	              (4, 0.9111111164093018)],
[2024-07-28 13:46:56,048][flwr][INFO] - 	 'loss': [(1, 0.39856770634651184),
[2024-07-28 13:46:56,048][flwr][INFO] - 	          (2, 0.3613400459289551),
[2024-07-28 13:46:56,048][flwr][INFO] - 	          (3, 0.3191952109336853),
[2024-07-28 13:46:56,048][flwr][INFO] - 	          (4, 0.2599165737628937)]}
[2024-07-28 13:46:56,048][flwr][INFO] - 
