[2024-07-27 15:57:49,595][flwr][INFO] - Starting Flower server, config: num_rounds=4, no round_timeout
[2024-07-27 15:57:49,630][flwr][INFO] - Flower ECE: gRPC server running (4 rounds), SSL is disabled
[2024-07-27 15:57:49,630][flwr][INFO] - [INIT]
[2024-07-27 15:57:49,630][flwr][INFO] - Using initial global parameters provided by strategy
[2024-07-27 15:57:49,630][flwr][INFO] - Evaluating initial global parameters
[2024-07-27 15:57:49,631][flwr][INFO] - 
[2024-07-27 15:57:49,631][flwr][INFO] - [ROUND 1]
[2024-07-27 15:57:53,073][flwr][INFO] - configure_fit: strategy sampled 2 clients (out of 2)
[2024-07-27 15:57:56,315][flwr][INFO] - aggregate_fit: received 2 results and 0 failures
[2024-07-27 15:57:56,333][flwr][WARNING] - No fit_metrics_aggregation_fn provided
[2024-07-27 15:57:56,336][flwr][INFO] - configure_evaluate: strategy sampled 2 clients (out of 2)
[2024-07-27 15:57:56,646][flwr][INFO] - aggregate_evaluate: received 2 results and 0 failures
[2024-07-27 15:57:56,646][flwr][INFO] - 
[2024-07-27 15:57:56,646][flwr][INFO] - [ROUND 2]
[2024-07-27 15:57:56,646][flwr][INFO] - configure_fit: strategy sampled 2 clients (out of 2)
[2024-07-27 15:57:59,155][flwr][INFO] - aggregate_fit: received 2 results and 0 failures
[2024-07-27 15:57:59,167][flwr][INFO] - configure_evaluate: strategy sampled 2 clients (out of 2)
[2024-07-27 15:57:59,416][flwr][INFO] - aggregate_evaluate: received 2 results and 0 failures
[2024-07-27 15:57:59,417][flwr][INFO] - 
[2024-07-27 15:57:59,417][flwr][INFO] - [ROUND 3]
[2024-07-27 15:57:59,417][flwr][INFO] - configure_fit: strategy sampled 2 clients (out of 2)
[2024-07-27 15:58:01,957][flwr][INFO] - aggregate_fit: received 2 results and 0 failures
[2024-07-27 15:58:01,968][flwr][INFO] - configure_evaluate: strategy sampled 2 clients (out of 2)
[2024-07-27 15:58:02,229][flwr][INFO] - aggregate_evaluate: received 2 results and 0 failures
[2024-07-27 15:58:02,229][flwr][INFO] - 
[2024-07-27 15:58:02,229][flwr][INFO] - [ROUND 4]
[2024-07-27 15:58:02,230][flwr][INFO] - configure_fit: strategy sampled 2 clients (out of 2)
[2024-07-27 15:58:04,798][flwr][INFO] - aggregate_fit: received 2 results and 0 failures
[2024-07-27 15:58:04,808][flwr][INFO] - configure_evaluate: strategy sampled 2 clients (out of 2)
[2024-07-27 15:58:05,069][flwr][INFO] - aggregate_evaluate: received 2 results and 0 failures
[2024-07-27 15:58:05,070][flwr][INFO] - 
[2024-07-27 15:58:05,070][flwr][INFO] - [SUMMARY]
[2024-07-27 15:58:05,070][flwr][INFO] - Run finished 4 round(s) in 15.44s
[2024-07-27 15:58:05,070][flwr][INFO] - 	History (loss, distributed):
[2024-07-27 15:58:05,070][flwr][INFO] - 		round 1: 0.3644036054611206
[2024-07-27 15:58:05,070][flwr][INFO] - 		round 2: 0.3189726769924164
[2024-07-27 15:58:05,070][flwr][INFO] - 		round 3: 0.23060669004917145
[2024-07-27 15:58:05,070][flwr][INFO] - 		round 4: 0.22474102675914764
[2024-07-27 15:58:05,070][flwr][INFO] - 	History (metrics, distributed, evaluate):
[2024-07-27 15:58:05,070][flwr][INFO] - 	{'accuracy': [(1, 0.8888888955116272),
[2024-07-27 15:58:05,070][flwr][INFO] - 	              (2, 0.8888888955116272),
[2024-07-27 15:58:05,070][flwr][INFO] - 	              (3, 0.9555555582046509),
[2024-07-27 15:58:05,070][flwr][INFO] - 	              (4, 0.9555555582046509)],
[2024-07-27 15:58:05,070][flwr][INFO] - 	 'loss': [(1, 0.3644036054611206),
[2024-07-27 15:58:05,070][flwr][INFO] - 	          (2, 0.3189726769924164),
[2024-07-27 15:58:05,070][flwr][INFO] - 	          (3, 0.23060669004917145),
[2024-07-27 15:58:05,070][flwr][INFO] - 	          (4, 0.22474102675914764)]}
[2024-07-27 15:58:05,070][flwr][INFO] - 
