[2024-08-10 13:12:49,936][flwr][INFO] - Starting Flower server, config: num_rounds=2, no round_timeout
[2024-08-10 13:12:49,958][flwr][INFO] - Flower ECE: gRPC server running (2 rounds), SSL is disabled
[2024-08-10 13:12:49,958][flwr][INFO] - [INIT]
[2024-08-10 13:12:49,958][flwr][INFO] - Using initial global parameters provided by strategy
[2024-08-10 13:12:49,958][flwr][INFO] - Evaluating initial global parameters
[2024-08-10 13:12:49,958][flwr][INFO] - 
[2024-08-10 13:12:49,958][flwr][INFO] - [ROUND 1]
[2024-08-10 13:12:55,476][flwr][INFO] - configure_fit: strategy sampled 2 clients (out of 2)
[2024-08-10 13:13:26,280][flwr][INFO] - aggregate_fit: received 2 results and 0 failures
[2024-08-10 13:13:26,291][flwr][WARNING] - No fit_metrics_aggregation_fn provided
[2024-08-10 13:13:26,292][flwr][INFO] - configure_evaluate: strategy sampled 2 clients (out of 2)
[2024-08-10 13:13:29,243][flwr][INFO] - aggregate_evaluate: received 2 results and 0 failures
[2024-08-10 13:13:29,243][flwr][INFO] - 
[2024-08-10 13:13:29,243][flwr][INFO] - [ROUND 2]
[2024-08-10 13:13:29,243][flwr][INFO] - configure_fit: strategy sampled 2 clients (out of 2)
[2024-08-10 13:13:59,572][flwr][INFO] - aggregate_fit: received 2 results and 0 failures
[2024-08-10 13:13:59,614][absl][WARNING] - You are saving your model as an HDF5 file via `model.save()` or `keras.saving.save_model(model)`. This file format is considered legacy. We recommend using instead the native Keras format, e.g. `model.save('my_model.keras')` or `keras.saving.save_model(model, 'my_model.keras')`. 
[2024-08-10 13:13:59,633][flwr][INFO] - configure_evaluate: strategy sampled 2 clients (out of 2)
[2024-08-10 13:14:02,711][flwr][INFO] - aggregate_evaluate: received 2 results and 0 failures
[2024-08-10 13:14:02,712][flwr][INFO] - 
[2024-08-10 13:14:02,712][flwr][INFO] - [SUMMARY]
[2024-08-10 13:14:02,712][flwr][INFO] - Run finished 2 round(s) in 72.75s
[2024-08-10 13:14:02,713][flwr][INFO] - 	History (loss, distributed):
[2024-08-10 13:14:02,713][flwr][INFO] - 		round 1: 0.47296622265940125
[2024-08-10 13:14:02,713][flwr][INFO] - 		round 2: 0.328552250628886
[2024-08-10 13:14:02,713][flwr][INFO] - 	History (metrics, distributed, evaluate):
[2024-08-10 13:14:02,713][flwr][INFO] - 	{'accuracy': [(1, 0.7533381581306458), (2, 0.8795274496078491)],
[2024-08-10 13:14:02,713][flwr][INFO] - 	 'loss': [(1, 0.45740577578544617), (2, 0.31379080563783646)]}
[2024-08-10 13:14:02,713][flwr][INFO] - 
[2024-08-10 13:14:11,846][absl][WARNING] - Compiled the loaded model, but the compiled metrics have yet to be built. `model.compile_metrics` will be empty until you train or evaluate the model.
