[2024-07-29 15:08:02,993][flwr][INFO] - Starting Flower server, config: num_rounds=4, no round_timeout
[2024-07-29 15:08:03,017][flwr][INFO] - Flower ECE: gRPC server running (4 rounds), SSL is disabled
[2024-07-29 15:08:03,018][flwr][INFO] - [INIT]
[2024-07-29 15:08:03,018][flwr][INFO] - Using initial global parameters provided by strategy
[2024-07-29 15:08:03,018][flwr][INFO] - Evaluating initial global parameters
[2024-07-29 15:08:03,018][flwr][INFO] - 
[2024-07-29 15:08:03,018][flwr][INFO] - [ROUND 1]
[2024-07-29 15:08:03,960][flwr][INFO] - configure_fit: strategy sampled 2 clients (out of 2)
[2024-07-29 15:08:12,463][flwr][INFO] - aggregate_fit: received 2 results and 0 failures
[2024-07-29 15:08:12,521][flwr][WARNING] - No fit_metrics_aggregation_fn provided
[2024-07-29 15:08:12,522][flwr][INFO] - configure_evaluate: strategy sampled 2 clients (out of 2)
[2024-07-29 15:08:13,291][flwr][INFO] - aggregate_evaluate: received 2 results and 0 failures
[2024-07-29 15:08:13,291][flwr][INFO] - 
[2024-07-29 15:08:13,291][flwr][INFO] - [ROUND 2]
[2024-07-29 15:08:13,291][flwr][INFO] - configure_fit: strategy sampled 2 clients (out of 2)
[2024-07-29 15:08:20,005][flwr][INFO] - aggregate_fit: received 2 results and 0 failures
[2024-07-29 15:08:20,065][flwr][INFO] - configure_evaluate: strategy sampled 2 clients (out of 2)
[2024-07-29 15:08:20,659][flwr][INFO] - aggregate_evaluate: received 2 results and 0 failures
[2024-07-29 15:08:20,659][flwr][INFO] - 
[2024-07-29 15:08:20,659][flwr][INFO] - [ROUND 3]
[2024-07-29 15:08:20,659][flwr][INFO] - configure_fit: strategy sampled 2 clients (out of 2)
[2024-07-29 15:08:27,388][flwr][INFO] - aggregate_fit: received 2 results and 0 failures
[2024-07-29 15:08:27,451][flwr][INFO] - configure_evaluate: strategy sampled 2 clients (out of 2)
[2024-07-29 15:08:28,053][flwr][INFO] - aggregate_evaluate: received 2 results and 0 failures
[2024-07-29 15:08:28,053][flwr][INFO] - 
[2024-07-29 15:08:28,053][flwr][INFO] - [ROUND 4]
[2024-07-29 15:08:28,053][flwr][INFO] - configure_fit: strategy sampled 2 clients (out of 2)
[2024-07-29 15:08:34,869][flwr][INFO] - aggregate_fit: received 2 results and 0 failures
[2024-07-29 15:08:34,975][absl][WARNING] - You are saving your model as an HDF5 file via `model.save()` or `keras.saving.save_model(model)`. This file format is considered legacy. We recommend using instead the native Keras format, e.g. `model.save('my_model.keras')` or `keras.saving.save_model(model, 'my_model.keras')`. 
[2024-07-29 15:08:35,048][flwr][INFO] - configure_evaluate: strategy sampled 2 clients (out of 2)
[2024-07-29 15:08:35,697][flwr][INFO] - aggregate_evaluate: received 2 results and 0 failures
[2024-07-29 15:08:35,699][flwr][INFO] - 
[2024-07-29 15:08:35,699][flwr][INFO] - [SUMMARY]
[2024-07-29 15:08:35,699][flwr][INFO] - Run finished 4 round(s) in 32.68s
[2024-07-29 15:08:35,699][flwr][INFO] - 	History (loss, distributed):
[2024-07-29 15:08:35,699][flwr][INFO] - 		round 1: 0.4255351126194
[2024-07-29 15:08:35,699][flwr][INFO] - 		round 2: 0.3530004024505615
[2024-07-29 15:08:35,699][flwr][INFO] - 		round 3: 0.3122785985469818
[2024-07-29 15:08:35,699][flwr][INFO] - 		round 4: 0.2768636643886566
[2024-07-29 15:08:35,699][flwr][INFO] - 	History (metrics, distributed, evaluate):
[2024-07-29 15:08:35,699][flwr][INFO] - 	{'accuracy': [(1, 0.8222222328186035),
[2024-07-29 15:08:35,699][flwr][INFO] - 	              (2, 0.8666666746139526),
[2024-07-29 15:08:35,699][flwr][INFO] - 	              (3, 0.8888888955116272),
[2024-07-29 15:08:35,700][flwr][INFO] - 	              (4, 0.8888888955116272)],
[2024-07-29 15:08:35,700][flwr][INFO] - 	 'loss': [(1, 0.4255351126194),
[2024-07-29 15:08:35,700][flwr][INFO] - 	          (2, 0.3530004024505615),
[2024-07-29 15:08:35,700][flwr][INFO] - 	          (3, 0.3122785985469818),
[2024-07-29 15:08:35,700][flwr][INFO] - 	          (4, 0.2768636643886566)]}
[2024-07-29 15:08:35,700][flwr][INFO] - 
[2024-07-29 15:08:59,772][absl][WARNING] - Compiled the loaded model, but the compiled metrics have yet to be built. `model.compile_metrics` will be empty until you train or evaluate the model.
