[2024-07-29 12:25:13,922][flwr][INFO] - Starting Flower server, config: num_rounds=4, no round_timeout
[2024-07-29 12:25:13,962][flwr][INFO] - Flower ECE: gRPC server running (4 rounds), SSL is disabled
[2024-07-29 12:25:13,963][flwr][INFO] - [INIT]
[2024-07-29 12:25:13,963][flwr][INFO] - Using initial global parameters provided by strategy
[2024-07-29 12:25:13,963][flwr][INFO] - Evaluating initial global parameters
[2024-07-29 12:25:13,963][flwr][INFO] - 
[2024-07-29 12:25:13,963][flwr][INFO] - [ROUND 1]
[2024-07-29 12:25:14,642][flwr][INFO] - configure_fit: strategy sampled 2 clients (out of 2)
[2024-07-29 12:25:23,720][flwr][INFO] - aggregate_fit: received 2 results and 0 failures
[2024-07-29 12:25:23,768][flwr][WARNING] - No fit_metrics_aggregation_fn provided
[2024-07-29 12:25:23,770][flwr][INFO] - configure_evaluate: strategy sampled 2 clients (out of 2)
[2024-07-29 12:25:24,494][flwr][INFO] - aggregate_evaluate: received 2 results and 0 failures
[2024-07-29 12:25:24,495][flwr][INFO] - 
[2024-07-29 12:25:24,495][flwr][INFO] - [ROUND 2]
[2024-07-29 12:25:24,495][flwr][INFO] - configure_fit: strategy sampled 2 clients (out of 2)
[2024-07-29 12:25:31,378][flwr][INFO] - aggregate_fit: received 2 results and 0 failures
[2024-07-29 12:25:31,436][flwr][INFO] - configure_evaluate: strategy sampled 2 clients (out of 2)
[2024-07-29 12:25:32,062][flwr][INFO] - aggregate_evaluate: received 2 results and 0 failures
[2024-07-29 12:25:32,062][flwr][INFO] - 
[2024-07-29 12:25:32,062][flwr][INFO] - [ROUND 3]
[2024-07-29 12:25:32,062][flwr][INFO] - configure_fit: strategy sampled 2 clients (out of 2)
[2024-07-29 12:25:38,961][flwr][INFO] - aggregate_fit: received 2 results and 0 failures
[2024-07-29 12:25:39,028][flwr][INFO] - configure_evaluate: strategy sampled 2 clients (out of 2)
[2024-07-29 12:25:59,149][flwr][INFO] - aggregate_evaluate: received 0 results and 2 failures
[2024-07-29 12:25:59,149][flwr][INFO] - 
[2024-07-29 12:25:59,149][flwr][INFO] - [ROUND 4]
