[2024-08-10 12:40:54,605][flwr][INFO] - Starting Flower server, config: num_rounds=2, no round_timeout
[2024-08-10 12:40:54,633][flwr][INFO] - Flower ECE: gRPC server running (2 rounds), SSL is disabled
[2024-08-10 12:40:54,633][flwr][INFO] - [INIT]
[2024-08-10 12:40:54,633][flwr][INFO] - Using initial global parameters provided by strategy
[2024-08-10 12:40:54,633][flwr][INFO] - Evaluating initial global parameters
[2024-08-10 12:40:54,633][flwr][INFO] - 
[2024-08-10 12:40:54,633][flwr][INFO] - [ROUND 1]
[2024-08-10 12:41:08,646][flwr][INFO] - configure_fit: strategy sampled 2 clients (out of 2)
[2024-08-10 12:41:40,863][flwr][INFO] - aggregate_fit: received 2 results and 0 failures
[2024-08-10 12:41:40,874][flwr][WARNING] - No fit_metrics_aggregation_fn provided
[2024-08-10 12:41:40,875][flwr][INFO] - configure_evaluate: strategy sampled 2 clients (out of 2)
[2024-08-10 12:41:43,769][flwr][INFO] - aggregate_evaluate: received 2 results and 0 failures
[2024-08-10 12:41:43,769][flwr][INFO] - 
[2024-08-10 12:41:43,769][flwr][INFO] - [ROUND 2]
[2024-08-10 12:41:43,770][flwr][INFO] - configure_fit: strategy sampled 2 clients (out of 2)
[2024-08-10 12:42:15,149][flwr][INFO] - aggregate_fit: received 2 results and 0 failures
[2024-08-10 12:42:15,190][absl][WARNING] - You are saving your model as an HDF5 file via `model.save()` or `keras.saving.save_model(model)`. This file format is considered legacy. We recommend using instead the native Keras format, e.g. `model.save('my_model.keras')` or `keras.saving.save_model(model, 'my_model.keras')`. 
[2024-08-10 12:42:15,220][flwr][INFO] - configure_evaluate: strategy sampled 2 clients (out of 2)
[2024-08-10 12:42:18,213][flwr][INFO] - aggregate_evaluate: received 2 results and 0 failures
[2024-08-10 12:42:18,214][flwr][INFO] - 
[2024-08-10 12:42:18,214][flwr][INFO] - [SUMMARY]
[2024-08-10 12:42:18,214][flwr][INFO] - Run finished 2 round(s) in 83.58s
[2024-08-10 12:42:18,214][flwr][INFO] - 	History (loss, distributed):
[2024-08-10 12:42:18,214][flwr][INFO] - 		round 1: 0.3927236808382947
[2024-08-10 12:42:18,214][flwr][INFO] - 		round 2: 0.2524544402309086
[2024-08-10 12:42:18,214][flwr][INFO] - 	History (metrics, distributed, evaluate):
[2024-08-10 12:42:18,214][flwr][INFO] - 	{'accuracy': [(1, 0.8209287226200104), (2, 0.9137344360351562)],
[2024-08-10 12:42:18,214][flwr][INFO] - 	 'loss': [(1, 0.3780389428138733), (2, 0.24018894135951996)]}
[2024-08-10 12:42:18,214][flwr][INFO] - 
[2024-08-10 12:42:25,563][absl][WARNING] - Compiled the loaded model, but the compiled metrics have yet to be built. `model.compile_metrics` will be empty until you train or evaluate the model.
