[2024-08-05 11:48:58,914][flwr][INFO] - Starting Flower server, config: num_rounds=4, no round_timeout
[2024-08-05 11:48:58,953][flwr][INFO] - Flower ECE: gRPC server running (4 rounds), SSL is disabled
[2024-08-05 11:48:58,953][flwr][INFO] - [INIT]
[2024-08-05 11:48:58,953][flwr][INFO] - Using initial global parameters provided by strategy
[2024-08-05 11:48:58,953][flwr][INFO] - Evaluating initial global parameters
[2024-08-05 11:48:58,953][flwr][INFO] - 
[2024-08-05 11:48:58,954][flwr][INFO] - [ROUND 1]
[2024-08-05 11:50:15,944][flwr][INFO] - configure_fit: strategy sampled 4 clients (out of 4)
[2024-08-05 11:51:35,503][flwr][INFO] - aggregate_fit: received 4 results and 0 failures
[2024-08-05 11:51:35,527][flwr][WARNING] - No fit_metrics_aggregation_fn provided
[2024-08-05 11:51:35,529][flwr][INFO] - configure_evaluate: strategy sampled 5 clients (out of 5)
[2024-08-05 11:51:43,016][flwr][INFO] - aggregate_evaluate: received 5 results and 0 failures
[2024-08-05 11:51:43,017][flwr][INFO] - 
[2024-08-05 11:51:43,017][flwr][INFO] - [ROUND 2]
[2024-08-05 11:51:43,017][flwr][INFO] - configure_fit: strategy sampled 4 clients (out of 5)
[2024-08-05 11:52:55,160][flwr][INFO] - aggregate_fit: received 4 results and 0 failures
[2024-08-05 11:52:55,184][flwr][INFO] - configure_evaluate: strategy sampled 5 clients (out of 5)
[2024-08-05 11:53:02,848][flwr][INFO] - aggregate_evaluate: received 5 results and 0 failures
[2024-08-05 11:53:02,849][flwr][INFO] - 
[2024-08-05 11:53:02,849][flwr][INFO] - [ROUND 3]
[2024-08-05 11:53:02,849][flwr][INFO] - configure_fit: strategy sampled 4 clients (out of 5)
[2024-08-05 11:54:25,718][flwr][INFO] - aggregate_fit: received 4 results and 0 failures
[2024-08-05 11:54:25,755][flwr][INFO] - configure_evaluate: strategy sampled 5 clients (out of 5)
[2024-08-05 11:54:34,263][flwr][INFO] - aggregate_evaluate: received 5 results and 0 failures
[2024-08-05 11:54:34,264][flwr][INFO] - 
[2024-08-05 11:54:34,264][flwr][INFO] - [ROUND 4]
[2024-08-05 11:54:34,264][flwr][INFO] - configure_fit: strategy sampled 4 clients (out of 5)
[2024-08-05 11:55:56,161][flwr][INFO] - aggregate_fit: received 4 results and 0 failures
[2024-08-05 11:55:56,285][absl][WARNING] - You are saving your model as an HDF5 file via `model.save()` or `keras.saving.save_model(model)`. This file format is considered legacy. We recommend using instead the native Keras format, e.g. `model.save('my_model.keras')` or `keras.saving.save_model(model, 'my_model.keras')`. 
[2024-08-05 11:55:56,334][flwr][INFO] - configure_evaluate: strategy sampled 5 clients (out of 5)
[2024-08-05 11:56:03,848][flwr][INFO] - aggregate_evaluate: received 5 results and 0 failures
[2024-08-05 11:56:03,851][flwr][INFO] - 
[2024-08-05 11:56:03,851][flwr][INFO] - [SUMMARY]
[2024-08-05 11:56:03,851][flwr][INFO] - Run finished 4 round(s) in 424.90s
[2024-08-05 11:56:03,852][flwr][INFO] - 	History (loss, distributed):
[2024-08-05 11:56:03,852][flwr][INFO] - 		round 1: 0.3568139032884078
[2024-08-05 11:56:03,852][flwr][INFO] - 		round 2: 0.19609365205873142
[2024-08-05 11:56:03,852][flwr][INFO] - 		round 3: 0.0875882133164189
[2024-08-05 11:56:03,852][flwr][INFO] - 		round 4: 0.04297270866280252
[2024-08-05 11:56:03,852][flwr][INFO] - 	History (metrics, distributed, evaluate):
[2024-08-05 11:56:03,852][flwr][INFO] - 	{'accuracy': [(1, 0.8511653065681457),
[2024-08-05 11:56:03,852][flwr][INFO] - 	              (2, 0.9349136471748352),
[2024-08-05 11:56:03,852][flwr][INFO] - 	              (3, 0.9775713086128235),
[2024-08-05 11:56:03,852][flwr][INFO] - 	              (4, 0.9901677012443543)],
[2024-08-05 11:56:03,852][flwr][INFO] - 	 'loss': [(1, 0.34697924852371215),
[2024-08-05 11:56:03,852][flwr][INFO] - 	          (2, 0.1833706572651863),
[2024-08-05 11:56:03,852][flwr][INFO] - 	          (3, 0.08186695799231529),
[2024-08-05 11:56:03,852][flwr][INFO] - 	          (4, 0.03783134333789349)]}
[2024-08-05 11:56:03,852][flwr][INFO] - 
[2024-08-05 11:56:19,347][absl][WARNING] - Compiled the loaded model, but the compiled metrics have yet to be built. `model.compile_metrics` will be empty until you train or evaluate the model.
