[2024-07-27 15:53:23,018][flwr][INFO] - Starting Flower server, config: num_rounds=4, no round_timeout
[2024-07-27 15:53:23,040][flwr][INFO] - Flower ECE: gRPC server running (4 rounds), SSL is disabled
[2024-07-27 15:53:23,040][flwr][INFO] - [INIT]
[2024-07-27 15:53:23,040][flwr][INFO] - Using initial global parameters provided by strategy
[2024-07-27 15:53:23,040][flwr][INFO] - Evaluating initial global parameters
[2024-07-27 15:53:23,040][flwr][INFO] - 
[2024-07-27 15:53:23,040][flwr][INFO] - [ROUND 1]
[2024-07-27 15:53:26,316][flwr][INFO] - configure_fit: strategy sampled 2 clients (out of 2)
[2024-07-27 15:53:29,519][flwr][INFO] - aggregate_fit: received 2 results and 0 failures
[2024-07-27 15:53:29,535][flwr][WARNING] - No fit_metrics_aggregation_fn provided
[2024-07-27 15:53:29,536][flwr][INFO] - configure_evaluate: strategy sampled 2 clients (out of 2)
[2024-07-27 15:53:29,849][flwr][INFO] - aggregate_evaluate: received 2 results and 0 failures
[2024-07-27 15:53:29,849][flwr][INFO] - 
[2024-07-27 15:53:29,849][flwr][INFO] - [ROUND 2]
[2024-07-27 15:53:29,849][flwr][INFO] - configure_fit: strategy sampled 2 clients (out of 2)
[2024-07-27 15:53:32,478][flwr][INFO] - aggregate_fit: received 2 results and 0 failures
[2024-07-27 15:53:32,491][flwr][INFO] - configure_evaluate: strategy sampled 2 clients (out of 2)
[2024-07-27 15:53:32,754][flwr][INFO] - aggregate_evaluate: received 2 results and 0 failures
[2024-07-27 15:53:32,754][flwr][INFO] - 
[2024-07-27 15:53:32,754][flwr][INFO] - [ROUND 3]
[2024-07-27 15:53:32,754][flwr][INFO] - configure_fit: strategy sampled 2 clients (out of 2)
[2024-07-27 15:53:35,467][flwr][INFO] - aggregate_fit: received 2 results and 0 failures
[2024-07-27 15:53:35,477][flwr][INFO] - configure_evaluate: strategy sampled 2 clients (out of 2)
[2024-07-27 15:53:35,728][flwr][INFO] - aggregate_evaluate: received 2 results and 0 failures
[2024-07-27 15:53:35,728][flwr][INFO] - 
[2024-07-27 15:53:35,728][flwr][INFO] - [ROUND 4]
[2024-07-27 15:53:35,728][flwr][INFO] - configure_fit: strategy sampled 2 clients (out of 2)
[2024-07-27 15:53:38,343][flwr][INFO] - aggregate_fit: received 2 results and 0 failures
[2024-07-27 15:53:38,358][flwr][INFO] - configure_evaluate: strategy sampled 2 clients (out of 2)
[2024-07-27 15:53:38,633][flwr][INFO] - aggregate_evaluate: received 2 results and 0 failures
[2024-07-27 15:53:38,634][flwr][INFO] - 
[2024-07-27 15:53:38,634][flwr][INFO] - [SUMMARY]
[2024-07-27 15:53:38,634][flwr][INFO] - Run finished 4 round(s) in 15.59s
[2024-07-27 15:53:38,634][flwr][INFO] - 	History (loss, distributed):
[2024-07-27 15:53:38,634][flwr][INFO] - 		round 1: 0.3787878751754761
[2024-07-27 15:53:38,634][flwr][INFO] - 		round 2: 0.3154371976852417
[2024-07-27 15:53:38,634][flwr][INFO] - 		round 3: 0.3287065327167511
[2024-07-27 15:53:38,634][flwr][INFO] - 		round 4: 0.2988772392272949
[2024-07-27 15:53:38,634][flwr][INFO] - 	History (metrics, distributed, evaluate):
[2024-07-27 15:53:38,634][flwr][INFO] - 	{'accuracy': [(1, 0.8444444537162781),
[2024-07-27 15:53:38,634][flwr][INFO] - 	              (2, 0.8666666746139526),
[2024-07-27 15:53:38,634][flwr][INFO] - 	              (3, 0.8888888955116272),
[2024-07-27 15:53:38,634][flwr][INFO] - 	              (4, 0.8888888955116272)],
[2024-07-27 15:53:38,635][flwr][INFO] - 	 'loss': [(1, 0.3787878751754761),
[2024-07-27 15:53:38,635][flwr][INFO] - 	          (2, 0.3154371976852417),
[2024-07-27 15:53:38,635][flwr][INFO] - 	          (3, 0.3287065327167511),
[2024-07-27 15:53:38,635][flwr][INFO] - 	          (4, 0.2988772392272949)]}
[2024-07-27 15:53:38,635][flwr][INFO] - 
