[2024-08-12 19:45:18,308][flwr][INFO] - Starting Flower server, config: num_rounds=2, no round_timeout
[2024-08-12 19:45:18,331][flwr][INFO] - Flower ECE: gRPC server running (2 rounds), SSL is disabled
[2024-08-12 19:45:18,331][flwr][INFO] - [INIT]
[2024-08-12 19:45:18,331][flwr][INFO] - Using initial global parameters provided by strategy
[2024-08-12 19:45:18,332][flwr][INFO] - Evaluating initial global parameters
[2024-08-12 19:45:18,332][flwr][INFO] - 
[2024-08-12 19:45:18,332][flwr][INFO] - [ROUND 1]
[2024-08-12 19:45:24,073][flwr][INFO] - configure_fit: strategy sampled 2 clients (out of 2)
[2024-08-12 19:45:55,961][flwr][INFO] - aggregate_fit: received 2 results and 0 failures
[2024-08-12 19:45:55,971][flwr][INFO] - aggregate_fit: parameters are clipped by value: 1.0000.
[2024-08-12 19:45:55,981][flwr][INFO] - aggregate_fit: parameters are clipped by value: 1.0000.
[2024-08-12 19:45:55,992][flwr][WARNING] - No fit_metrics_aggregation_fn provided
[2024-08-12 19:45:56,044][flwr][INFO] - aggregate_fit: central DP noise with 0.2500 stdev added
[2024-08-12 19:45:56,045][flwr][INFO] - configure_evaluate: strategy sampled 2 clients (out of 2)
[2024-08-12 19:45:59,021][flwr][INFO] - aggregate_evaluate: received 2 results and 0 failures
[2024-08-12 19:45:59,021][flwr][INFO] - 
[2024-08-12 19:45:59,021][flwr][INFO] - [ROUND 2]
[2024-08-12 19:45:59,024][flwr][INFO] - configure_fit: strategy sampled 2 clients (out of 2)
[2024-08-12 19:46:30,267][flwr][INFO] - aggregate_fit: received 2 results and 0 failures
[2024-08-12 19:46:30,277][flwr][INFO] - aggregate_fit: parameters are clipped by value: 1.0000.
[2024-08-12 19:46:30,286][flwr][INFO] - aggregate_fit: parameters are clipped by value: 1.0000.
[2024-08-12 19:46:30,347][flwr][INFO] - aggregate_fit: central DP noise with 0.2500 stdev added
[2024-08-12 19:46:30,375][absl][WARNING] - You are saving your model as an HDF5 file via `model.save()` or `keras.saving.save_model(model)`. This file format is considered legacy. We recommend using instead the native Keras format, e.g. `model.save('my_model.keras')` or `keras.saving.save_model(model, 'my_model.keras')`. 
[2024-08-12 19:46:30,400][flwr][INFO] - configure_evaluate: strategy sampled 2 clients (out of 2)
[2024-08-12 19:46:33,787][flwr][INFO] - aggregate_evaluate: received 2 results and 0 failures
[2024-08-12 19:46:33,788][flwr][INFO] - 
[2024-08-12 19:46:33,788][flwr][INFO] - [SUMMARY]
[2024-08-12 19:46:33,788][flwr][INFO] - Run finished 2 round(s) in 75.45s
[2024-08-12 19:46:33,789][flwr][INFO] - 	History (loss, distributed):
[2024-08-12 19:46:33,789][flwr][INFO] - 		round 1: 73.37282661769702
[2024-08-12 19:46:33,789][flwr][INFO] - 		round 2: 759.0315817128057
[2024-08-12 19:46:33,789][flwr][INFO] - 	History (metrics, distributed, evaluate):
[2024-08-12 19:46:33,789][flwr][INFO] - 	{'accuracy': [(1, 0.5049320310354233), (2, 0.48657824099063873)],
[2024-08-12 19:46:33,789][flwr][INFO] - 	 'loss': [(1, 72.58691024780273), (2, 766.27490234375)]}
[2024-08-12 19:46:33,789][flwr][INFO] - 
[2024-08-12 19:46:41,517][absl][WARNING] - Compiled the loaded model, but the compiled metrics have yet to be built. `model.compile_metrics` will be empty until you train or evaluate the model.
