[2024-08-13 18:14:39,036][flwr][INFO] - Starting Flower server, config: num_rounds=5, no round_timeout
[2024-08-13 18:14:39,057][flwr][INFO] - Flower ECE: gRPC server running (5 rounds), SSL is disabled
[2024-08-13 18:14:39,058][flwr][INFO] - [INIT]
[2024-08-13 18:14:39,058][flwr][INFO] - Using initial global parameters provided by strategy
[2024-08-13 18:14:39,058][flwr][INFO] - Evaluating initial global parameters
[2024-08-13 18:14:39,058][flwr][INFO] - 
[2024-08-13 18:14:39,058][flwr][INFO] - [ROUND 1]
[2024-08-13 18:14:55,779][flwr][INFO] - configure_fit: strategy sampled 5 clients (out of 5)
[2024-08-13 18:16:44,736][flwr][INFO] - aggregate_fit: received 5 results and 0 failures
[2024-08-13 18:16:44,744][flwr][WARNING] - No fit_metrics_aggregation_fn provided
[2024-08-13 18:16:44,745][flwr][INFO] - configure_evaluate: strategy sampled 5 clients (out of 5)
[2024-08-13 18:16:53,479][flwr][INFO] - aggregate_evaluate: received 5 results and 0 failures
[2024-08-13 18:16:53,479][flwr][INFO] - 
[2024-08-13 18:16:53,479][flwr][INFO] - [ROUND 2]
[2024-08-13 18:16:53,480][flwr][INFO] - configure_fit: strategy sampled 5 clients (out of 5)
[2024-08-13 18:18:41,893][flwr][INFO] - aggregate_fit: received 5 results and 0 failures
[2024-08-13 18:18:41,909][flwr][INFO] - configure_evaluate: strategy sampled 5 clients (out of 5)
[2024-08-13 18:18:50,261][flwr][INFO] - aggregate_evaluate: received 5 results and 0 failures
[2024-08-13 18:18:50,261][flwr][INFO] - 
[2024-08-13 18:18:50,261][flwr][INFO] - [ROUND 3]
[2024-08-13 18:18:50,261][flwr][INFO] - configure_fit: strategy sampled 5 clients (out of 5)
[2024-08-13 18:20:33,584][flwr][INFO] - aggregate_fit: received 5 results and 0 failures
[2024-08-13 18:20:33,594][flwr][INFO] - configure_evaluate: strategy sampled 5 clients (out of 5)
[2024-08-13 18:20:41,633][flwr][INFO] - aggregate_evaluate: received 5 results and 0 failures
[2024-08-13 18:20:41,633][flwr][INFO] - 
[2024-08-13 18:20:41,633][flwr][INFO] - [ROUND 4]
[2024-08-13 18:20:41,633][flwr][INFO] - configure_fit: strategy sampled 5 clients (out of 5)
[2024-08-13 18:22:23,794][flwr][INFO] - aggregate_fit: received 5 results and 0 failures
[2024-08-13 18:22:23,803][flwr][INFO] - configure_evaluate: strategy sampled 5 clients (out of 5)
[2024-08-13 18:22:31,810][flwr][INFO] - aggregate_evaluate: received 5 results and 0 failures
[2024-08-13 18:22:31,810][flwr][INFO] - 
[2024-08-13 18:22:31,810][flwr][INFO] - [ROUND 5]
[2024-08-13 18:22:31,810][flwr][INFO] - configure_fit: strategy sampled 5 clients (out of 5)
[2024-08-13 18:24:20,355][flwr][INFO] - aggregate_fit: received 5 results and 0 failures
[2024-08-13 18:24:20,434][absl][WARNING] - You are saving your model as an HDF5 file via `model.save()` or `keras.saving.save_model(model)`. This file format is considered legacy. We recommend using instead the native Keras format, e.g. `model.save('my_model.keras')` or `keras.saving.save_model(model, 'my_model.keras')`. 
[2024-08-13 18:24:20,476][flwr][INFO] - configure_evaluate: strategy sampled 5 clients (out of 5)
[2024-08-13 18:24:29,014][flwr][INFO] - aggregate_evaluate: received 5 results and 0 failures
[2024-08-13 18:24:29,015][flwr][INFO] - 
[2024-08-13 18:24:29,015][flwr][INFO] - [SUMMARY]
[2024-08-13 18:24:29,016][flwr][INFO] - Run finished 5 round(s) in 589.95s
[2024-08-13 18:24:29,016][flwr][INFO] - 	History (loss, distributed):
[2024-08-13 18:24:29,016][flwr][INFO] - 		round 1: 0.4898102732805105
[2024-08-13 18:24:29,016][flwr][INFO] - 		round 2: 0.35075269112220175
[2024-08-13 18:24:29,016][flwr][INFO] - 		round 3: 0.260041769192769
[2024-08-13 18:24:29,016][flwr][INFO] - 		round 4: 0.1983340086845251
[2024-08-13 18:24:29,016][flwr][INFO] - 		round 5: 0.1538467810704158
[2024-08-13 18:24:29,016][flwr][INFO] - 	History (metrics, distributed, evaluate):
[2024-08-13 18:24:29,016][flwr][INFO] - 	{'accuracy': [(1, 0.760801637172699),
[2024-08-13 18:24:29,016][flwr][INFO] - 	              (2, 0.8549987077713013),
[2024-08-13 18:24:29,016][flwr][INFO] - 	              (3, 0.8961755514144898),
[2024-08-13 18:24:29,017][flwr][INFO] - 	              (4, 0.9201525568962097),
[2024-08-13 18:24:29,017][flwr][INFO] - 	              (5, 0.9452728986740112)],
[2024-08-13 18:24:29,017][flwr][INFO] - 	 'loss': [(1, 0.4860824465751648),
[2024-08-13 18:24:29,017][flwr][INFO] - 	          (2, 0.3466636180877686),
[2024-08-13 18:24:29,017][flwr][INFO] - 	          (3, 0.25649874806404116),
[2024-08-13 18:24:29,017][flwr][INFO] - 	          (4, 0.19418674409389497),
[2024-08-13 18:24:29,017][flwr][INFO] - 	          (5, 0.1517045021057129)]}
[2024-08-13 18:24:29,017][flwr][INFO] - 
[2024-08-13 18:25:05,352][absl][WARNING] - Compiled the loaded model, but the compiled metrics have yet to be built. `model.compile_metrics` will be empty until you train or evaluate the model.
