[2024-07-23 12:18:02,188][flwr][INFO] - Starting Flower simulation, config: num_rounds=10, no round_timeout
[2024-07-23 12:18:05,869][flwr][INFO] - Flower VCE: Ray initialized with resources: {'node:__internal_head__': 1.0, 'object_store_memory': 1688626790.0, 'node:127.0.0.1': 1.0, 'CPU': 8.0, 'memory': 3377253582.0}
[2024-07-23 12:18:05,869][flwr][INFO] - Optimize your simulation with Flower VCE: https://flower.ai/docs/framework/how-to-run-simulations.html
[2024-07-23 12:18:05,869][flwr][INFO] - Flower VCE: Resources for each Virtual Client: {'num_cpus': 2, 'num_gpus': 0.0}
[2024-07-23 12:18:05,883][flwr][INFO] - Flower VCE: Creating VirtualClientEngineActorPool with 4 actors
[2024-07-23 12:18:05,883][flwr][INFO] - [INIT]
[2024-07-23 12:18:05,883][flwr][INFO] - Requesting initial parameters from one random client
[2024-07-23 12:18:07,776][flwr][INFO] - Received initial parameters from one random client
[2024-07-23 12:18:07,776][flwr][INFO] - Evaluating initial global parameters
[2024-07-23 12:18:08,529][flwr][INFO] - initial parameters (loss, other metrics): 182.03144192695618, {'accuracy': 0.1013}
[2024-07-23 12:18:08,529][flwr][INFO] - 
[2024-07-23 12:18:08,529][flwr][INFO] - [ROUND 1]
[2024-07-23 12:18:08,530][flwr][INFO] - configure_fit: strategy sampled 10 clients (out of 100)
[2024-07-23 12:18:19,546][flwr][INFO] - aggregate_fit: received 10 results and 0 failures
[2024-07-23 12:18:19,550][flwr][WARNING] - No fit_metrics_aggregation_fn provided
[2024-07-23 12:18:20,241][flwr][INFO] - fit progress: (1, 179.5448293685913, {'accuracy': 0.2075}, 11.712109542000002)
[2024-07-23 12:18:20,242][flwr][INFO] - configure_evaluate: no clients selected, skipping evaluation
[2024-07-23 12:18:20,242][flwr][INFO] - 
[2024-07-23 12:18:20,242][flwr][INFO] - [ROUND 2]
[2024-07-23 12:18:20,242][flwr][INFO] - configure_fit: strategy sampled 10 clients (out of 100)
[2024-07-23 12:18:29,309][flwr][INFO] - aggregate_fit: received 10 results and 0 failures
[2024-07-23 12:18:30,009][flwr][INFO] - fit progress: (2, 167.5153784751892, {'accuracy': 0.4225}, 21.479951667)
[2024-07-23 12:18:30,010][flwr][INFO] - configure_evaluate: no clients selected, skipping evaluation
[2024-07-23 12:18:30,010][flwr][INFO] - 
[2024-07-23 12:18:30,010][flwr][INFO] - [ROUND 3]
[2024-07-23 12:18:30,011][flwr][INFO] - configure_fit: strategy sampled 10 clients (out of 100)
[2024-07-23 12:18:39,429][flwr][INFO] - aggregate_fit: received 10 results and 0 failures
[2024-07-23 12:18:40,136][flwr][INFO] - fit progress: (3, 69.9722293317318, {'accuracy': 0.7463}, 31.606434625000006)
[2024-07-23 12:18:40,136][flwr][INFO] - configure_evaluate: no clients selected, skipping evaluation
[2024-07-23 12:18:40,136][flwr][INFO] - 
[2024-07-23 12:18:40,136][flwr][INFO] - [ROUND 4]
[2024-07-23 12:18:40,136][flwr][INFO] - configure_fit: strategy sampled 10 clients (out of 100)
[2024-07-23 12:18:49,029][flwr][INFO] - aggregate_fit: received 10 results and 0 failures
[2024-07-23 12:18:49,716][flwr][INFO] - fit progress: (4, 45.034986704587936, {'accuracy': 0.8283}, 41.186590209)
[2024-07-23 12:18:49,716][flwr][INFO] - configure_evaluate: no clients selected, skipping evaluation
[2024-07-23 12:18:49,717][flwr][INFO] - 
[2024-07-23 12:18:49,717][flwr][INFO] - [ROUND 5]
[2024-07-23 12:18:49,717][flwr][INFO] - configure_fit: strategy sampled 10 clients (out of 100)
[2024-07-23 12:18:58,528][flwr][INFO] - aggregate_fit: received 10 results and 0 failures
[2024-07-23 12:18:59,343][flwr][INFO] - fit progress: (5, 40.53344714641571, {'accuracy': 0.8522}, 50.813336375000006)
[2024-07-23 12:18:59,343][flwr][INFO] - configure_evaluate: no clients selected, skipping evaluation
[2024-07-23 12:18:59,343][flwr][INFO] - 
[2024-07-23 12:18:59,343][flwr][INFO] - [ROUND 6]
[2024-07-23 12:18:59,344][flwr][INFO] - configure_fit: strategy sampled 10 clients (out of 100)
[2024-07-23 12:19:09,738][flwr][INFO] - aggregate_fit: received 10 results and 0 failures
[2024-07-23 12:19:10,444][flwr][INFO] - fit progress: (6, 36.7675775885582, {'accuracy': 0.8767}, 61.914614750000005)
[2024-07-23 12:19:10,444][flwr][INFO] - configure_evaluate: no clients selected, skipping evaluation
[2024-07-23 12:19:10,444][flwr][INFO] - 
[2024-07-23 12:19:10,444][flwr][INFO] - [ROUND 7]
[2024-07-23 12:19:10,445][flwr][INFO] - configure_fit: strategy sampled 10 clients (out of 100)
[2024-07-23 12:19:21,706][flwr][INFO] - aggregate_fit: received 10 results and 0 failures
[2024-07-23 12:19:22,417][flwr][INFO] - fit progress: (7, 25.782276272773743, {'accuracy': 0.9009}, 73.88729529199999)
[2024-07-23 12:19:22,417][flwr][INFO] - configure_evaluate: no clients selected, skipping evaluation
[2024-07-23 12:19:22,417][flwr][INFO] - 
[2024-07-23 12:19:22,417][flwr][INFO] - [ROUND 8]
[2024-07-23 12:19:22,417][flwr][INFO] - configure_fit: strategy sampled 10 clients (out of 100)
[2024-07-23 12:19:33,192][flwr][INFO] - aggregate_fit: received 10 results and 0 failures
[2024-07-23 12:19:33,888][flwr][INFO] - fit progress: (8, 21.410142976790667, {'accuracy': 0.9206}, 85.358499084)
[2024-07-23 12:19:33,888][flwr][INFO] - configure_evaluate: no clients selected, skipping evaluation
[2024-07-23 12:19:33,888][flwr][INFO] - 
[2024-07-23 12:19:33,888][flwr][INFO] - [ROUND 9]
[2024-07-23 12:19:33,889][flwr][INFO] - configure_fit: strategy sampled 10 clients (out of 100)
[2024-07-23 12:19:44,122][flwr][INFO] - aggregate_fit: received 10 results and 0 failures
[2024-07-23 12:19:44,903][flwr][INFO] - fit progress: (9, 17.804286191239953, {'accuracy': 0.9296}, 96.373529959)
[2024-07-23 12:19:44,903][flwr][INFO] - configure_evaluate: no clients selected, skipping evaluation
[2024-07-23 12:19:44,903][flwr][INFO] - 
[2024-07-23 12:19:44,904][flwr][INFO] - [ROUND 10]
[2024-07-23 12:19:44,904][flwr][INFO] - configure_fit: strategy sampled 10 clients (out of 100)
[2024-07-23 12:19:55,561][flwr][INFO] - aggregate_fit: received 10 results and 0 failures
[2024-07-23 12:19:56,338][flwr][INFO] - fit progress: (10, 16.055485766381025, {'accuracy': 0.9395}, 107.807736042)
[2024-07-23 12:19:56,338][flwr][INFO] - configure_evaluate: no clients selected, skipping evaluation
[2024-07-23 12:19:56,338][flwr][INFO] - 
[2024-07-23 12:19:56,338][flwr][INFO] - [SUMMARY]
[2024-07-23 12:19:56,338][flwr][INFO] - Run finished 10 round(s) in 107.81s
[2024-07-23 12:19:56,339][flwr][INFO] - 	History (loss, centralized):
[2024-07-23 12:19:56,339][flwr][INFO] - 		round 0: 182.03144192695618
[2024-07-23 12:19:56,339][flwr][INFO] - 		round 1: 179.5448293685913
[2024-07-23 12:19:56,339][flwr][INFO] - 		round 2: 167.5153784751892
[2024-07-23 12:19:56,339][flwr][INFO] - 		round 3: 69.9722293317318
[2024-07-23 12:19:56,339][flwr][INFO] - 		round 4: 45.034986704587936
[2024-07-23 12:19:56,339][flwr][INFO] - 		round 5: 40.53344714641571
[2024-07-23 12:19:56,339][flwr][INFO] - 		round 6: 36.7675775885582
[2024-07-23 12:19:56,339][flwr][INFO] - 		round 7: 25.782276272773743
[2024-07-23 12:19:56,339][flwr][INFO] - 		round 8: 21.410142976790667
[2024-07-23 12:19:56,339][flwr][INFO] - 		round 9: 17.804286191239953
[2024-07-23 12:19:56,339][flwr][INFO] - 		round 10: 16.055485766381025
[2024-07-23 12:19:56,339][flwr][INFO] - 	History (metrics, centralized):
[2024-07-23 12:19:56,339][flwr][INFO] - 	{'accuracy': [(0, 0.1013),
[2024-07-23 12:19:56,339][flwr][INFO] - 	              (1, 0.2075),
[2024-07-23 12:19:56,339][flwr][INFO] - 	              (2, 0.4225),
[2024-07-23 12:19:56,339][flwr][INFO] - 	              (3, 0.7463),
[2024-07-23 12:19:56,339][flwr][INFO] - 	              (4, 0.8283),
[2024-07-23 12:19:56,339][flwr][INFO] - 	              (5, 0.8522),
[2024-07-23 12:19:56,339][flwr][INFO] - 	              (6, 0.8767),
[2024-07-23 12:19:56,339][flwr][INFO] - 	              (7, 0.9009),
[2024-07-23 12:19:56,339][flwr][INFO] - 	              (8, 0.9206),
[2024-07-23 12:19:56,339][flwr][INFO] - 	              (9, 0.9296),
[2024-07-23 12:19:56,339][flwr][INFO] - 	              (10, 0.9395)]}
[2024-07-23 12:19:56,339][flwr][INFO] - 
