[2024-07-30 10:58:34,564][flwr][INFO] - Starting Flower server, config: num_rounds=4, no round_timeout
[2024-07-30 10:58:34,590][flwr][INFO] - Flower ECE: gRPC server running (4 rounds), SSL is disabled
[2024-07-30 10:58:34,591][flwr][INFO] - [INIT]
[2024-07-30 10:58:34,591][flwr][INFO] - Using initial global parameters provided by strategy
[2024-07-30 10:58:34,591][flwr][INFO] - Evaluating initial global parameters
[2024-07-30 10:58:34,591][flwr][INFO] - 
[2024-07-30 10:58:34,591][flwr][INFO] - [ROUND 1]
[2024-07-30 10:58:38,317][flwr][INFO] - configure_fit: strategy sampled 2 clients (out of 2)
[2024-07-30 10:58:46,573][flwr][INFO] - aggregate_fit: received 2 results and 0 failures
[2024-07-30 10:58:46,638][flwr][WARNING] - No fit_metrics_aggregation_fn provided
[2024-07-30 10:58:46,641][flwr][INFO] - configure_evaluate: strategy sampled 2 clients (out of 2)
[2024-07-30 10:58:47,349][flwr][INFO] - aggregate_evaluate: received 2 results and 0 failures
[2024-07-30 10:58:47,349][flwr][INFO] - 
[2024-07-30 10:58:47,349][flwr][INFO] - [ROUND 2]
[2024-07-30 10:58:47,349][flwr][INFO] - configure_fit: strategy sampled 2 clients (out of 2)
[2024-07-30 10:58:56,602][flwr][INFO] - aggregate_fit: received 2 results and 0 failures
[2024-07-30 10:58:56,676][flwr][INFO] - configure_evaluate: strategy sampled 2 clients (out of 2)
[2024-07-30 10:58:57,659][flwr][INFO] - aggregate_evaluate: received 2 results and 0 failures
[2024-07-30 10:58:57,659][flwr][INFO] - 
[2024-07-30 10:58:57,659][flwr][INFO] - [ROUND 3]
[2024-07-30 10:58:57,659][flwr][INFO] - configure_fit: strategy sampled 2 clients (out of 2)
[2024-07-30 10:59:07,578][flwr][INFO] - aggregate_fit: received 2 results and 0 failures
[2024-07-30 10:59:07,651][flwr][INFO] - configure_evaluate: strategy sampled 2 clients (out of 2)
[2024-07-30 10:59:08,397][flwr][INFO] - aggregate_evaluate: received 2 results and 0 failures
[2024-07-30 10:59:08,398][flwr][INFO] - 
[2024-07-30 10:59:08,398][flwr][INFO] - [ROUND 4]
[2024-07-30 10:59:08,398][flwr][INFO] - configure_fit: strategy sampled 2 clients (out of 2)
[2024-07-30 10:59:16,300][flwr][INFO] - aggregate_fit: received 2 results and 0 failures
[2024-07-30 10:59:16,440][absl][WARNING] - You are saving your model as an HDF5 file via `model.save()` or `keras.saving.save_model(model)`. This file format is considered legacy. We recommend using instead the native Keras format, e.g. `model.save('my_model.keras')` or `keras.saving.save_model(model, 'my_model.keras')`. 
[2024-07-30 10:59:16,544][flwr][INFO] - configure_evaluate: strategy sampled 2 clients (out of 2)
[2024-07-30 10:59:17,065][flwr][INFO] - aggregate_evaluate: received 1 results and 1 failures
[2024-07-30 10:59:17,068][flwr][INFO] - 
[2024-07-30 10:59:17,068][flwr][INFO] - [SUMMARY]
[2024-07-30 10:59:17,068][flwr][INFO] - Run finished 4 round(s) in 42.47s
[2024-07-30 10:59:17,068][flwr][INFO] - 	History (loss, distributed):
[2024-07-30 10:59:17,068][flwr][INFO] - 		round 1: 0.410241961479187
[2024-07-30 10:59:17,068][flwr][INFO] - 		round 2: 0.36569735407829285
[2024-07-30 10:59:17,068][flwr][INFO] - 		round 3: 0.3465077579021454
[2024-07-30 10:59:17,069][flwr][INFO] - 		round 4: 0.23779411613941193
[2024-07-30 10:59:17,069][flwr][INFO] - 	History (metrics, distributed, evaluate):
[2024-07-30 10:59:17,069][flwr][INFO] - 	{'accuracy': [(1, 0.8444444537162781),
[2024-07-30 10:59:17,069][flwr][INFO] - 	              (2, 0.8666666746139526),
[2024-07-30 10:59:17,069][flwr][INFO] - 	              (3, 0.8888888955116272),
[2024-07-30 10:59:17,069][flwr][INFO] - 	              (4, 0.9111111164093018)],
[2024-07-30 10:59:17,069][flwr][INFO] - 	 'loss': [(1, 0.410241961479187),
[2024-07-30 10:59:17,069][flwr][INFO] - 	          (2, 0.36569735407829285),
[2024-07-30 10:59:17,069][flwr][INFO] - 	          (3, 0.3465077579021454),
[2024-07-30 10:59:17,069][flwr][INFO] - 	          (4, 0.23779411613941193)]}
[2024-07-30 10:59:17,069][flwr][INFO] - 
