[2024-07-27 16:12:48,277][flwr][INFO] - Starting Flower server, config: num_rounds=4, no round_timeout
[2024-07-27 16:12:48,300][flwr][INFO] - Flower ECE: gRPC server running (4 rounds), SSL is disabled
[2024-07-27 16:12:48,300][flwr][INFO] - [INIT]
[2024-07-27 16:12:48,300][flwr][INFO] - Using initial global parameters provided by strategy
[2024-07-27 16:12:48,300][flwr][INFO] - Evaluating initial global parameters
[2024-07-27 16:12:48,300][flwr][INFO] - 
[2024-07-27 16:12:48,300][flwr][INFO] - [ROUND 1]
[2024-07-27 16:12:51,379][flwr][INFO] - configure_fit: strategy sampled 2 clients (out of 2)
[2024-07-27 16:12:54,673][flwr][INFO] - aggregate_fit: received 2 results and 0 failures
[2024-07-27 16:12:54,684][flwr][WARNING] - No fit_metrics_aggregation_fn provided
[2024-07-27 16:12:54,684][flwr][INFO] - configure_evaluate: strategy sampled 2 clients (out of 2)
[2024-07-27 16:12:54,996][flwr][INFO] - aggregate_evaluate: received 2 results and 0 failures
[2024-07-27 16:12:54,996][flwr][INFO] - 
[2024-07-27 16:12:54,996][flwr][INFO] - [ROUND 2]
[2024-07-27 16:12:54,997][flwr][INFO] - configure_fit: strategy sampled 2 clients (out of 2)
[2024-07-27 16:12:57,589][flwr][INFO] - aggregate_fit: received 2 results and 0 failures
[2024-07-27 16:12:57,601][flwr][INFO] - configure_evaluate: strategy sampled 2 clients (out of 2)
[2024-07-27 16:12:57,857][flwr][INFO] - aggregate_evaluate: received 2 results and 0 failures
[2024-07-27 16:12:57,857][flwr][INFO] - 
[2024-07-27 16:12:57,857][flwr][INFO] - [ROUND 3]
[2024-07-27 16:12:57,857][flwr][INFO] - configure_fit: strategy sampled 2 clients (out of 2)
[2024-07-27 16:13:00,437][flwr][INFO] - aggregate_fit: received 2 results and 0 failures
[2024-07-27 16:13:00,448][flwr][INFO] - configure_evaluate: strategy sampled 2 clients (out of 2)
[2024-07-27 16:13:00,709][flwr][INFO] - aggregate_evaluate: received 2 results and 0 failures
[2024-07-27 16:13:00,709][flwr][INFO] - 
[2024-07-27 16:13:00,709][flwr][INFO] - [ROUND 4]
[2024-07-27 16:13:00,709][flwr][INFO] - configure_fit: strategy sampled 2 clients (out of 2)
[2024-07-27 16:13:03,337][flwr][INFO] - aggregate_fit: received 2 results and 0 failures
[2024-07-27 16:13:03,348][flwr][INFO] - configure_evaluate: strategy sampled 2 clients (out of 2)
[2024-07-27 16:13:03,630][flwr][INFO] - aggregate_evaluate: received 2 results and 0 failures
[2024-07-27 16:13:03,631][flwr][INFO] - 
[2024-07-27 16:13:03,631][flwr][INFO] - [SUMMARY]
[2024-07-27 16:13:03,631][flwr][INFO] - Run finished 4 round(s) in 15.33s
[2024-07-27 16:13:03,632][flwr][INFO] - 	History (loss, distributed):
[2024-07-27 16:13:03,632][flwr][INFO] - 		round 1: 0.3803809583187103
[2024-07-27 16:13:03,632][flwr][INFO] - 		round 2: 0.32755371928215027
[2024-07-27 16:13:03,632][flwr][INFO] - 		round 3: 0.2965649366378784
[2024-07-27 16:13:03,632][flwr][INFO] - 		round 4: 0.2682593762874603
[2024-07-27 16:13:03,632][flwr][INFO] - 	History (metrics, distributed, evaluate):
[2024-07-27 16:13:03,632][flwr][INFO] - 	{'accuracy': [(1, 0.8222222328186035),
[2024-07-27 16:13:03,632][flwr][INFO] - 	              (2, 0.8666666746139526),
[2024-07-27 16:13:03,632][flwr][INFO] - 	              (3, 0.9111111164093018),
[2024-07-27 16:13:03,632][flwr][INFO] - 	              (4, 0.9555555582046509)],
[2024-07-27 16:13:03,632][flwr][INFO] - 	 'loss': [(1, 0.3803809583187103),
[2024-07-27 16:13:03,632][flwr][INFO] - 	          (2, 0.32755371928215027),
[2024-07-27 16:13:03,632][flwr][INFO] - 	          (3, 0.2965649366378784),
[2024-07-27 16:13:03,632][flwr][INFO] - 	          (4, 0.2682593762874603)]}
[2024-07-27 16:13:03,632][flwr][INFO] - 
