[2024-08-10 17:46:58,394][flwr][INFO] - Starting Flower server, config: num_rounds=2, no round_timeout
[2024-08-10 17:46:58,410][flwr][INFO] - Flower ECE: gRPC server running (2 rounds), SSL is disabled
[2024-08-10 17:46:58,411][flwr][INFO] - [INIT]
[2024-08-10 17:46:58,411][flwr][INFO] - Using initial global parameters provided by strategy
[2024-08-10 17:46:58,411][flwr][INFO] - Evaluating initial global parameters
[2024-08-10 17:46:58,411][flwr][INFO] - 
[2024-08-10 17:46:58,411][flwr][INFO] - [ROUND 1]
[2024-08-10 17:47:19,478][flwr][INFO] - configure_fit: strategy sampled 2 clients (out of 2)
[2024-08-10 17:47:55,229][flwr][INFO] - aggregate_fit: received 2 results and 0 failures
[2024-08-10 17:47:55,241][flwr][WARNING] - No fit_metrics_aggregation_fn provided
[2024-08-10 17:47:55,242][flwr][INFO] - configure_evaluate: strategy sampled 2 clients (out of 2)
[2024-08-10 17:47:58,281][flwr][INFO] - aggregate_evaluate: received 2 results and 0 failures
[2024-08-10 17:47:58,281][flwr][INFO] - 
[2024-08-10 17:47:58,281][flwr][INFO] - [ROUND 2]
[2024-08-10 17:47:58,281][flwr][INFO] - configure_fit: strategy sampled 2 clients (out of 2)
[2024-08-10 17:48:31,307][flwr][INFO] - aggregate_fit: received 2 results and 0 failures
[2024-08-10 17:48:31,347][absl][WARNING] - You are saving your model as an HDF5 file via `model.save()` or `keras.saving.save_model(model)`. This file format is considered legacy. We recommend using instead the native Keras format, e.g. `model.save('my_model.keras')` or `keras.saving.save_model(model, 'my_model.keras')`. 
[2024-08-10 17:48:31,381][flwr][INFO] - configure_evaluate: strategy sampled 2 clients (out of 2)
[2024-08-10 17:48:34,304][flwr][INFO] - aggregate_evaluate: received 2 results and 0 failures
[2024-08-10 17:48:34,305][flwr][INFO] - 
[2024-08-10 17:48:34,305][flwr][INFO] - [SUMMARY]
[2024-08-10 17:48:34,305][flwr][INFO] - Run finished 2 round(s) in 95.90s
[2024-08-10 17:48:34,305][flwr][INFO] - 	History (loss, distributed):
[2024-08-10 17:48:34,305][flwr][INFO] - 		round 1: 0.5030219723349032
[2024-08-10 17:48:34,305][flwr][INFO] - 		round 2: 0.26514860274999036
[2024-08-10 17:48:34,305][flwr][INFO] - 	History (metrics, distributed, evaluate):
[2024-08-10 17:48:34,305][flwr][INFO] - 	{'accuracy': [(1, 0.7258888185024261), (2, 0.9030104577541351)],
[2024-08-10 17:48:34,305][flwr][INFO] - 	 'loss': [(1, 0.485924169421196), (2, 0.2510366216301918)]}
[2024-08-10 17:48:34,305][flwr][INFO] - 
[2024-08-10 17:48:37,553][absl][WARNING] - Compiled the loaded model, but the compiled metrics have yet to be built. `model.compile_metrics` will be empty until you train or evaluate the model.
