[2024-07-26 15:06:23,388][flwr][INFO] - Starting Flower server, config: num_rounds=2, no round_timeout
[2024-07-26 15:06:23,409][flwr][INFO] - Flower ECE: gRPC server running (2 rounds), SSL is disabled
[2024-07-26 15:06:23,409][flwr][INFO] - [INIT]
[2024-07-26 15:06:23,409][flwr][INFO] - Using initial global parameters provided by strategy
[2024-07-26 15:06:23,409][flwr][INFO] - Evaluating initial global parameters
[2024-07-26 15:06:23,409][flwr][INFO] - 
[2024-07-26 15:06:23,409][flwr][INFO] - [ROUND 1]
[2024-07-26 15:06:26,982][flwr][INFO] - configure_fit: strategy sampled 2 clients (out of 2)
[2024-07-26 15:06:44,617][flwr][INFO] - aggregate_fit: received 2 results and 0 failures
[2024-07-26 15:06:44,677][flwr][WARNING] - No fit_metrics_aggregation_fn provided
[2024-07-26 15:06:44,680][flwr][INFO] - configure_evaluate: strategy sampled 2 clients (out of 2)
[2024-07-26 15:06:45,603][flwr][INFO] - aggregate_evaluate: received 2 results and 0 failures
[2024-07-26 15:06:45,603][flwr][INFO] - 
[2024-07-26 15:06:45,603][flwr][INFO] - [ROUND 2]
[2024-07-26 15:06:45,603][flwr][INFO] - configure_fit: strategy sampled 2 clients (out of 2)
[2024-07-26 15:07:02,557][flwr][INFO] - aggregate_fit: received 2 results and 0 failures
[2024-07-26 15:07:02,622][flwr][INFO] - configure_evaluate: strategy sampled 2 clients (out of 2)
[2024-07-26 15:07:03,519][flwr][INFO] - aggregate_evaluate: received 2 results and 0 failures
[2024-07-26 15:07:03,521][flwr][INFO] - 
[2024-07-26 15:07:03,521][flwr][INFO] - [SUMMARY]
[2024-07-26 15:07:03,522][flwr][INFO] - Run finished 2 round(s) in 40.11s
[2024-07-26 15:07:03,522][flwr][INFO] - 	History (loss, distributed):
[2024-07-26 15:07:03,522][flwr][INFO] - 		round 1: 0.5753014087677002
[2024-07-26 15:07:03,522][flwr][INFO] - 		round 2: 0.4787302315235138
[2024-07-26 15:07:03,522][flwr][INFO] - 	History (metrics, distributed, evaluate):
[2024-07-26 15:07:03,522][flwr][INFO] - 	{'accuracy': [(1, 0.7400000095367432), (2, 0.7799999713897705)],
[2024-07-26 15:07:03,522][flwr][INFO] - 	 'loss': [(1, 0.5753014087677002), (2, 0.4787302315235138)]}
[2024-07-26 15:07:03,522][flwr][INFO] - 
