[2024-08-10 13:17:19,743][flwr][INFO] - Starting Flower server, config: num_rounds=5, no round_timeout
[2024-08-10 13:17:19,778][flwr][INFO] - Flower ECE: gRPC server running (5 rounds), SSL is disabled
[2024-08-10 13:17:19,778][flwr][INFO] - [INIT]
[2024-08-10 13:17:19,782][flwr][INFO] - Using initial global parameters provided by strategy
[2024-08-10 13:17:19,782][flwr][INFO] - Evaluating initial global parameters
[2024-08-10 13:17:19,782][flwr][INFO] - 
[2024-08-10 13:17:19,782][flwr][INFO] - [ROUND 1]
[2024-08-10 13:17:21,945][flwr][INFO] - configure_fit: strategy sampled 2 clients (out of 2)
[2024-08-10 13:17:52,913][flwr][INFO] - aggregate_fit: received 2 results and 0 failures
[2024-08-10 13:17:52,926][flwr][WARNING] - No fit_metrics_aggregation_fn provided
[2024-08-10 13:17:52,927][flwr][INFO] - configure_evaluate: strategy sampled 2 clients (out of 2)
[2024-08-10 13:17:55,804][flwr][INFO] - aggregate_evaluate: received 2 results and 0 failures
[2024-08-10 13:17:55,804][flwr][INFO] - 
[2024-08-10 13:17:55,804][flwr][INFO] - [ROUND 2]
[2024-08-10 13:17:55,804][flwr][INFO] - configure_fit: strategy sampled 2 clients (out of 2)
[2024-08-10 13:18:27,243][flwr][INFO] - aggregate_fit: received 2 results and 0 failures
[2024-08-10 13:18:27,256][flwr][INFO] - configure_evaluate: strategy sampled 2 clients (out of 2)
[2024-08-10 13:18:30,218][flwr][INFO] - aggregate_evaluate: received 2 results and 0 failures
[2024-08-10 13:18:30,218][flwr][INFO] - 
[2024-08-10 13:18:30,218][flwr][INFO] - [ROUND 3]
[2024-08-10 13:18:30,218][flwr][INFO] - configure_fit: strategy sampled 2 clients (out of 2)
[2024-08-10 13:19:01,267][flwr][INFO] - aggregate_fit: received 2 results and 0 failures
[2024-08-10 13:19:01,281][flwr][INFO] - configure_evaluate: strategy sampled 2 clients (out of 2)
[2024-08-10 13:19:04,282][flwr][INFO] - aggregate_evaluate: received 2 results and 0 failures
[2024-08-10 13:19:04,283][flwr][INFO] - 
[2024-08-10 13:19:04,283][flwr][INFO] - [ROUND 4]
[2024-08-10 13:19:04,283][flwr][INFO] - configure_fit: strategy sampled 2 clients (out of 2)
[2024-08-10 13:19:35,072][flwr][INFO] - aggregate_fit: received 2 results and 0 failures
[2024-08-10 13:19:35,084][flwr][INFO] - configure_evaluate: strategy sampled 2 clients (out of 2)
[2024-08-10 13:19:38,028][flwr][INFO] - aggregate_evaluate: received 2 results and 0 failures
[2024-08-10 13:19:38,028][flwr][INFO] - 
[2024-08-10 13:19:38,028][flwr][INFO] - [ROUND 5]
[2024-08-10 13:19:38,028][flwr][INFO] - configure_fit: strategy sampled 2 clients (out of 2)
[2024-08-10 13:20:08,419][flwr][INFO] - aggregate_fit: received 2 results and 0 failures
[2024-08-10 13:20:08,460][absl][WARNING] - You are saving your model as an HDF5 file via `model.save()` or `keras.saving.save_model(model)`. This file format is considered legacy. We recommend using instead the native Keras format, e.g. `model.save('my_model.keras')` or `keras.saving.save_model(model, 'my_model.keras')`. 
[2024-08-10 13:20:08,488][flwr][INFO] - configure_evaluate: strategy sampled 2 clients (out of 2)
[2024-08-10 13:20:11,424][flwr][INFO] - aggregate_evaluate: received 2 results and 0 failures
[2024-08-10 13:20:11,425][flwr][INFO] - 
[2024-08-10 13:20:11,425][flwr][INFO] - [SUMMARY]
[2024-08-10 13:20:11,425][flwr][INFO] - Run finished 5 round(s) in 171.64s
[2024-08-10 13:20:11,425][flwr][INFO] - 	History (loss, distributed):
[2024-08-10 13:20:11,425][flwr][INFO] - 		round 1: 0.46756034182465595
[2024-08-10 13:20:11,425][flwr][INFO] - 		round 2: 0.2795496466367141
[2024-08-10 13:20:11,425][flwr][INFO] - 		round 3: 0.16568814801133197
[2024-08-10 13:20:11,425][flwr][INFO] - 		round 4: 0.08758840677530869
[2024-08-10 13:20:11,425][flwr][INFO] - 		round 5: 0.06681422678672749
[2024-08-10 13:20:11,425][flwr][INFO] - 	History (metrics, distributed, evaluate):
[2024-08-10 13:20:11,425][flwr][INFO] - 	{'accuracy': [(1, 0.8364322781562805),
[2024-08-10 13:20:11,425][flwr][INFO] - 	              (2, 0.9020732343196869),
[2024-08-10 13:20:11,426][flwr][INFO] - 	              (3, 0.9476954340934753),
[2024-08-10 13:20:11,426][flwr][INFO] - 	              (4, 0.9831994473934174),
[2024-08-10 13:20:11,426][flwr][INFO] - 	              (5, 0.9840512275695801)],
[2024-08-10 13:20:11,426][flwr][INFO] - 	 'loss': [(1, 0.460711807012558),
[2024-08-10 13:20:11,426][flwr][INFO] - 	          (2, 0.26797039806842804),
[2024-08-10 13:20:11,426][flwr][INFO] - 	          (3, 0.15910105407238007),
[2024-08-10 13:20:11,426][flwr][INFO] - 	          (4, 0.08015884086489677),
[2024-08-10 13:20:11,426][flwr][INFO] - 	          (5, 0.062235964462161064)]}
[2024-08-10 13:20:11,426][flwr][INFO] - 
[2024-08-10 13:20:34,521][absl][WARNING] - Compiled the loaded model, but the compiled metrics have yet to be built. `model.compile_metrics` will be empty until you train or evaluate the model.
