[2024-08-06 11:31:14,300][flwr][INFO] - Starting Flower server, config: num_rounds=4, no round_timeout
[2024-08-06 11:31:14,356][flwr][INFO] - Flower ECE: gRPC server running (4 rounds), SSL is disabled
[2024-08-06 11:31:14,356][flwr][INFO] - [INIT]
[2024-08-06 11:31:14,356][flwr][INFO] - Using initial global parameters provided by strategy
[2024-08-06 11:31:14,356][flwr][INFO] - Evaluating initial global parameters
[2024-08-06 11:31:14,356][flwr][INFO] - 
[2024-08-06 11:31:14,356][flwr][INFO] - [ROUND 1]
[2024-08-06 11:32:38,847][flwr][INFO] - configure_fit: strategy sampled 4 clients (out of 4)
[2024-08-06 11:34:10,993][flwr][INFO] - aggregate_fit: received 4 results and 0 failures
[2024-08-06 11:34:11,037][flwr][WARNING] - No fit_metrics_aggregation_fn provided
[2024-08-06 11:34:11,039][flwr][INFO] - configure_evaluate: strategy sampled 4 clients (out of 4)
[2024-08-06 11:34:18,537][flwr][INFO] - aggregate_evaluate: received 4 results and 0 failures
[2024-08-06 11:34:18,539][flwr][INFO] - 
[2024-08-06 11:34:18,539][flwr][INFO] - [ROUND 2]
[2024-08-06 11:34:18,539][flwr][INFO] - configure_fit: strategy sampled 4 clients (out of 4)
[2024-08-06 11:35:36,598][flwr][INFO] - aggregate_fit: received 4 results and 0 failures
[2024-08-06 11:35:36,622][flwr][INFO] - configure_evaluate: strategy sampled 4 clients (out of 4)
[2024-08-06 11:35:42,381][flwr][INFO] - aggregate_evaluate: received 4 results and 0 failures
[2024-08-06 11:35:42,381][flwr][INFO] - 
[2024-08-06 11:35:42,381][flwr][INFO] - [ROUND 3]
[2024-08-06 11:35:42,381][flwr][INFO] - configure_fit: strategy sampled 4 clients (out of 4)
[2024-08-06 11:36:49,107][flwr][INFO] - aggregate_fit: received 4 results and 0 failures
[2024-08-06 11:36:49,132][flwr][INFO] - configure_evaluate: strategy sampled 4 clients (out of 4)
[2024-08-06 11:36:54,907][flwr][INFO] - aggregate_evaluate: received 4 results and 0 failures
[2024-08-06 11:36:54,907][flwr][INFO] - 
[2024-08-06 11:36:54,907][flwr][INFO] - [ROUND 4]
[2024-08-06 11:36:54,907][flwr][INFO] - configure_fit: strategy sampled 4 clients (out of 4)
[2024-08-06 11:38:04,133][flwr][INFO] - aggregate_fit: received 4 results and 0 failures
[2024-08-06 11:38:04,284][absl][WARNING] - You are saving your model as an HDF5 file via `model.save()` or `keras.saving.save_model(model)`. This file format is considered legacy. We recommend using instead the native Keras format, e.g. `model.save('my_model.keras')` or `keras.saving.save_model(model, 'my_model.keras')`. 
[2024-08-06 11:38:04,341][flwr][INFO] - configure_evaluate: strategy sampled 4 clients (out of 4)
[2024-08-06 11:38:10,157][flwr][INFO] - aggregate_evaluate: received 4 results and 0 failures
[2024-08-06 11:38:10,159][flwr][INFO] - 
[2024-08-06 11:38:10,159][flwr][INFO] - [SUMMARY]
[2024-08-06 11:38:10,159][flwr][INFO] - Run finished 4 round(s) in 415.75s
[2024-08-06 11:38:10,160][flwr][INFO] - 	History (loss, distributed):
[2024-08-06 11:38:10,160][flwr][INFO] - 		round 1: 0.36240468336188275
[2024-08-06 11:38:10,160][flwr][INFO] - 		round 2: 0.1828494791103446
[2024-08-06 11:38:10,161][flwr][INFO] - 		round 3: 0.13646579728178357
[2024-08-06 11:38:10,161][flwr][INFO] - 		round 4: 0.056409001431387405
[2024-08-06 11:38:10,161][flwr][INFO] - 	History (metrics, distributed, evaluate):
[2024-08-06 11:38:10,161][flwr][INFO] - 	{'accuracy': [(1, 0.8703363239765167),
[2024-08-06 11:38:10,161][flwr][INFO] - 	              (2, 0.9477523267269135),
[2024-08-06 11:38:10,161][flwr][INFO] - 	              (3, 0.9564128518104553),
[2024-08-06 11:38:10,161][flwr][INFO] - 	              (4, 0.9881212711334229)],
[2024-08-06 11:38:10,161][flwr][INFO] - 	 'loss': [(1, 0.35519322752952576),
[2024-08-06 11:38:10,161][flwr][INFO] - 	          (2, 0.1765357032418251),
[2024-08-06 11:38:10,161][flwr][INFO] - 	          (3, 0.13192399218678474),
[2024-08-06 11:38:10,161][flwr][INFO] - 	          (4, 0.051402647979557514)]}
[2024-08-06 11:38:10,161][flwr][INFO] - 
[2024-08-06 11:39:51,490][absl][WARNING] - Compiled the loaded model, but the compiled metrics have yet to be built. `model.compile_metrics` will be empty until you train or evaluate the model.
