[2024-07-28 13:59:35,326][flwr][INFO] - Starting Flower server, config: num_rounds=4, no round_timeout
[2024-07-28 13:59:35,372][flwr][INFO] - Flower ECE: gRPC server running (4 rounds), SSL is disabled
[2024-07-28 13:59:35,372][flwr][INFO] - [INIT]
[2024-07-28 13:59:35,372][flwr][INFO] - Using initial global parameters provided by strategy
[2024-07-28 13:59:35,372][flwr][INFO] - Evaluating initial global parameters
[2024-07-28 13:59:35,372][flwr][INFO] - 
[2024-07-28 13:59:35,372][flwr][INFO] - [ROUND 1]
[2024-07-28 13:59:39,682][flwr][INFO] - configure_fit: strategy sampled 2 clients (out of 2)
[2024-07-28 13:59:42,988][flwr][INFO] - aggregate_fit: received 2 results and 0 failures
[2024-07-28 13:59:43,002][flwr][WARNING] - No fit_metrics_aggregation_fn provided
[2024-07-28 13:59:43,005][flwr][INFO] - configure_evaluate: strategy sampled 2 clients (out of 2)
[2024-07-28 13:59:43,324][flwr][INFO] - aggregate_evaluate: received 2 results and 0 failures
[2024-07-28 13:59:43,324][flwr][INFO] - 
[2024-07-28 13:59:43,324][flwr][INFO] - [ROUND 2]
[2024-07-28 13:59:43,324][flwr][INFO] - configure_fit: strategy sampled 2 clients (out of 2)
[2024-07-28 13:59:45,926][flwr][INFO] - aggregate_fit: received 2 results and 0 failures
[2024-07-28 13:59:45,938][flwr][INFO] - configure_evaluate: strategy sampled 2 clients (out of 2)
[2024-07-28 13:59:46,190][flwr][INFO] - aggregate_evaluate: received 2 results and 0 failures
[2024-07-28 13:59:46,190][flwr][INFO] - 
[2024-07-28 13:59:46,190][flwr][INFO] - [ROUND 3]
[2024-07-28 13:59:46,190][flwr][INFO] - configure_fit: strategy sampled 2 clients (out of 2)
[2024-07-28 13:59:48,754][flwr][INFO] - aggregate_fit: received 2 results and 0 failures
[2024-07-28 13:59:48,767][flwr][INFO] - configure_evaluate: strategy sampled 2 clients (out of 2)
[2024-07-28 13:59:49,034][flwr][INFO] - aggregate_evaluate: received 2 results and 0 failures
[2024-07-28 13:59:49,034][flwr][INFO] - 
[2024-07-28 13:59:49,034][flwr][INFO] - [ROUND 4]
[2024-07-28 13:59:49,034][flwr][INFO] - configure_fit: strategy sampled 2 clients (out of 2)
[2024-07-28 13:59:51,599][flwr][INFO] - aggregate_fit: received 2 results and 0 failures
[2024-07-28 13:59:51,611][flwr][INFO] - configure_evaluate: strategy sampled 2 clients (out of 2)
[2024-07-28 13:59:51,876][flwr][INFO] - aggregate_evaluate: received 2 results and 0 failures
[2024-07-28 13:59:51,877][flwr][INFO] - 
[2024-07-28 13:59:51,877][flwr][INFO] - [SUMMARY]
[2024-07-28 13:59:51,877][flwr][INFO] - Run finished 4 round(s) in 16.50s
[2024-07-28 13:59:51,877][flwr][INFO] - 	History (loss, distributed):
[2024-07-28 13:59:51,877][flwr][INFO] - 		round 1: 0.39538654685020447
[2024-07-28 13:59:51,877][flwr][INFO] - 		round 2: 0.3303122818470001
[2024-07-28 13:59:51,877][flwr][INFO] - 		round 3: 0.2684747874736786
[2024-07-28 13:59:51,877][flwr][INFO] - 		round 4: 0.21360017359256744
[2024-07-28 13:59:51,877][flwr][INFO] - 	History (metrics, distributed, evaluate):
[2024-07-28 13:59:51,877][flwr][INFO] - 	{'accuracy': [(1, 0.8444444537162781),
[2024-07-28 13:59:51,877][flwr][INFO] - 	              (2, 0.9111111164093018),
[2024-07-28 13:59:51,877][flwr][INFO] - 	              (3, 0.9333333373069763),
[2024-07-28 13:59:51,878][flwr][INFO] - 	              (4, 0.8888888955116272)],
[2024-07-28 13:59:51,878][flwr][INFO] - 	 'loss': [(1, 0.39538654685020447),
[2024-07-28 13:59:51,878][flwr][INFO] - 	          (2, 0.3303122818470001),
[2024-07-28 13:59:51,878][flwr][INFO] - 	          (3, 0.2684747874736786),
[2024-07-28 13:59:51,878][flwr][INFO] - 	          (4, 0.21360017359256744)]}
[2024-07-28 13:59:51,878][flwr][INFO] - 
