[2024-07-27 15:32:20,227][flwr][INFO] - Starting Flower server, config: num_rounds=4, no round_timeout
[2024-07-27 15:32:20,248][flwr][INFO] - Flower ECE: gRPC server running (4 rounds), SSL is disabled
[2024-07-27 15:32:20,248][flwr][INFO] - [INIT]
[2024-07-27 15:32:20,248][flwr][INFO] - Using initial global parameters provided by strategy
[2024-07-27 15:32:20,248][flwr][INFO] - Evaluating initial global parameters
[2024-07-27 15:32:20,248][flwr][INFO] - 
[2024-07-27 15:32:20,248][flwr][INFO] - [ROUND 1]
[2024-07-27 15:32:23,668][flwr][INFO] - configure_fit: strategy sampled 2 clients (out of 2)
[2024-07-27 15:32:27,162][flwr][INFO] - aggregate_fit: received 2 results and 0 failures
[2024-07-27 15:32:27,178][flwr][WARNING] - No fit_metrics_aggregation_fn provided
[2024-07-27 15:32:27,180][flwr][INFO] - configure_evaluate: strategy sampled 2 clients (out of 2)
[2024-07-27 15:32:27,516][flwr][INFO] - aggregate_evaluate: received 2 results and 0 failures
[2024-07-27 15:32:27,516][flwr][INFO] - 
[2024-07-27 15:32:27,516][flwr][INFO] - [ROUND 2]
[2024-07-27 15:32:27,516][flwr][INFO] - configure_fit: strategy sampled 2 clients (out of 2)
[2024-07-27 15:32:30,069][flwr][INFO] - aggregate_fit: received 2 results and 0 failures
[2024-07-27 15:32:30,080][flwr][INFO] - configure_evaluate: strategy sampled 2 clients (out of 2)
[2024-07-27 15:32:30,331][flwr][INFO] - aggregate_evaluate: received 2 results and 0 failures
[2024-07-27 15:32:30,331][flwr][INFO] - 
[2024-07-27 15:32:30,331][flwr][INFO] - [ROUND 3]
[2024-07-27 15:32:30,332][flwr][INFO] - configure_fit: strategy sampled 2 clients (out of 2)
[2024-07-27 15:32:32,883][flwr][INFO] - aggregate_fit: received 2 results and 0 failures
[2024-07-27 15:32:32,893][flwr][INFO] - configure_evaluate: strategy sampled 2 clients (out of 2)
[2024-07-27 15:32:33,148][flwr][INFO] - aggregate_evaluate: received 2 results and 0 failures
[2024-07-27 15:32:33,148][flwr][INFO] - 
[2024-07-27 15:32:33,148][flwr][INFO] - [ROUND 4]
[2024-07-27 15:32:33,148][flwr][INFO] - configure_fit: strategy sampled 2 clients (out of 2)
[2024-07-27 15:32:35,688][flwr][INFO] - aggregate_fit: received 2 results and 0 failures
[2024-07-27 15:32:35,699][flwr][INFO] - configure_evaluate: strategy sampled 2 clients (out of 2)
[2024-07-27 15:32:35,957][flwr][INFO] - aggregate_evaluate: received 2 results and 0 failures
[2024-07-27 15:32:35,957][flwr][INFO] - 
[2024-07-27 15:32:35,957][flwr][INFO] - [SUMMARY]
[2024-07-27 15:32:35,957][flwr][INFO] - Run finished 4 round(s) in 15.71s
[2024-07-27 15:32:35,958][flwr][INFO] - 	History (loss, distributed):
[2024-07-27 15:32:35,958][flwr][INFO] - 		round 1: 0.4751911461353302
[2024-07-27 15:32:35,958][flwr][INFO] - 		round 2: 0.40876758098602295
[2024-07-27 15:32:35,958][flwr][INFO] - 		round 3: 0.4704051613807678
[2024-07-27 15:32:35,958][flwr][INFO] - 		round 4: 0.3563595116138458
[2024-07-27 15:32:35,958][flwr][INFO] - 	History (metrics, distributed, evaluate):
[2024-07-27 15:32:35,958][flwr][INFO] - 	{'accuracy': [(1, 0.7555555701255798),
[2024-07-27 15:32:35,958][flwr][INFO] - 	              (2, 0.8222222328186035),
[2024-07-27 15:32:35,958][flwr][INFO] - 	              (3, 0.8444444537162781),
[2024-07-27 15:32:35,958][flwr][INFO] - 	              (4, 0.8222222328186035)],
[2024-07-27 15:32:35,958][flwr][INFO] - 	 'loss': [(1, 0.4751911461353302),
[2024-07-27 15:32:35,958][flwr][INFO] - 	          (2, 0.40876758098602295),
[2024-07-27 15:32:35,958][flwr][INFO] - 	          (3, 0.4704051613807678),
[2024-07-27 15:32:35,958][flwr][INFO] - 	          (4, 0.3563595116138458)]}
[2024-07-27 15:32:35,958][flwr][INFO] - 
