[2024-07-27 15:34:00,101][flwr][INFO] - Starting Flower server, config: num_rounds=4, no round_timeout
[2024-07-27 15:34:00,121][flwr][INFO] - Flower ECE: gRPC server running (4 rounds), SSL is disabled
[2024-07-27 15:34:00,121][flwr][INFO] - [INIT]
[2024-07-27 15:34:00,122][flwr][INFO] - Using initial global parameters provided by strategy
[2024-07-27 15:34:00,122][flwr][INFO] - Evaluating initial global parameters
[2024-07-27 15:34:00,125][flwr][INFO] - 
[2024-07-27 15:34:00,125][flwr][INFO] - [ROUND 1]
[2024-07-27 15:34:00,749][flwr][INFO] - configure_fit: strategy sampled 2 clients (out of 2)
[2024-07-27 15:34:04,135][flwr][INFO] - aggregate_fit: received 2 results and 0 failures
[2024-07-27 15:34:04,146][flwr][WARNING] - No fit_metrics_aggregation_fn provided
[2024-07-27 15:34:04,146][flwr][INFO] - configure_evaluate: strategy sampled 2 clients (out of 2)
[2024-07-27 15:34:04,481][flwr][INFO] - aggregate_evaluate: received 2 results and 0 failures
[2024-07-27 15:34:04,481][flwr][INFO] - 
[2024-07-27 15:34:04,481][flwr][INFO] - [ROUND 2]
[2024-07-27 15:34:04,481][flwr][INFO] - configure_fit: strategy sampled 2 clients (out of 2)
[2024-07-27 15:34:07,181][flwr][INFO] - aggregate_fit: received 2 results and 0 failures
[2024-07-27 15:34:07,195][flwr][INFO] - configure_evaluate: strategy sampled 2 clients (out of 2)
[2024-07-27 15:34:07,462][flwr][INFO] - aggregate_evaluate: received 2 results and 0 failures
[2024-07-27 15:34:07,462][flwr][INFO] - 
[2024-07-27 15:34:07,462][flwr][INFO] - [ROUND 3]
[2024-07-27 15:34:07,462][flwr][INFO] - configure_fit: strategy sampled 2 clients (out of 2)
[2024-07-27 15:34:10,031][flwr][INFO] - aggregate_fit: received 2 results and 0 failures
[2024-07-27 15:34:10,042][flwr][INFO] - configure_evaluate: strategy sampled 2 clients (out of 2)
[2024-07-27 15:34:10,299][flwr][INFO] - aggregate_evaluate: received 2 results and 0 failures
[2024-07-27 15:34:10,299][flwr][INFO] - 
[2024-07-27 15:34:10,299][flwr][INFO] - [ROUND 4]
[2024-07-27 15:34:10,299][flwr][INFO] - configure_fit: strategy sampled 2 clients (out of 2)
[2024-07-27 15:34:12,850][flwr][INFO] - aggregate_fit: received 2 results and 0 failures
[2024-07-27 15:34:12,862][flwr][INFO] - configure_evaluate: strategy sampled 2 clients (out of 2)
[2024-07-27 15:34:13,129][flwr][INFO] - aggregate_evaluate: received 2 results and 0 failures
[2024-07-27 15:34:13,130][flwr][INFO] - 
[2024-07-27 15:34:13,130][flwr][INFO] - [SUMMARY]
[2024-07-27 15:34:13,130][flwr][INFO] - Run finished 4 round(s) in 13.00s
[2024-07-27 15:34:13,131][flwr][INFO] - 	History (loss, distributed):
[2024-07-27 15:34:13,131][flwr][INFO] - 		round 1: 0.3939944803714752
[2024-07-27 15:34:13,131][flwr][INFO] - 		round 2: 0.3495594561100006
[2024-07-27 15:34:13,131][flwr][INFO] - 		round 3: 0.32762157917022705
[2024-07-27 15:34:13,131][flwr][INFO] - 		round 4: 0.24057795107364655
[2024-07-27 15:34:13,131][flwr][INFO] - 	History (metrics, distributed, evaluate):
[2024-07-27 15:34:13,131][flwr][INFO] - 	{'accuracy': [(1, 0.8444444537162781),
[2024-07-27 15:34:13,131][flwr][INFO] - 	              (2, 0.8888888955116272),
[2024-07-27 15:34:13,131][flwr][INFO] - 	              (3, 0.9111111164093018),
[2024-07-27 15:34:13,131][flwr][INFO] - 	              (4, 0.9333333373069763)],
[2024-07-27 15:34:13,131][flwr][INFO] - 	 'loss': [(1, 0.3939944803714752),
[2024-07-27 15:34:13,131][flwr][INFO] - 	          (2, 0.3495594561100006),
[2024-07-27 15:34:13,131][flwr][INFO] - 	          (3, 0.32762157917022705),
[2024-07-27 15:34:13,131][flwr][INFO] - 	          (4, 0.24057795107364655)]}
[2024-07-27 15:34:13,131][flwr][INFO] - 
