[2024-07-28 14:00:13,638][flwr][INFO] - Starting Flower server, config: num_rounds=4, no round_timeout
[2024-07-28 14:00:13,661][flwr][INFO] - Flower ECE: gRPC server running (4 rounds), SSL is disabled
[2024-07-28 14:00:13,661][flwr][INFO] - [INIT]
[2024-07-28 14:00:13,661][flwr][INFO] - Using initial global parameters provided by strategy
[2024-07-28 14:00:13,661][flwr][INFO] - Evaluating initial global parameters
[2024-07-28 14:00:13,662][flwr][INFO] - 
[2024-07-28 14:00:13,662][flwr][INFO] - [ROUND 1]
[2024-07-28 14:00:15,501][flwr][INFO] - configure_fit: strategy sampled 2 clients (out of 2)
[2024-07-28 14:00:22,746][flwr][INFO] - aggregate_fit: received 2 results and 0 failures
[2024-07-28 14:00:22,795][flwr][WARNING] - No fit_metrics_aggregation_fn provided
[2024-07-28 14:00:22,797][flwr][INFO] - configure_evaluate: strategy sampled 2 clients (out of 2)
[2024-07-28 14:00:23,482][flwr][INFO] - aggregate_evaluate: received 2 results and 0 failures
[2024-07-28 14:00:23,482][flwr][INFO] - 
[2024-07-28 14:00:23,482][flwr][INFO] - [ROUND 2]
[2024-07-28 14:00:23,482][flwr][INFO] - configure_fit: strategy sampled 2 clients (out of 2)
[2024-07-28 14:00:30,059][flwr][INFO] - aggregate_fit: received 2 results and 0 failures
[2024-07-28 14:00:30,115][flwr][INFO] - configure_evaluate: strategy sampled 2 clients (out of 2)
[2024-07-28 14:00:30,749][flwr][INFO] - aggregate_evaluate: received 2 results and 0 failures
[2024-07-28 14:00:30,749][flwr][INFO] - 
[2024-07-28 14:00:30,749][flwr][INFO] - [ROUND 3]
[2024-07-28 14:00:30,749][flwr][INFO] - configure_fit: strategy sampled 2 clients (out of 2)
[2024-07-28 14:00:37,371][flwr][INFO] - aggregate_fit: received 2 results and 0 failures
[2024-07-28 14:00:37,432][flwr][INFO] - configure_evaluate: strategy sampled 2 clients (out of 2)
[2024-07-28 14:00:38,103][flwr][INFO] - aggregate_evaluate: received 2 results and 0 failures
[2024-07-28 14:00:38,103][flwr][INFO] - 
[2024-07-28 14:00:38,103][flwr][INFO] - [ROUND 4]
[2024-07-28 14:00:38,103][flwr][INFO] - configure_fit: strategy sampled 2 clients (out of 2)
[2024-07-28 14:00:44,726][flwr][INFO] - aggregate_fit: received 2 results and 0 failures
[2024-07-28 14:00:44,786][flwr][INFO] - configure_evaluate: strategy sampled 2 clients (out of 2)
[2024-07-28 14:00:45,382][flwr][INFO] - aggregate_evaluate: received 2 results and 0 failures
[2024-07-28 14:00:45,384][flwr][INFO] - 
[2024-07-28 14:00:45,384][flwr][INFO] - [SUMMARY]
[2024-07-28 14:00:45,385][flwr][INFO] - Run finished 4 round(s) in 31.72s
[2024-07-28 14:00:45,385][flwr][INFO] - 	History (loss, distributed):
[2024-07-28 14:00:45,385][flwr][INFO] - 		round 1: 0.4025120139122009
[2024-07-28 14:00:45,385][flwr][INFO] - 		round 2: 0.3924950957298279
[2024-07-28 14:00:45,385][flwr][INFO] - 		round 3: 0.38579991459846497
[2024-07-28 14:00:45,385][flwr][INFO] - 		round 4: 0.3161037564277649
[2024-07-28 14:00:45,385][flwr][INFO] - 	History (metrics, distributed, evaluate):
[2024-07-28 14:00:45,385][flwr][INFO] - 	{'accuracy': [(1, 0.8222222328186035),
[2024-07-28 14:00:45,385][flwr][INFO] - 	              (2, 0.8444444537162781),
[2024-07-28 14:00:45,385][flwr][INFO] - 	              (3, 0.8666666746139526),
[2024-07-28 14:00:45,385][flwr][INFO] - 	              (4, 0.8888888955116272)],
[2024-07-28 14:00:45,385][flwr][INFO] - 	 'loss': [(1, 0.4025120139122009),
[2024-07-28 14:00:45,385][flwr][INFO] - 	          (2, 0.3924950957298279),
[2024-07-28 14:00:45,385][flwr][INFO] - 	          (3, 0.38579991459846497),
[2024-07-28 14:00:45,385][flwr][INFO] - 	          (4, 0.3161037564277649)]}
[2024-07-28 14:00:45,385][flwr][INFO] - 
