[2024-08-12 19:48:55,961][flwr][INFO] - Starting Flower server, config: num_rounds=2, no round_timeout
[2024-08-12 19:48:55,994][flwr][INFO] - Flower ECE: gRPC server running (2 rounds), SSL is disabled
[2024-08-12 19:48:55,995][flwr][INFO] - [INIT]
[2024-08-12 19:48:55,995][flwr][INFO] - Using initial global parameters provided by strategy
[2024-08-12 19:48:55,995][flwr][INFO] - Evaluating initial global parameters
[2024-08-12 19:48:55,995][flwr][INFO] - 
[2024-08-12 19:48:55,995][flwr][INFO] - [ROUND 1]
[2024-08-12 19:48:58,678][flwr][INFO] - configure_fit: strategy sampled 2 clients (out of 2)
[2024-08-12 19:49:37,927][flwr][INFO] - aggregate_fit: received 2 results and 0 failures
[2024-08-12 19:49:37,940][flwr][WARNING] - No fit_metrics_aggregation_fn provided
[2024-08-12 19:49:37,941][flwr][INFO] - configure_evaluate: strategy sampled 2 clients (out of 2)
[2024-08-12 19:49:40,966][flwr][INFO] - aggregate_evaluate: received 2 results and 0 failures
[2024-08-12 19:49:40,967][flwr][INFO] - 
[2024-08-12 19:49:40,967][flwr][INFO] - [ROUND 2]
[2024-08-12 19:49:40,967][flwr][INFO] - configure_fit: strategy sampled 2 clients (out of 2)
[2024-08-12 19:50:15,360][flwr][INFO] - aggregate_fit: received 2 results and 0 failures
[2024-08-12 19:50:15,414][absl][WARNING] - You are saving your model as an HDF5 file via `model.save()` or `keras.saving.save_model(model)`. This file format is considered legacy. We recommend using instead the native Keras format, e.g. `model.save('my_model.keras')` or `keras.saving.save_model(model, 'my_model.keras')`. 
[2024-08-12 19:50:15,472][flwr][INFO] - configure_evaluate: strategy sampled 2 clients (out of 2)
[2024-08-12 19:50:19,317][flwr][INFO] - aggregate_evaluate: received 2 results and 0 failures
[2024-08-12 19:50:19,319][flwr][INFO] - 
[2024-08-12 19:50:19,319][flwr][INFO] - [SUMMARY]
[2024-08-12 19:50:19,319][flwr][INFO] - Run finished 2 round(s) in 83.32s
[2024-08-12 19:50:19,319][flwr][INFO] - 	History (loss, distributed):
[2024-08-12 19:50:19,319][flwr][INFO] - 		round 1: 0.40731537212496216
[2024-08-12 19:50:19,319][flwr][INFO] - 		round 2: 0.21397494427535846
[2024-08-12 19:50:19,319][flwr][INFO] - 	History (metrics, distributed, evaluate):
[2024-08-12 19:50:19,319][flwr][INFO] - 	{'accuracy': [(1, 0.8343118727207184), (2, 0.92831090092659)],
[2024-08-12 19:50:19,319][flwr][INFO] - 	 'loss': [(1, 0.3972962200641632), (2, 0.2028835192322731)]}
[2024-08-12 19:50:19,319][flwr][INFO] - 
[2024-08-12 19:50:28,416][absl][WARNING] - Compiled the loaded model, but the compiled metrics have yet to be built. `model.compile_metrics` will be empty until you train or evaluate the model.
