[2024-08-09 11:08:35,860][flwr][INFO] - Starting Flower server, config: num_rounds=3, no round_timeout
[2024-08-09 11:08:35,887][flwr][INFO] - Flower ECE: gRPC server running (3 rounds), SSL is disabled
[2024-08-09 11:08:35,887][flwr][INFO] - [INIT]
[2024-08-09 11:08:35,887][flwr][INFO] - Using initial global parameters provided by strategy
[2024-08-09 11:08:35,887][flwr][INFO] - Evaluating initial global parameters
[2024-08-09 11:08:35,887][flwr][INFO] - 
[2024-08-09 11:08:35,887][flwr][INFO] - [ROUND 1]
[2024-08-09 11:08:40,232][flwr][INFO] - configure_fit: strategy sampled 3 clients (out of 3)
[2024-08-09 11:09:32,359][flwr][INFO] - aggregate_fit: received 3 results and 0 failures
[2024-08-09 11:09:32,374][flwr][WARNING] - No fit_metrics_aggregation_fn provided
[2024-08-09 11:09:32,375][flwr][INFO] - configure_evaluate: strategy sampled 3 clients (out of 3)
[2024-08-09 11:09:36,391][flwr][INFO] - aggregate_evaluate: received 3 results and 0 failures
[2024-08-09 11:09:36,391][flwr][INFO] - 
[2024-08-09 11:09:36,391][flwr][INFO] - [ROUND 2]
[2024-08-09 11:09:36,391][flwr][INFO] - configure_fit: strategy sampled 3 clients (out of 3)
[2024-08-09 11:10:24,583][flwr][INFO] - aggregate_fit: received 3 results and 0 failures
[2024-08-09 11:10:24,602][flwr][INFO] - configure_evaluate: strategy sampled 3 clients (out of 3)
[2024-08-09 11:10:28,669][flwr][INFO] - aggregate_evaluate: received 3 results and 0 failures
[2024-08-09 11:10:28,669][flwr][INFO] - 
[2024-08-09 11:10:28,669][flwr][INFO] - [ROUND 3]
[2024-08-09 11:10:28,669][flwr][INFO] - configure_fit: strategy sampled 3 clients (out of 3)
[2024-08-09 11:11:16,633][flwr][INFO] - aggregate_fit: received 3 results and 0 failures
[2024-08-09 11:11:16,683][absl][WARNING] - You are saving your model as an HDF5 file via `model.save()` or `keras.saving.save_model(model)`. This file format is considered legacy. We recommend using instead the native Keras format, e.g. `model.save('my_model.keras')` or `keras.saving.save_model(model, 'my_model.keras')`. 
[2024-08-09 11:11:16,719][flwr][INFO] - configure_evaluate: strategy sampled 3 clients (out of 3)
[2024-08-09 11:11:20,758][flwr][INFO] - aggregate_evaluate: received 3 results and 0 failures
[2024-08-09 11:11:20,759][flwr][INFO] - 
[2024-08-09 11:11:20,759][flwr][INFO] - [SUMMARY]
[2024-08-09 11:11:20,759][flwr][INFO] - Run finished 3 round(s) in 164.87s
[2024-08-09 11:11:20,759][flwr][INFO] - 	History (loss, distributed):
[2024-08-09 11:11:20,759][flwr][INFO] - 		round 1: 0.41631483286619186
[2024-08-09 11:11:20,759][flwr][INFO] - 		round 2: 0.2134973295032978
[2024-08-09 11:11:20,759][flwr][INFO] - 		round 3: 0.11724908463656902
[2024-08-09 11:11:20,759][flwr][INFO] - 	History (metrics, distributed, evaluate):
[2024-08-09 11:11:20,759][flwr][INFO] - 	{'accuracy': [(1, 0.7975013454755148),
[2024-08-09 11:11:20,759][flwr][INFO] - 	              (2, 0.9306833942731222),
[2024-08-09 11:11:20,759][flwr][INFO] - 	              (3, 0.9705759684244791)],
[2024-08-09 11:11:20,759][flwr][INFO] - 	 'loss': [(1, 0.39944034814834595),
[2024-08-09 11:11:20,759][flwr][INFO] - 	          (2, 0.20043852925300598),
[2024-08-09 11:11:20,759][flwr][INFO] - 	          (3, 0.10816930731137593)]}
[2024-08-09 11:11:20,759][flwr][INFO] - 
[2024-08-09 11:14:04,976][absl][WARNING] - Compiled the loaded model, but the compiled metrics have yet to be built. `model.compile_metrics` will be empty until you train or evaluate the model.
