[2024-07-30 14:27:55,914][flwr][INFO] - Starting Flower server, config: num_rounds=2, no round_timeout
[2024-07-30 14:27:55,931][flwr][INFO] - Flower ECE: gRPC server running (2 rounds), SSL is disabled
[2024-07-30 14:27:55,932][flwr][INFO] - [INIT]
[2024-07-30 14:27:55,932][flwr][INFO] - Using initial global parameters provided by strategy
[2024-07-30 14:27:55,932][flwr][INFO] - Evaluating initial global parameters
[2024-07-30 14:27:55,932][flwr][INFO] - 
[2024-07-30 14:27:55,932][flwr][INFO] - [ROUND 1]
[2024-07-30 14:28:00,211][flwr][INFO] - configure_fit: strategy sampled 2 clients (out of 2)
[2024-07-30 14:29:51,050][flwr][INFO] - aggregate_fit: received 2 results and 0 failures
[2024-07-30 14:29:51,083][flwr][WARNING] - No fit_metrics_aggregation_fn provided
[2024-07-30 14:29:51,085][flwr][INFO] - configure_evaluate: strategy sampled 2 clients (out of 2)
[2024-07-30 14:29:58,264][flwr][INFO] - aggregate_evaluate: received 2 results and 0 failures
[2024-07-30 14:29:58,264][flwr][INFO] - 
[2024-07-30 14:29:58,264][flwr][INFO] - [ROUND 2]
[2024-07-30 14:29:58,264][flwr][INFO] - configure_fit: strategy sampled 2 clients (out of 2)
[2024-07-30 14:32:06,742][flwr][INFO] - aggregate_fit: received 2 results and 0 failures
[2024-07-30 14:32:06,835][absl][WARNING] - You are saving your model as an HDF5 file via `model.save()` or `keras.saving.save_model(model)`. This file format is considered legacy. We recommend using instead the native Keras format, e.g. `model.save('my_model.keras')` or `keras.saving.save_model(model, 'my_model.keras')`. 
[2024-07-30 14:32:06,914][flwr][INFO] - configure_evaluate: strategy sampled 2 clients (out of 2)
[2024-07-30 14:32:13,994][flwr][INFO] - aggregate_evaluate: received 2 results and 0 failures
[2024-07-30 14:32:13,998][flwr][INFO] - 
[2024-07-30 14:32:13,998][flwr][INFO] - [SUMMARY]
[2024-07-30 14:32:13,998][flwr][INFO] - Run finished 2 round(s) in 258.06s
[2024-07-30 14:32:13,999][flwr][INFO] - 	History (loss, distributed):
[2024-07-30 14:32:13,999][flwr][INFO] - 		round 1: 0.30599185824394226
[2024-07-30 14:32:13,999][flwr][INFO] - 		round 2: 0.1762269288301468
[2024-07-30 14:32:13,999][flwr][INFO] - 	History (metrics, distributed, evaluate):
[2024-07-30 14:32:13,999][flwr][INFO] - 	{'accuracy': [(1, 0.8833718299865723), (2, 0.9422633051872253)],
[2024-07-30 14:32:13,999][flwr][INFO] - 	 'loss': [(1, 0.30599185824394226), (2, 0.1762269288301468)]}
[2024-07-30 14:32:13,999][flwr][INFO] - 
