[2024-07-26 14:44:27,142][flwr][INFO] - Starting Flower server, config: num_rounds=2, no round_timeout
[2024-07-26 14:44:27,174][flwr][INFO] - Flower ECE: gRPC server running (2 rounds), SSL is disabled
[2024-07-26 14:44:27,174][flwr][INFO] - [INIT]
[2024-07-26 14:44:27,174][flwr][INFO] - Using initial global parameters provided by strategy
[2024-07-26 14:44:27,174][flwr][INFO] - Evaluating initial global parameters
[2024-07-26 14:44:27,174][flwr][INFO] - 
[2024-07-26 14:44:27,174][flwr][INFO] - [ROUND 1]
[2024-07-26 14:44:27,949][flwr][INFO] - configure_fit: strategy sampled 2 clients (out of 2)
[2024-07-26 14:44:47,963][flwr][INFO] - aggregate_fit: received 2 results and 0 failures
[2024-07-26 14:44:48,014][flwr][WARNING] - No fit_metrics_aggregation_fn provided
[2024-07-26 14:44:48,017][flwr][INFO] - configure_evaluate: strategy sampled 2 clients (out of 2)
[2024-07-26 14:44:49,848][flwr][INFO] - aggregate_evaluate: received 2 results and 0 failures
[2024-07-26 14:44:49,848][flwr][INFO] - 
[2024-07-26 14:44:49,848][flwr][INFO] - [ROUND 2]
[2024-07-26 14:44:49,848][flwr][INFO] - configure_fit: strategy sampled 2 clients (out of 2)
[2024-07-26 14:45:10,983][flwr][INFO] - aggregate_fit: received 2 results and 0 failures
[2024-07-26 14:45:11,043][flwr][INFO] - configure_evaluate: strategy sampled 2 clients (out of 2)
[2024-07-26 14:45:11,926][flwr][INFO] - aggregate_evaluate: received 2 results and 0 failures
[2024-07-26 14:45:11,928][flwr][INFO] - 
[2024-07-26 14:45:11,928][flwr][INFO] - [SUMMARY]
[2024-07-26 14:45:11,928][flwr][INFO] - Run finished 2 round(s) in 44.75s
[2024-07-26 14:45:11,929][flwr][INFO] - 	History (loss, distributed):
[2024-07-26 14:45:11,929][flwr][INFO] - 		round 1: 0.5347270965576172
[2024-07-26 14:45:11,929][flwr][INFO] - 		round 2: 0.4956730306148529
[2024-07-26 14:45:11,929][flwr][INFO] - 	History (metrics, distributed, evaluate):
[2024-07-26 14:45:11,929][flwr][INFO] - 	{'accuracy': [(1, 0.7799999713897705), (2, 0.7599999904632568)],
[2024-07-26 14:45:11,929][flwr][INFO] - 	 'loss': [(1, 0.5347270965576172), (2, 0.4956730306148529)]}
[2024-07-26 14:45:11,929][flwr][INFO] - 
