[2024-07-26 15:03:59,626][flwr][INFO] - Starting Flower server, config: num_rounds=2, no round_timeout
[2024-07-26 15:03:59,650][flwr][INFO] - Flower ECE: gRPC server running (2 rounds), SSL is disabled
[2024-07-26 15:03:59,650][flwr][INFO] - [INIT]
[2024-07-26 15:03:59,650][flwr][INFO] - Using initial global parameters provided by strategy
[2024-07-26 15:03:59,650][flwr][INFO] - Evaluating initial global parameters
[2024-07-26 15:03:59,650][flwr][INFO] - 
[2024-07-26 15:03:59,650][flwr][INFO] - [ROUND 1]
[2024-07-26 15:04:14,420][flwr][INFO] - configure_fit: strategy sampled 2 clients (out of 2)
[2024-07-26 15:04:32,621][flwr][INFO] - aggregate_fit: received 2 results and 0 failures
[2024-07-26 15:04:32,679][flwr][WARNING] - No fit_metrics_aggregation_fn provided
[2024-07-26 15:04:32,682][flwr][INFO] - configure_evaluate: strategy sampled 2 clients (out of 2)
[2024-07-26 15:04:33,609][flwr][INFO] - aggregate_evaluate: received 2 results and 0 failures
[2024-07-26 15:04:33,609][flwr][INFO] - 
[2024-07-26 15:04:33,609][flwr][INFO] - [ROUND 2]
[2024-07-26 15:04:33,609][flwr][INFO] - configure_fit: strategy sampled 2 clients (out of 2)
[2024-07-26 15:04:50,963][flwr][INFO] - aggregate_fit: received 2 results and 0 failures
[2024-07-26 15:04:51,016][flwr][INFO] - configure_evaluate: strategy sampled 2 clients (out of 2)
[2024-07-26 15:04:51,909][flwr][INFO] - aggregate_evaluate: received 2 results and 0 failures
[2024-07-26 15:04:51,910][flwr][INFO] - 
[2024-07-26 15:04:51,910][flwr][INFO] - [SUMMARY]
[2024-07-26 15:04:51,910][flwr][INFO] - Run finished 2 round(s) in 52.26s
[2024-07-26 15:04:51,910][flwr][INFO] - 	History (loss, distributed):
[2024-07-26 15:04:51,911][flwr][INFO] - 		round 1: 0.5597957372665405
[2024-07-26 15:04:51,911][flwr][INFO] - 		round 2: 0.5427801012992859
[2024-07-26 15:04:51,911][flwr][INFO] - 	History (metrics, distributed, evaluate):
[2024-07-26 15:04:51,911][flwr][INFO] - 	{'accuracy': [(1, 0.800000011920929), (2, 0.7799999713897705)],
[2024-07-26 15:04:51,911][flwr][INFO] - 	 'loss': [(1, 0.5597957372665405), (2, 0.5427801012992859)]}
[2024-07-26 15:04:51,911][flwr][INFO] - 
