[2024-07-27 17:39:44,743][flwr][INFO] - Starting Flower server, config: num_rounds=4, no round_timeout
[2024-07-27 17:39:44,762][flwr][INFO] - Flower ECE: gRPC server running (4 rounds), SSL is disabled
[2024-07-27 17:39:44,762][flwr][INFO] - [INIT]
[2024-07-27 17:39:44,762][flwr][INFO] - Using initial global parameters provided by strategy
[2024-07-27 17:39:44,762][flwr][INFO] - Evaluating initial global parameters
[2024-07-27 17:39:44,762][flwr][INFO] - 
[2024-07-27 17:39:44,762][flwr][INFO] - [ROUND 1]
[2024-07-27 17:39:47,527][flwr][INFO] - configure_fit: strategy sampled 2 clients (out of 2)
[2024-07-27 17:39:50,726][flwr][INFO] - aggregate_fit: received 2 results and 0 failures
[2024-07-27 17:39:50,737][flwr][WARNING] - No fit_metrics_aggregation_fn provided
[2024-07-27 17:39:50,737][flwr][INFO] - configure_evaluate: strategy sampled 2 clients (out of 2)
[2024-07-27 17:39:51,047][flwr][INFO] - aggregate_evaluate: received 2 results and 0 failures
[2024-07-27 17:39:51,047][flwr][INFO] - 
[2024-07-27 17:39:51,047][flwr][INFO] - [ROUND 2]
[2024-07-27 17:39:51,047][flwr][INFO] - configure_fit: strategy sampled 2 clients (out of 2)
[2024-07-27 17:39:53,640][flwr][INFO] - aggregate_fit: received 2 results and 0 failures
[2024-07-27 17:39:53,651][flwr][INFO] - configure_evaluate: strategy sampled 2 clients (out of 2)
[2024-07-27 17:39:53,928][flwr][INFO] - aggregate_evaluate: received 2 results and 0 failures
[2024-07-27 17:39:53,928][flwr][INFO] - 
[2024-07-27 17:39:53,928][flwr][INFO] - [ROUND 3]
[2024-07-27 17:39:53,928][flwr][INFO] - configure_fit: strategy sampled 2 clients (out of 2)
[2024-07-27 17:39:56,668][flwr][INFO] - aggregate_fit: received 2 results and 0 failures
[2024-07-27 17:39:56,679][flwr][INFO] - configure_evaluate: strategy sampled 2 clients (out of 2)
[2024-07-27 17:39:56,943][flwr][INFO] - aggregate_evaluate: received 2 results and 0 failures
[2024-07-27 17:39:56,943][flwr][INFO] - 
[2024-07-27 17:39:56,943][flwr][INFO] - [ROUND 4]
[2024-07-27 17:39:56,943][flwr][INFO] - configure_fit: strategy sampled 2 clients (out of 2)
[2024-07-27 17:39:59,554][flwr][INFO] - aggregate_fit: received 2 results and 0 failures
[2024-07-27 17:39:59,566][flwr][INFO] - configure_evaluate: strategy sampled 2 clients (out of 2)
[2024-07-27 17:39:59,826][flwr][INFO] - aggregate_evaluate: received 2 results and 0 failures
[2024-07-27 17:39:59,827][flwr][INFO] - 
[2024-07-27 17:39:59,827][flwr][INFO] - [SUMMARY]
[2024-07-27 17:39:59,827][flwr][INFO] - Run finished 4 round(s) in 15.06s
[2024-07-27 17:39:59,827][flwr][INFO] - 	History (loss, distributed):
[2024-07-27 17:39:59,827][flwr][INFO] - 		round 1: 0.4176620543003082
[2024-07-27 17:39:59,827][flwr][INFO] - 		round 2: 0.4301014244556427
[2024-07-27 17:39:59,827][flwr][INFO] - 		round 3: 0.3402785360813141
[2024-07-27 17:39:59,827][flwr][INFO] - 		round 4: 0.2769688069820404
[2024-07-27 17:39:59,828][flwr][INFO] - 	History (metrics, distributed, evaluate):
[2024-07-27 17:39:59,828][flwr][INFO] - 	{'accuracy': [(1, 0.8222222328186035),
[2024-07-27 17:39:59,828][flwr][INFO] - 	              (2, 0.8666666746139526),
[2024-07-27 17:39:59,828][flwr][INFO] - 	              (3, 0.9111111164093018),
[2024-07-27 17:39:59,828][flwr][INFO] - 	              (4, 0.8888888955116272)],
[2024-07-27 17:39:59,828][flwr][INFO] - 	 'loss': [(1, 0.4176620543003082),
[2024-07-27 17:39:59,828][flwr][INFO] - 	          (2, 0.4301014244556427),
[2024-07-27 17:39:59,828][flwr][INFO] - 	          (3, 0.3402785360813141),
[2024-07-27 17:39:59,828][flwr][INFO] - 	          (4, 0.2769688069820404)]}
[2024-07-27 17:39:59,828][flwr][INFO] - 
