[2024-07-29 10:46:27,041][flwr][INFO] - Starting Flower server, config: num_rounds=4, no round_timeout
[2024-07-29 10:46:27,060][flwr][INFO] - Flower ECE: gRPC server running (4 rounds), SSL is disabled
[2024-07-29 10:46:27,060][flwr][INFO] - [INIT]
[2024-07-29 10:46:27,060][flwr][INFO] - Using initial global parameters provided by strategy
[2024-07-29 10:46:27,060][flwr][INFO] - Evaluating initial global parameters
[2024-07-29 10:46:27,060][flwr][INFO] - 
[2024-07-29 10:46:27,060][flwr][INFO] - [ROUND 1]
[2024-07-29 10:46:30,142][flwr][INFO] - configure_fit: strategy sampled 2 clients (out of 2)
[2024-07-29 10:46:37,804][flwr][INFO] - aggregate_fit: received 2 results and 0 failures
[2024-07-29 10:46:37,857][flwr][WARNING] - No fit_metrics_aggregation_fn provided
[2024-07-29 10:46:37,859][flwr][INFO] - configure_evaluate: strategy sampled 2 clients (out of 2)
[2024-07-29 10:46:38,541][flwr][INFO] - aggregate_evaluate: received 2 results and 0 failures
[2024-07-29 10:46:38,541][flwr][INFO] - 
[2024-07-29 10:46:38,541][flwr][INFO] - [ROUND 2]
[2024-07-29 10:46:38,541][flwr][INFO] - configure_fit: strategy sampled 2 clients (out of 2)
[2024-07-29 10:46:45,507][flwr][INFO] - aggregate_fit: received 2 results and 0 failures
[2024-07-29 10:46:45,575][flwr][INFO] - configure_evaluate: strategy sampled 2 clients (out of 2)
[2024-07-29 10:47:25,507][flwr][INFO] - aggregate_evaluate: received 0 results and 2 failures
[2024-07-29 10:47:25,508][flwr][INFO] - 
[2024-07-29 10:47:25,508][flwr][INFO] - [ROUND 3]
