[2024-08-10 12:49:57,527][flwr][INFO] - Starting Flower server, config: num_rounds=5, no round_timeout
[2024-08-10 12:49:57,549][flwr][INFO] - Flower ECE: gRPC server running (5 rounds), SSL is disabled
[2024-08-10 12:49:57,550][flwr][INFO] - [INIT]
[2024-08-10 12:49:57,550][flwr][INFO] - Using initial global parameters provided by strategy
[2024-08-10 12:49:57,550][flwr][INFO] - Evaluating initial global parameters
[2024-08-10 12:49:57,550][flwr][INFO] - 
[2024-08-10 12:49:57,550][flwr][INFO] - [ROUND 1]
[2024-08-10 12:50:03,314][flwr][INFO] - configure_fit: strategy sampled 5 clients (out of 5)
[2024-08-10 12:51:39,676][flwr][INFO] - aggregate_fit: received 5 results and 0 failures
[2024-08-10 12:51:39,704][flwr][WARNING] - No fit_metrics_aggregation_fn provided
[2024-08-10 12:51:39,705][flwr][INFO] - configure_evaluate: strategy sampled 5 clients (out of 5)
[2024-08-10 12:51:46,550][flwr][INFO] - aggregate_evaluate: received 5 results and 0 failures
[2024-08-10 12:51:46,551][flwr][INFO] - 
[2024-08-10 12:51:46,551][flwr][INFO] - [ROUND 2]
[2024-08-10 12:51:46,551][flwr][INFO] - configure_fit: strategy sampled 5 clients (out of 5)
[2024-08-10 12:53:13,556][flwr][INFO] - aggregate_fit: received 5 results and 0 failures
[2024-08-10 12:53:13,592][flwr][INFO] - configure_evaluate: strategy sampled 5 clients (out of 5)
[2024-08-10 12:53:21,079][flwr][INFO] - aggregate_evaluate: received 5 results and 0 failures
[2024-08-10 12:53:21,080][flwr][INFO] - 
[2024-08-10 12:53:21,080][flwr][INFO] - [ROUND 3]
[2024-08-10 12:53:21,080][flwr][INFO] - configure_fit: strategy sampled 5 clients (out of 5)
[2024-08-10 12:54:51,456][flwr][INFO] - aggregate_fit: received 5 results and 0 failures
[2024-08-10 12:54:51,491][flwr][INFO] - configure_evaluate: strategy sampled 5 clients (out of 5)
[2024-08-10 12:54:58,614][flwr][INFO] - aggregate_evaluate: received 5 results and 0 failures
[2024-08-10 12:54:58,615][flwr][INFO] - 
[2024-08-10 12:54:58,615][flwr][INFO] - [ROUND 4]
[2024-08-10 12:54:58,615][flwr][INFO] - configure_fit: strategy sampled 5 clients (out of 5)
[2024-08-10 12:56:30,177][flwr][INFO] - aggregate_fit: received 5 results and 0 failures
[2024-08-10 12:56:30,212][flwr][INFO] - configure_evaluate: strategy sampled 5 clients (out of 5)
[2024-08-10 12:56:37,235][flwr][INFO] - aggregate_evaluate: received 5 results and 0 failures
[2024-08-10 12:56:37,236][flwr][INFO] - 
[2024-08-10 12:56:37,236][flwr][INFO] - [ROUND 5]
[2024-08-10 12:56:37,236][flwr][INFO] - configure_fit: strategy sampled 5 clients (out of 5)
[2024-08-10 12:58:04,347][flwr][INFO] - aggregate_fit: received 5 results and 0 failures
[2024-08-10 12:58:04,470][absl][WARNING] - You are saving your model as an HDF5 file via `model.save()` or `keras.saving.save_model(model)`. This file format is considered legacy. We recommend using instead the native Keras format, e.g. `model.save('my_model.keras')` or `keras.saving.save_model(model, 'my_model.keras')`. 
[2024-08-10 12:58:04,520][flwr][INFO] - configure_evaluate: strategy sampled 5 clients (out of 5)
[2024-08-10 12:58:11,435][flwr][INFO] - aggregate_evaluate: received 5 results and 0 failures
[2024-08-10 12:58:11,438][flwr][INFO] - 
[2024-08-10 12:58:11,438][flwr][INFO] - [SUMMARY]
[2024-08-10 12:58:11,438][flwr][INFO] - Run finished 5 round(s) in 493.89s
[2024-08-10 12:58:11,439][flwr][INFO] - 	History (loss, distributed):
[2024-08-10 12:58:11,439][flwr][INFO] - 		round 1: 0.4305071483958851
[2024-08-10 12:58:11,439][flwr][INFO] - 		round 2: 0.2315467818216844
[2024-08-10 12:58:11,439][flwr][INFO] - 		round 3: 0.1766886749050834
[2024-08-10 12:58:11,439][flwr][INFO] - 		round 4: 0.10209659669886936
[2024-08-10 12:58:11,439][flwr][INFO] - 		round 5: 0.07478277872909199
[2024-08-10 12:58:11,439][flwr][INFO] - 	History (metrics, distributed, evaluate):
[2024-08-10 12:58:11,439][flwr][INFO] - 	{'accuracy': [(1, 0.8021159291267395),
[2024-08-10 12:58:11,439][flwr][INFO] - 	              (2, 0.9200078129768372),
[2024-08-10 12:58:11,440][flwr][INFO] - 	              (3, 0.941524088382721),
[2024-08-10 12:58:11,440][flwr][INFO] - 	              (4, 0.9744592308998108),
[2024-08-10 12:58:11,440][flwr][INFO] - 	              (5, 0.977692472934723)],
[2024-08-10 12:58:11,440][flwr][INFO] - 	 'loss': [(1, 0.4183861255645752),
[2024-08-10 12:58:11,440][flwr][INFO] - 	          (2, 0.21747493147850036),
[2024-08-10 12:58:11,440][flwr][INFO] - 	          (3, 0.16747193336486815),
[2024-08-10 12:58:11,440][flwr][INFO] - 	          (4, 0.09295129254460335),
[2024-08-10 12:58:11,442][flwr][INFO] - 	          (5, 0.06933242678642274)]}
[2024-08-10 12:58:11,442][flwr][INFO] - 
[2024-08-10 12:58:53,657][absl][WARNING] - Compiled the loaded model, but the compiled metrics have yet to be built. `model.compile_metrics` will be empty until you train or evaluate the model.
