[2024-07-27 15:46:46,462][flwr][INFO] - Starting Flower server, config: num_rounds=4, no round_timeout
[2024-07-27 15:46:46,482][flwr][INFO] - Flower ECE: gRPC server running (4 rounds), SSL is disabled
[2024-07-27 15:46:46,482][flwr][INFO] - [INIT]
[2024-07-27 15:46:46,482][flwr][INFO] - Using initial global parameters provided by strategy
[2024-07-27 15:46:46,482][flwr][INFO] - Evaluating initial global parameters
[2024-07-27 15:46:46,482][flwr][INFO] - 
[2024-07-27 15:46:46,482][flwr][INFO] - [ROUND 1]
[2024-07-27 15:46:49,083][flwr][INFO] - configure_fit: strategy sampled 2 clients (out of 2)
[2024-07-27 15:46:53,803][flwr][INFO] - aggregate_fit: received 2 results and 0 failures
[2024-07-27 15:46:53,819][flwr][WARNING] - No fit_metrics_aggregation_fn provided
[2024-07-27 15:46:53,823][flwr][INFO] - configure_evaluate: strategy sampled 2 clients (out of 2)
[2024-07-27 15:46:54,200][flwr][INFO] - aggregate_evaluate: received 2 results and 0 failures
[2024-07-27 15:46:54,200][flwr][INFO] - 
[2024-07-27 15:46:54,200][flwr][INFO] - [ROUND 2]
[2024-07-27 15:46:54,200][flwr][INFO] - configure_fit: strategy sampled 2 clients (out of 2)
[2024-07-27 15:46:57,274][flwr][INFO] - aggregate_fit: received 2 results and 0 failures
[2024-07-27 15:46:57,289][flwr][INFO] - configure_evaluate: strategy sampled 2 clients (out of 2)
[2024-07-27 15:46:57,566][flwr][INFO] - aggregate_evaluate: received 2 results and 0 failures
[2024-07-27 15:46:57,566][flwr][INFO] - 
[2024-07-27 15:46:57,566][flwr][INFO] - [ROUND 3]
[2024-07-27 15:46:57,566][flwr][INFO] - configure_fit: strategy sampled 2 clients (out of 2)
[2024-07-27 15:47:00,275][flwr][INFO] - aggregate_fit: received 2 results and 0 failures
[2024-07-27 15:47:00,285][flwr][INFO] - configure_evaluate: strategy sampled 2 clients (out of 2)
[2024-07-27 15:47:00,549][flwr][INFO] - aggregate_evaluate: received 2 results and 0 failures
[2024-07-27 15:47:00,549][flwr][INFO] - 
[2024-07-27 15:47:00,549][flwr][INFO] - [ROUND 4]
[2024-07-27 15:47:00,549][flwr][INFO] - configure_fit: strategy sampled 2 clients (out of 2)
[2024-07-27 15:47:03,181][flwr][INFO] - aggregate_fit: received 2 results and 0 failures
[2024-07-27 15:47:03,192][flwr][INFO] - configure_evaluate: strategy sampled 2 clients (out of 2)
[2024-07-27 15:47:03,465][flwr][INFO] - aggregate_evaluate: received 2 results and 0 failures
[2024-07-27 15:47:03,465][flwr][INFO] - 
[2024-07-27 15:47:03,465][flwr][INFO] - [SUMMARY]
[2024-07-27 15:47:03,466][flwr][INFO] - Run finished 4 round(s) in 16.98s
[2024-07-27 15:47:03,466][flwr][INFO] - 	History (loss, distributed):
[2024-07-27 15:47:03,466][flwr][INFO] - 		round 1: 0.3775947690010071
[2024-07-27 15:47:03,466][flwr][INFO] - 		round 2: 0.3312546908855438
[2024-07-27 15:47:03,466][flwr][INFO] - 		round 3: 0.30998069047927856
[2024-07-27 15:47:03,466][flwr][INFO] - 		round 4: 0.25152623653411865
[2024-07-27 15:47:03,466][flwr][INFO] - 	History (metrics, distributed, evaluate):
[2024-07-27 15:47:03,466][flwr][INFO] - 	{'accuracy': [(1, 0.8444444537162781),
[2024-07-27 15:47:03,466][flwr][INFO] - 	              (2, 0.8888888955116272),
[2024-07-27 15:47:03,466][flwr][INFO] - 	              (3, 0.9333333373069763),
[2024-07-27 15:47:03,466][flwr][INFO] - 	              (4, 0.8666666746139526)],
[2024-07-27 15:47:03,466][flwr][INFO] - 	 'loss': [(1, 0.3775947690010071),
[2024-07-27 15:47:03,466][flwr][INFO] - 	          (2, 0.3312546908855438),
[2024-07-27 15:47:03,466][flwr][INFO] - 	          (3, 0.30998069047927856),
[2024-07-27 15:47:03,466][flwr][INFO] - 	          (4, 0.25152623653411865)]}
[2024-07-27 15:47:03,466][flwr][INFO] - 
