[2024-07-29 14:58:12,418][flwr][INFO] - Starting Flower server, config: num_rounds=4, no round_timeout
[2024-07-29 14:58:12,462][flwr][INFO] - Flower ECE: gRPC server running (4 rounds), SSL is disabled
[2024-07-29 14:58:12,462][flwr][INFO] - [INIT]
[2024-07-29 14:58:12,462][flwr][INFO] - Using initial global parameters provided by strategy
[2024-07-29 14:58:12,462][flwr][INFO] - Evaluating initial global parameters
[2024-07-29 14:58:12,462][flwr][INFO] - 
[2024-07-29 14:58:12,462][flwr][INFO] - [ROUND 1]
[2024-07-29 14:58:23,755][flwr][INFO] - configure_fit: strategy sampled 2 clients (out of 2)
[2024-07-29 14:58:31,338][flwr][INFO] - aggregate_fit: received 2 results and 0 failures
[2024-07-29 14:58:31,401][flwr][WARNING] - No fit_metrics_aggregation_fn provided
[2024-07-29 14:58:31,404][flwr][INFO] - configure_evaluate: strategy sampled 2 clients (out of 2)
[2024-07-29 14:58:32,136][flwr][INFO] - aggregate_evaluate: received 2 results and 0 failures
[2024-07-29 14:58:32,136][flwr][INFO] - 
[2024-07-29 14:58:32,136][flwr][INFO] - [ROUND 2]
[2024-07-29 14:58:32,136][flwr][INFO] - configure_fit: strategy sampled 2 clients (out of 2)
[2024-07-29 14:58:38,964][flwr][INFO] - aggregate_fit: received 2 results and 0 failures
[2024-07-29 14:58:39,020][flwr][INFO] - configure_evaluate: strategy sampled 2 clients (out of 2)
[2024-07-29 14:58:39,696][flwr][INFO] - aggregate_evaluate: received 2 results and 0 failures
[2024-07-29 14:58:39,696][flwr][INFO] - 
[2024-07-29 14:58:39,696][flwr][INFO] - [ROUND 3]
[2024-07-29 14:58:39,696][flwr][INFO] - configure_fit: strategy sampled 2 clients (out of 2)
[2024-07-29 14:58:46,420][flwr][INFO] - aggregate_fit: received 2 results and 0 failures
[2024-07-29 14:58:46,497][flwr][INFO] - configure_evaluate: strategy sampled 2 clients (out of 2)
[2024-07-29 14:58:47,086][flwr][INFO] - aggregate_evaluate: received 2 results and 0 failures
[2024-07-29 14:58:47,086][flwr][INFO] - 
[2024-07-29 14:58:47,086][flwr][INFO] - [ROUND 4]
[2024-07-29 14:58:47,086][flwr][INFO] - configure_fit: strategy sampled 2 clients (out of 2)
[2024-07-29 14:58:54,092][flwr][INFO] - aggregate_fit: received 2 results and 0 failures
[2024-07-29 14:58:54,209][absl][WARNING] - You are saving your model as an HDF5 file via `model.save()` or `keras.saving.save_model(model)`. This file format is considered legacy. We recommend using instead the native Keras format, e.g. `model.save('my_model.keras')` or `keras.saving.save_model(model, 'my_model.keras')`. 
[2024-07-29 14:58:54,289][flwr][INFO] - configure_evaluate: strategy sampled 2 clients (out of 2)
[2024-07-29 14:58:54,948][flwr][INFO] - aggregate_evaluate: received 2 results and 0 failures
[2024-07-29 14:58:54,950][flwr][INFO] - 
[2024-07-29 14:58:54,950][flwr][INFO] - [SUMMARY]
[2024-07-29 14:58:54,950][flwr][INFO] - Run finished 4 round(s) in 42.49s
[2024-07-29 14:58:54,951][flwr][INFO] - 	History (loss, distributed):
[2024-07-29 14:58:54,951][flwr][INFO] - 		round 1: 0.3980444669723511
[2024-07-29 14:58:54,951][flwr][INFO] - 		round 2: 0.3520050048828125
[2024-07-29 14:58:54,951][flwr][INFO] - 		round 3: 0.32509857416152954
[2024-07-29 14:58:54,951][flwr][INFO] - 		round 4: 0.2965284287929535
[2024-07-29 14:58:54,951][flwr][INFO] - 	History (metrics, distributed, evaluate):
[2024-07-29 14:58:54,951][flwr][INFO] - 	{'accuracy': [(1, 0.8222222328186035),
[2024-07-29 14:58:54,951][flwr][INFO] - 	              (2, 0.8666666746139526),
[2024-07-29 14:58:54,951][flwr][INFO] - 	              (3, 0.8888888955116272),
[2024-07-29 14:58:54,952][flwr][INFO] - 	              (4, 0.8888888955116272)],
[2024-07-29 14:58:54,952][flwr][INFO] - 	 'loss': [(1, 0.3980444669723511),
[2024-07-29 14:58:54,952][flwr][INFO] - 	          (2, 0.3520050048828125),
[2024-07-29 14:58:54,952][flwr][INFO] - 	          (3, 0.32509857416152954),
[2024-07-29 14:58:54,952][flwr][INFO] - 	          (4, 0.2965284287929535)]}
[2024-07-29 14:58:54,952][flwr][INFO] - 
