[2024-08-10 15:16:58,302][flwr][INFO] - Starting Flower server, config: num_rounds=5, no round_timeout
[2024-08-10 15:16:58,347][flwr][INFO] - Flower ECE: gRPC server running (5 rounds), SSL is disabled
[2024-08-10 15:16:58,348][flwr][INFO] - [INIT]
[2024-08-10 15:16:58,348][flwr][INFO] - Using initial global parameters provided by strategy
[2024-08-10 15:16:58,348][flwr][INFO] - Evaluating initial global parameters
[2024-08-10 15:16:58,348][flwr][INFO] - 
[2024-08-10 15:16:58,348][flwr][INFO] - [ROUND 1]
[2024-08-10 15:16:58,630][flwr][INFO] - configure_fit: strategy sampled 4 clients (out of 4)
[2024-08-10 15:18:10,005][flwr][INFO] - aggregate_fit: received 4 results and 0 failures
[2024-08-10 15:18:10,030][flwr][WARNING] - No fit_metrics_aggregation_fn provided
[2024-08-10 15:18:10,032][flwr][INFO] - configure_evaluate: strategy sampled 4 clients (out of 4)
[2024-08-10 15:18:15,310][flwr][INFO] - aggregate_evaluate: received 4 results and 0 failures
[2024-08-10 15:18:15,311][flwr][INFO] - 
[2024-08-10 15:18:15,311][flwr][INFO] - [ROUND 2]
[2024-08-10 15:18:15,311][flwr][INFO] - configure_fit: strategy sampled 4 clients (out of 4)
[2024-08-10 15:19:23,969][flwr][INFO] - aggregate_fit: received 4 results and 0 failures
[2024-08-10 15:19:23,996][flwr][INFO] - configure_evaluate: strategy sampled 4 clients (out of 4)
[2024-08-10 15:19:29,237][flwr][INFO] - aggregate_evaluate: received 4 results and 0 failures
[2024-08-10 15:19:29,237][flwr][INFO] - 
[2024-08-10 15:19:29,237][flwr][INFO] - [ROUND 3]
[2024-08-10 15:19:29,237][flwr][INFO] - configure_fit: strategy sampled 4 clients (out of 4)
[2024-08-10 15:20:30,760][flwr][INFO] - aggregate_fit: received 4 results and 0 failures
[2024-08-10 15:20:30,784][flwr][INFO] - configure_evaluate: strategy sampled 4 clients (out of 4)
[2024-08-10 15:20:35,904][flwr][INFO] - aggregate_evaluate: received 4 results and 0 failures
[2024-08-10 15:20:35,904][flwr][INFO] - 
[2024-08-10 15:20:35,904][flwr][INFO] - [ROUND 4]
[2024-08-10 15:20:35,905][flwr][INFO] - configure_fit: strategy sampled 4 clients (out of 4)
[2024-08-10 15:21:34,650][flwr][INFO] - aggregate_fit: received 4 results and 0 failures
[2024-08-10 15:21:34,676][flwr][INFO] - configure_evaluate: strategy sampled 4 clients (out of 4)
[2024-08-10 15:21:39,991][flwr][INFO] - aggregate_evaluate: received 4 results and 0 failures
[2024-08-10 15:21:39,992][flwr][INFO] - 
[2024-08-10 15:21:39,992][flwr][INFO] - [ROUND 5]
[2024-08-10 15:21:39,992][flwr][INFO] - configure_fit: strategy sampled 4 clients (out of 4)
[2024-08-10 15:22:39,398][flwr][INFO] - aggregate_fit: received 4 results and 0 failures
[2024-08-10 15:22:39,461][absl][WARNING] - You are saving your model as an HDF5 file via `model.save()` or `keras.saving.save_model(model)`. This file format is considered legacy. We recommend using instead the native Keras format, e.g. `model.save('my_model.keras')` or `keras.saving.save_model(model, 'my_model.keras')`. 
[2024-08-10 15:22:39,500][flwr][INFO] - configure_evaluate: strategy sampled 4 clients (out of 4)
[2024-08-10 15:22:44,590][flwr][INFO] - aggregate_evaluate: received 4 results and 0 failures
[2024-08-10 15:22:44,592][flwr][INFO] - 
[2024-08-10 15:22:44,593][flwr][INFO] - [SUMMARY]
[2024-08-10 15:22:44,593][flwr][INFO] - Run finished 5 round(s) in 346.24s
[2024-08-10 15:22:44,593][flwr][INFO] - 	History (loss, distributed):
[2024-08-10 15:22:44,593][flwr][INFO] - 		round 1: 0.4777854891811929
[2024-08-10 15:22:44,593][flwr][INFO] - 		round 2: 0.3408628731239133
[2024-08-10 15:22:44,593][flwr][INFO] - 		round 3: 0.2252861788360084
[2024-08-10 15:22:44,593][flwr][INFO] - 		round 4: 0.1451108835455848
[2024-08-10 15:22:44,593][flwr][INFO] - 		round 5: 0.0876436066336748
[2024-08-10 15:22:44,593][flwr][INFO] - 	History (metrics, distributed, evaluate):
[2024-08-10 15:22:44,594][flwr][INFO] - 	{'accuracy': [(1, 0.7946371883153915),
[2024-08-10 15:22:44,594][flwr][INFO] - 	              (2, 0.8594029545783997),
[2024-08-10 15:22:44,594][flwr][INFO] - 	              (3, 0.9308612644672394),
[2024-08-10 15:22:44,594][flwr][INFO] - 	              (4, 0.9619262963533401),
[2024-08-10 15:22:44,594][flwr][INFO] - 	              (5, 0.9786323457956314)],
[2024-08-10 15:22:44,594][flwr][INFO] - 	 'loss': [(1, 0.4587572142481804),
[2024-08-10 15:22:44,594][flwr][INFO] - 	          (2, 0.3272535353899002),
[2024-08-10 15:22:44,594][flwr][INFO] - 	          (3, 0.21211694553494453),
[2024-08-10 15:22:44,594][flwr][INFO] - 	          (4, 0.1330463271588087),
[2024-08-10 15:22:44,594][flwr][INFO] - 	          (5, 0.08071374893188477)]}
[2024-08-10 15:22:44,594][flwr][INFO] - 
[2024-08-10 15:28:42,441][absl][WARNING] - Compiled the loaded model, but the compiled metrics have yet to be built. `model.compile_metrics` will be empty until you train or evaluate the model.
