[2024-08-05 10:54:07,657][flwr][INFO] - Starting Flower server, config: num_rounds=4, no round_timeout
[2024-08-05 10:54:07,674][flwr][INFO] - Flower ECE: gRPC server running (4 rounds), SSL is disabled
[2024-08-05 10:54:07,674][flwr][INFO] - [INIT]
[2024-08-05 10:54:07,674][flwr][INFO] - Using initial global parameters provided by strategy
[2024-08-05 10:54:07,674][flwr][INFO] - Evaluating initial global parameters
[2024-08-05 10:54:07,674][flwr][INFO] - 
[2024-08-05 10:54:07,674][flwr][INFO] - [ROUND 1]
[2024-08-05 10:54:18,602][flwr][INFO] - configure_fit: strategy sampled 4 clients (out of 4)
[2024-08-05 10:55:55,911][flwr][INFO] - aggregate_fit: received 4 results and 0 failures
[2024-08-05 10:55:55,932][flwr][WARNING] - No fit_metrics_aggregation_fn provided
[2024-08-05 10:55:55,934][flwr][INFO] - configure_evaluate: strategy sampled 4 clients (out of 4)
[2024-08-05 10:56:03,589][flwr][INFO] - aggregate_evaluate: received 4 results and 0 failures
[2024-08-05 10:56:03,590][flwr][INFO] - 
[2024-08-05 10:56:03,590][flwr][INFO] - [ROUND 2]
[2024-08-05 10:56:03,590][flwr][INFO] - configure_fit: strategy sampled 4 clients (out of 4)
[2024-08-05 10:57:38,642][flwr][INFO] - aggregate_fit: received 4 results and 0 failures
[2024-08-05 10:57:38,665][flwr][INFO] - configure_evaluate: strategy sampled 4 clients (out of 4)
[2024-08-05 10:57:45,495][flwr][INFO] - aggregate_evaluate: received 4 results and 0 failures
[2024-08-05 10:57:45,495][flwr][INFO] - 
[2024-08-05 10:57:45,495][flwr][INFO] - [ROUND 3]
[2024-08-05 10:57:45,495][flwr][INFO] - configure_fit: strategy sampled 4 clients (out of 4)
[2024-08-05 10:59:20,033][flwr][INFO] - aggregate_fit: received 4 results and 0 failures
[2024-08-05 10:59:20,055][flwr][INFO] - configure_evaluate: strategy sampled 4 clients (out of 4)
[2024-08-05 10:59:27,322][flwr][INFO] - aggregate_evaluate: received 4 results and 0 failures
[2024-08-05 10:59:27,323][flwr][INFO] - 
[2024-08-05 10:59:27,323][flwr][INFO] - [ROUND 4]
[2024-08-05 10:59:27,323][flwr][INFO] - configure_fit: strategy sampled 4 clients (out of 4)
[2024-08-05 11:01:09,257][flwr][INFO] - aggregate_fit: received 4 results and 0 failures
[2024-08-05 11:01:09,319][absl][WARNING] - You are saving your model as an HDF5 file via `model.save()` or `keras.saving.save_model(model)`. This file format is considered legacy. We recommend using instead the native Keras format, e.g. `model.save('my_model.keras')` or `keras.saving.save_model(model, 'my_model.keras')`. 
[2024-08-05 11:01:09,346][flwr][INFO] - configure_evaluate: strategy sampled 4 clients (out of 4)
[2024-08-05 11:01:17,282][flwr][INFO] - aggregate_evaluate: received 4 results and 0 failures
[2024-08-05 11:01:17,286][flwr][INFO] - 
[2024-08-05 11:01:17,286][flwr][INFO] - [SUMMARY]
[2024-08-05 11:01:17,286][flwr][INFO] - Run finished 4 round(s) in 429.61s
[2024-08-05 11:01:17,287][flwr][INFO] - 	History (loss, distributed):
[2024-08-05 11:01:17,287][flwr][INFO] - 		round 1: 0.32328659296035767
[2024-08-05 11:01:17,287][flwr][INFO] - 		round 2: 0.17502382397651672
[2024-08-05 11:01:17,287][flwr][INFO] - 		round 3: 0.1276150643825531
[2024-08-05 11:01:17,287][flwr][INFO] - 		round 4: 0.06966780871152878
[2024-08-05 11:01:17,287][flwr][INFO] - 	History (metrics, distributed, evaluate):
[2024-08-05 11:01:17,287][flwr][INFO] - 	{'accuracy': [(1, 0.8660507798194885),
[2024-08-05 11:01:17,288][flwr][INFO] - 	              (2, 0.9422633051872253),
[2024-08-05 11:01:17,288][flwr][INFO] - 	              (3, 0.9618937373161316),
[2024-08-05 11:01:17,288][flwr][INFO] - 	              (4, 0.982679009437561)],
[2024-08-05 11:01:17,288][flwr][INFO] - 	 'loss': [(1, 0.32328659296035767),
[2024-08-05 11:01:17,288][flwr][INFO] - 	          (2, 0.17502382397651672),
[2024-08-05 11:01:17,288][flwr][INFO] - 	          (3, 0.1276150643825531),
[2024-08-05 11:01:17,288][flwr][INFO] - 	          (4, 0.06966780871152878)]}
[2024-08-05 11:01:17,288][flwr][INFO] - 
[2024-08-05 11:01:23,213][absl][WARNING] - Compiled the loaded model, but the compiled metrics have yet to be built. `model.compile_metrics` will be empty until you train or evaluate the model.
