[2024-08-13 17:10:32,614][flwr][INFO] - Starting Flower server, config: num_rounds=5, no round_timeout
[2024-08-13 17:10:32,650][flwr][INFO] - Flower ECE: gRPC server running (5 rounds), SSL is disabled
[2024-08-13 17:10:32,650][flwr][INFO] - [INIT]
[2024-08-13 17:10:32,650][flwr][INFO] - Using initial global parameters provided by strategy
[2024-08-13 17:10:32,651][flwr][INFO] - Evaluating initial global parameters
[2024-08-13 17:10:32,651][flwr][INFO] - 
[2024-08-13 17:10:32,651][flwr][INFO] - [ROUND 1]
[2024-08-13 17:10:48,945][flwr][INFO] - configure_fit: strategy sampled 5 clients (out of 5)
[2024-08-13 17:12:20,232][flwr][INFO] - aggregate_fit: received 5 results and 0 failures
[2024-08-13 17:12:20,245][flwr][WARNING] - No fit_metrics_aggregation_fn provided
[2024-08-13 17:12:20,246][flwr][INFO] - configure_evaluate: strategy sampled 5 clients (out of 5)
[2024-08-13 17:12:27,141][flwr][INFO] - aggregate_evaluate: received 5 results and 0 failures
[2024-08-13 17:12:27,141][flwr][INFO] - 
[2024-08-13 17:12:27,141][flwr][INFO] - [ROUND 2]
[2024-08-13 17:12:27,141][flwr][INFO] - configure_fit: strategy sampled 5 clients (out of 5)
[2024-08-13 17:13:56,342][flwr][INFO] - aggregate_fit: received 5 results and 0 failures
[2024-08-13 17:13:56,352][flwr][INFO] - configure_evaluate: strategy sampled 5 clients (out of 5)
[2024-08-13 17:14:03,269][flwr][INFO] - aggregate_evaluate: received 5 results and 0 failures
[2024-08-13 17:14:03,269][flwr][INFO] - 
[2024-08-13 17:14:03,269][flwr][INFO] - [ROUND 3]
[2024-08-13 17:14:03,269][flwr][INFO] - configure_fit: strategy sampled 5 clients (out of 5)
[2024-08-13 17:15:31,333][flwr][INFO] - aggregate_fit: received 5 results and 0 failures
[2024-08-13 17:15:31,341][flwr][INFO] - configure_evaluate: strategy sampled 5 clients (out of 5)
[2024-08-13 17:15:38,178][flwr][INFO] - aggregate_evaluate: received 5 results and 0 failures
[2024-08-13 17:15:38,178][flwr][INFO] - 
[2024-08-13 17:15:38,178][flwr][INFO] - [ROUND 4]
[2024-08-13 17:15:38,178][flwr][INFO] - configure_fit: strategy sampled 5 clients (out of 5)
[2024-08-13 17:17:01,171][flwr][INFO] - aggregate_fit: received 5 results and 0 failures
[2024-08-13 17:17:01,192][flwr][INFO] - configure_evaluate: strategy sampled 5 clients (out of 5)
[2024-08-13 17:17:07,906][flwr][INFO] - aggregate_evaluate: received 5 results and 0 failures
[2024-08-13 17:17:07,906][flwr][INFO] - 
[2024-08-13 17:17:07,906][flwr][INFO] - [ROUND 5]
[2024-08-13 17:17:07,906][flwr][INFO] - configure_fit: strategy sampled 5 clients (out of 5)
[2024-08-13 17:18:40,333][flwr][INFO] - aggregate_fit: received 5 results and 0 failures
[2024-08-13 17:18:40,420][absl][WARNING] - You are saving your model as an HDF5 file via `model.save()` or `keras.saving.save_model(model)`. This file format is considered legacy. We recommend using instead the native Keras format, e.g. `model.save('my_model.keras')` or `keras.saving.save_model(model, 'my_model.keras')`. 
[2024-08-13 17:18:40,468][flwr][INFO] - configure_evaluate: strategy sampled 5 clients (out of 5)
[2024-08-13 17:18:47,324][flwr][INFO] - aggregate_evaluate: received 5 results and 0 failures
[2024-08-13 17:18:47,324][flwr][INFO] - 
[2024-08-13 17:18:47,325][flwr][INFO] - [SUMMARY]
[2024-08-13 17:18:47,325][flwr][INFO] - Run finished 5 round(s) in 494.67s
[2024-08-13 17:18:47,325][flwr][INFO] - 	History (loss, distributed):
[2024-08-13 17:18:47,325][flwr][INFO] - 		round 1: 0.46235697973858225
[2024-08-13 17:18:47,325][flwr][INFO] - 		round 2: 0.2935901178555055
[2024-08-13 17:18:47,325][flwr][INFO] - 		round 3: 0.3034011401913383
[2024-08-13 17:18:47,325][flwr][INFO] - 		round 4: 0.16532297283411027
[2024-08-13 17:18:47,325][flwr][INFO] - 		round 5: 0.12744636793028224
[2024-08-13 17:18:47,325][flwr][INFO] - 	History (metrics, distributed, evaluate):
[2024-08-13 17:18:47,325][flwr][INFO] - 	{'accuracy': [(1, 0.7788244366645813),
[2024-08-13 17:18:47,325][flwr][INFO] - 	              (2, 0.9042993426322937),
[2024-08-13 17:18:47,326][flwr][INFO] - 	              (3, 0.8575635194778443),
[2024-08-13 17:18:47,326][flwr][INFO] - 	              (4, 0.9503683567047119),
[2024-08-13 17:18:47,326][flwr][INFO] - 	              (5, 0.9658117175102234)],
[2024-08-13 17:18:47,326][flwr][INFO] - 	 'loss': [(1, 0.4494300425052643),
[2024-08-13 17:18:47,326][flwr][INFO] - 	          (2, 0.28213265240192414),
[2024-08-13 17:18:47,326][flwr][INFO] - 	          (3, 0.29461478590965273),
[2024-08-13 17:18:47,326][flwr][INFO] - 	          (4, 0.1560514435172081),
[2024-08-13 17:18:47,326][flwr][INFO] - 	          (5, 0.12345877736806869)]}
[2024-08-13 17:18:47,326][flwr][INFO] - 
[2024-08-13 17:18:55,704][absl][WARNING] - Compiled the loaded model, but the compiled metrics have yet to be built. `model.compile_metrics` will be empty until you train or evaluate the model.
