[2024-07-27 10:54:40,057][flwr][INFO] - Starting Flower server, config: num_rounds=2, no round_timeout
[2024-07-27 10:54:40,093][flwr][INFO] - Flower ECE: gRPC server running (2 rounds), SSL is disabled
[2024-07-27 10:54:40,093][flwr][INFO] - [INIT]
[2024-07-27 10:54:40,093][flwr][INFO] - Using initial global parameters provided by strategy
[2024-07-27 10:54:40,093][flwr][INFO] - Evaluating initial global parameters
[2024-07-27 10:54:40,093][flwr][INFO] - 
[2024-07-27 10:54:40,097][flwr][INFO] - [ROUND 1]
[2024-07-27 10:54:43,617][flwr][INFO] - configure_fit: strategy sampled 2 clients (out of 2)
[2024-07-27 10:54:53,735][flwr][INFO] - aggregate_fit: received 0 results and 2 failures
[2024-07-27 10:54:58,961][flwr][INFO] - configure_evaluate: strategy sampled 2 clients (out of 2)
[2024-07-27 10:54:59,974][flwr][INFO] - aggregate_evaluate: received 2 results and 0 failures
[2024-07-27 10:54:59,974][flwr][INFO] - 
[2024-07-27 10:54:59,974][flwr][INFO] - [ROUND 2]
[2024-07-27 10:54:59,974][flwr][INFO] - configure_fit: strategy sampled 2 clients (out of 2)
[2024-07-27 10:55:18,528][flwr][INFO] - aggregate_fit: received 2 results and 0 failures
[2024-07-27 10:55:18,595][flwr][INFO] - configure_evaluate: strategy sampled 2 clients (out of 2)
[2024-07-27 10:55:19,479][flwr][INFO] - aggregate_evaluate: received 2 results and 0 failures
[2024-07-27 10:55:19,481][flwr][INFO] - 
[2024-07-27 10:55:19,481][flwr][INFO] - [SUMMARY]
[2024-07-27 10:55:19,481][flwr][INFO] - Run finished 2 round(s) in 39.39s
[2024-07-27 10:55:19,481][flwr][INFO] - 	History (loss, distributed):
[2024-07-27 10:55:19,481][flwr][INFO] - 		round 1: 0.6865856647491455
[2024-07-27 10:55:19,481][flwr][INFO] - 		round 2: 0.6548164486885071
[2024-07-27 10:55:19,481][flwr][INFO] - 	History (metrics, distributed, evaluate):
[2024-07-27 10:55:19,481][flwr][INFO] - 	{'accuracy': [(1, 0.6800000071525574), (2, 0.7200000286102295)],
[2024-07-27 10:55:19,481][flwr][INFO] - 	 'loss': [(1, 0.6865856647491455), (2, 0.6548164486885071)]}
[2024-07-27 10:55:19,481][flwr][INFO] - 
