[2024-07-29 15:19:43,210][flwr][INFO] - Starting Flower server, config: num_rounds=4, no round_timeout
[2024-07-29 15:19:43,228][flwr][INFO] - Flower ECE: gRPC server running (4 rounds), SSL is disabled
[2024-07-29 15:19:43,228][flwr][INFO] - [INIT]
[2024-07-29 15:19:43,228][flwr][INFO] - Using initial global parameters provided by strategy
[2024-07-29 15:19:43,228][flwr][INFO] - Evaluating initial global parameters
[2024-07-29 15:19:43,228][flwr][INFO] - 
[2024-07-29 15:19:43,228][flwr][INFO] - [ROUND 1]
[2024-07-29 15:19:49,328][flwr][INFO] - configure_fit: strategy sampled 2 clients (out of 2)
[2024-07-29 15:19:57,114][flwr][INFO] - aggregate_fit: received 2 results and 0 failures
[2024-07-29 15:19:57,171][flwr][WARNING] - No fit_metrics_aggregation_fn provided
[2024-07-29 15:19:57,174][flwr][INFO] - configure_evaluate: strategy sampled 2 clients (out of 2)
[2024-07-29 15:19:57,824][flwr][INFO] - aggregate_evaluate: received 2 results and 0 failures
[2024-07-29 15:19:57,824][flwr][INFO] - 
[2024-07-29 15:19:57,824][flwr][INFO] - [ROUND 2]
[2024-07-29 15:19:57,824][flwr][INFO] - configure_fit: strategy sampled 2 clients (out of 2)
[2024-07-29 15:20:04,336][flwr][INFO] - aggregate_fit: received 2 results and 0 failures
[2024-07-29 15:20:04,402][flwr][INFO] - configure_evaluate: strategy sampled 2 clients (out of 2)
[2024-07-29 15:20:04,996][flwr][INFO] - aggregate_evaluate: received 2 results and 0 failures
[2024-07-29 15:20:04,996][flwr][INFO] - 
[2024-07-29 15:20:04,996][flwr][INFO] - [ROUND 3]
[2024-07-29 15:20:04,996][flwr][INFO] - configure_fit: strategy sampled 2 clients (out of 2)
[2024-07-29 15:20:11,518][flwr][INFO] - aggregate_fit: received 2 results and 0 failures
[2024-07-29 15:20:11,582][flwr][INFO] - configure_evaluate: strategy sampled 2 clients (out of 2)
[2024-07-29 15:20:12,189][flwr][INFO] - aggregate_evaluate: received 2 results and 0 failures
[2024-07-29 15:20:12,189][flwr][INFO] - 
[2024-07-29 15:20:12,189][flwr][INFO] - [ROUND 4]
[2024-07-29 15:20:12,189][flwr][INFO] - configure_fit: strategy sampled 2 clients (out of 2)
[2024-07-29 15:20:18,788][flwr][INFO] - aggregate_fit: received 2 results and 0 failures
[2024-07-29 15:20:18,906][absl][WARNING] - You are saving your model as an HDF5 file via `model.save()` or `keras.saving.save_model(model)`. This file format is considered legacy. We recommend using instead the native Keras format, e.g. `model.save('my_model.keras')` or `keras.saving.save_model(model, 'my_model.keras')`. 
[2024-07-29 15:20:18,969][flwr][INFO] - configure_evaluate: strategy sampled 2 clients (out of 2)
[2024-07-29 15:20:19,598][flwr][INFO] - aggregate_evaluate: received 2 results and 0 failures
[2024-07-29 15:20:19,600][flwr][INFO] - 
[2024-07-29 15:20:19,600][flwr][INFO] - [SUMMARY]
[2024-07-29 15:20:19,600][flwr][INFO] - Run finished 4 round(s) in 36.37s
[2024-07-29 15:20:19,600][flwr][INFO] - 	History (loss, distributed):
[2024-07-29 15:20:19,600][flwr][INFO] - 		round 1: 0.41728514432907104
[2024-07-29 15:20:19,600][flwr][INFO] - 		round 2: 0.392301470041275
[2024-07-29 15:20:19,600][flwr][INFO] - 		round 3: 0.3603352904319763
[2024-07-29 15:20:19,600][flwr][INFO] - 		round 4: 0.28632548451423645
[2024-07-29 15:20:19,600][flwr][INFO] - 	History (metrics, distributed, evaluate):
[2024-07-29 15:20:19,600][flwr][INFO] - 	{'accuracy': [(1, 0.8222222328186035),
[2024-07-29 15:20:19,600][flwr][INFO] - 	              (2, 0.8222222328186035),
[2024-07-29 15:20:19,600][flwr][INFO] - 	              (3, 0.9111111164093018),
[2024-07-29 15:20:19,600][flwr][INFO] - 	              (4, 0.8888888955116272)],
[2024-07-29 15:20:19,600][flwr][INFO] - 	 'loss': [(1, 0.41728514432907104),
[2024-07-29 15:20:19,600][flwr][INFO] - 	          (2, 0.392301470041275),
[2024-07-29 15:20:19,600][flwr][INFO] - 	          (3, 0.3603352904319763),
[2024-07-29 15:20:19,600][flwr][INFO] - 	          (4, 0.28632548451423645)]}
[2024-07-29 15:20:19,600][flwr][INFO] - 
[2024-07-29 15:20:26,486][absl][WARNING] - Compiled the loaded model, but the compiled metrics have yet to be built. `model.compile_metrics` will be empty until you train or evaluate the model.
