[2024-07-30 11:01:14,189][flwr][INFO] - Starting Flower server, config: num_rounds=2, no round_timeout
[2024-07-30 11:01:14,207][flwr][INFO] - Flower ECE: gRPC server running (2 rounds), SSL is disabled
[2024-07-30 11:01:14,208][flwr][INFO] - [INIT]
[2024-07-30 11:01:14,208][flwr][INFO] - Using initial global parameters provided by strategy
[2024-07-30 11:01:14,208][flwr][INFO] - Evaluating initial global parameters
[2024-07-30 11:01:14,208][flwr][INFO] - 
[2024-07-30 11:01:14,208][flwr][INFO] - [ROUND 1]
[2024-07-30 11:01:17,199][flwr][INFO] - configure_fit: strategy sampled 2 clients (out of 2)
[2024-07-30 11:01:24,725][flwr][INFO] - aggregate_fit: received 2 results and 0 failures
[2024-07-30 11:01:24,783][flwr][WARNING] - No fit_metrics_aggregation_fn provided
[2024-07-30 11:01:24,786][flwr][INFO] - configure_evaluate: strategy sampled 2 clients (out of 2)
[2024-07-30 11:01:25,453][flwr][INFO] - aggregate_evaluate: received 2 results and 0 failures
[2024-07-30 11:01:25,453][flwr][INFO] - 
[2024-07-30 11:01:25,453][flwr][INFO] - [ROUND 2]
[2024-07-30 11:01:25,453][flwr][INFO] - configure_fit: strategy sampled 2 clients (out of 2)
[2024-07-30 11:01:32,069][flwr][INFO] - aggregate_fit: received 2 results and 0 failures
[2024-07-30 11:01:32,162][absl][WARNING] - You are saving your model as an HDF5 file via `model.save()` or `keras.saving.save_model(model)`. This file format is considered legacy. We recommend using instead the native Keras format, e.g. `model.save('my_model.keras')` or `keras.saving.save_model(model, 'my_model.keras')`. 
[2024-07-30 11:01:32,202][flwr][INFO] - configure_evaluate: strategy sampled 2 clients (out of 2)
[2024-07-30 11:01:32,837][flwr][INFO] - aggregate_evaluate: received 2 results and 0 failures
[2024-07-30 11:01:32,839][flwr][INFO] - 
[2024-07-30 11:01:32,839][flwr][INFO] - [SUMMARY]
[2024-07-30 11:01:32,839][flwr][INFO] - Run finished 2 round(s) in 18.63s
[2024-07-30 11:01:32,839][flwr][INFO] - 	History (loss, distributed):
[2024-07-30 11:01:32,839][flwr][INFO] - 		round 1: 0.47779181599617004
[2024-07-30 11:01:32,839][flwr][INFO] - 		round 2: 0.44622930884361267
[2024-07-30 11:01:32,839][flwr][INFO] - 	History (metrics, distributed, evaluate):
[2024-07-30 11:01:32,839][flwr][INFO] - 	{'accuracy': [(1, 0.8444444537162781), (2, 0.800000011920929)],
[2024-07-30 11:01:32,839][flwr][INFO] - 	 'loss': [(1, 0.47779181599617004), (2, 0.44622930884361267)]}
[2024-07-30 11:01:32,839][flwr][INFO] - 
[2024-07-30 11:02:10,175][absl][WARNING] - Compiled the loaded model, but the compiled metrics have yet to be built. `model.compile_metrics` will be empty until you train or evaluate the model.
