[2024-07-27 15:30:55,542][flwr][INFO] - Starting Flower server, config: num_rounds=4, no round_timeout
[2024-07-27 15:30:55,576][flwr][INFO] - Flower ECE: gRPC server running (4 rounds), SSL is disabled
[2024-07-27 15:30:55,577][flwr][INFO] - [INIT]
[2024-07-27 15:30:55,577][flwr][INFO] - Using initial global parameters provided by strategy
[2024-07-27 15:30:55,577][flwr][INFO] - Evaluating initial global parameters
[2024-07-27 15:30:55,577][flwr][INFO] - 
[2024-07-27 15:30:55,577][flwr][INFO] - [ROUND 1]
[2024-07-27 15:30:59,583][flwr][INFO] - configure_fit: strategy sampled 2 clients (out of 2)
[2024-07-27 15:31:02,823][flwr][INFO] - aggregate_fit: received 2 results and 0 failures
[2024-07-27 15:31:02,834][flwr][WARNING] - No fit_metrics_aggregation_fn provided
[2024-07-27 15:31:02,835][flwr][INFO] - configure_evaluate: strategy sampled 2 clients (out of 2)
[2024-07-27 15:31:03,145][flwr][INFO] - aggregate_evaluate: received 2 results and 0 failures
[2024-07-27 15:31:03,145][flwr][INFO] - 
[2024-07-27 15:31:03,145][flwr][INFO] - [ROUND 2]
[2024-07-27 15:31:03,145][flwr][INFO] - configure_fit: strategy sampled 2 clients (out of 2)
[2024-07-27 15:31:05,725][flwr][INFO] - aggregate_fit: received 2 results and 0 failures
[2024-07-27 15:31:05,739][flwr][INFO] - configure_evaluate: strategy sampled 2 clients (out of 2)
[2024-07-27 15:31:06,003][flwr][INFO] - aggregate_evaluate: received 2 results and 0 failures
[2024-07-27 15:31:06,003][flwr][INFO] - 
[2024-07-27 15:31:06,004][flwr][INFO] - [ROUND 3]
[2024-07-27 15:31:06,004][flwr][INFO] - configure_fit: strategy sampled 2 clients (out of 2)
[2024-07-27 15:31:08,539][flwr][INFO] - aggregate_fit: received 2 results and 0 failures
[2024-07-27 15:31:08,552][flwr][INFO] - configure_evaluate: strategy sampled 2 clients (out of 2)
[2024-07-27 15:31:08,814][flwr][INFO] - aggregate_evaluate: received 2 results and 0 failures
[2024-07-27 15:31:08,814][flwr][INFO] - 
[2024-07-27 15:31:08,814][flwr][INFO] - [ROUND 4]
[2024-07-27 15:31:08,814][flwr][INFO] - configure_fit: strategy sampled 2 clients (out of 2)
[2024-07-27 15:31:11,357][flwr][INFO] - aggregate_fit: received 2 results and 0 failures
[2024-07-27 15:31:11,369][flwr][INFO] - configure_evaluate: strategy sampled 2 clients (out of 2)
[2024-07-27 15:31:11,634][flwr][INFO] - aggregate_evaluate: received 2 results and 0 failures
[2024-07-27 15:31:11,635][flwr][INFO] - 
[2024-07-27 15:31:11,635][flwr][INFO] - [SUMMARY]
[2024-07-27 15:31:11,635][flwr][INFO] - Run finished 4 round(s) in 16.06s
[2024-07-27 15:31:11,635][flwr][INFO] - 	History (loss, distributed):
[2024-07-27 15:31:11,635][flwr][INFO] - 		round 1: 0.4084663689136505
[2024-07-27 15:31:11,635][flwr][INFO] - 		round 2: 0.3583211600780487
[2024-07-27 15:31:11,635][flwr][INFO] - 		round 3: 0.2335507720708847
[2024-07-27 15:31:11,635][flwr][INFO] - 		round 4: 0.24453429877758026
[2024-07-27 15:31:11,635][flwr][INFO] - 	History (metrics, distributed, evaluate):
[2024-07-27 15:31:11,635][flwr][INFO] - 	{'accuracy': [(1, 0.8444444537162781),
[2024-07-27 15:31:11,635][flwr][INFO] - 	              (2, 0.8666666746139526),
[2024-07-27 15:31:11,636][flwr][INFO] - 	              (3, 0.9111111164093018),
[2024-07-27 15:31:11,636][flwr][INFO] - 	              (4, 0.9333333373069763)],
[2024-07-27 15:31:11,636][flwr][INFO] - 	 'loss': [(1, 0.4084663689136505),
[2024-07-27 15:31:11,636][flwr][INFO] - 	          (2, 0.3583211600780487),
[2024-07-27 15:31:11,636][flwr][INFO] - 	          (3, 0.2335507720708847),
[2024-07-27 15:31:11,636][flwr][INFO] - 	          (4, 0.24453429877758026)]}
[2024-07-27 15:31:11,636][flwr][INFO] - 
