[2024-08-12 19:19:53,641][flwr][INFO] - Starting Flower server, config: num_rounds=2, no round_timeout
[2024-08-12 19:19:53,671][flwr][INFO] - Flower ECE: gRPC server running (2 rounds), SSL is disabled
[2024-08-12 19:19:53,672][flwr][INFO] - [INIT]
[2024-08-12 19:19:53,672][flwr][INFO] - Using initial global parameters provided by strategy
[2024-08-12 19:19:53,672][flwr][INFO] - Evaluating initial global parameters
[2024-08-12 19:19:53,672][flwr][INFO] - 
[2024-08-12 19:19:53,672][flwr][INFO] - [ROUND 1]
[2024-08-12 19:20:03,041][flwr][INFO] - configure_fit: strategy sampled 2 clients (out of 2)
[2024-08-12 19:20:37,258][flwr][INFO] - aggregate_fit: received 2 results and 0 failures
[2024-08-12 19:20:37,270][flwr][INFO] - aggregate_fit: parameters are clipped by value: 1.0000.
[2024-08-12 19:20:37,280][flwr][INFO] - aggregate_fit: parameters are clipped by value: 1.0000.
[2024-08-12 19:20:37,293][flwr][WARNING] - No fit_metrics_aggregation_fn provided
[2024-08-12 19:20:37,345][flwr][INFO] - aggregate_fit: central DP noise with 0.2500 stdev added
[2024-08-12 19:20:37,346][flwr][INFO] - configure_evaluate: strategy sampled 2 clients (out of 2)
[2024-08-12 19:20:41,066][flwr][INFO] - aggregate_evaluate: received 2 results and 0 failures
[2024-08-12 19:20:41,067][flwr][INFO] - 
[2024-08-12 19:20:41,067][flwr][INFO] - [ROUND 2]
[2024-08-12 19:20:41,072][flwr][INFO] - configure_fit: strategy sampled 2 clients (out of 2)
[2024-08-12 19:21:14,829][flwr][INFO] - aggregate_fit: received 2 results and 0 failures
[2024-08-12 19:21:14,838][flwr][INFO] - aggregate_fit: parameters are clipped by value: 1.0000.
[2024-08-12 19:21:14,849][flwr][INFO] - aggregate_fit: parameters are clipped by value: 1.0000.
[2024-08-12 19:21:14,891][absl][WARNING] - You are saving your model as an HDF5 file via `model.save()` or `keras.saving.save_model(model)`. This file format is considered legacy. We recommend using instead the native Keras format, e.g. `model.save('my_model.keras')` or `keras.saving.save_model(model, 'my_model.keras')`. 
[2024-08-12 19:21:14,974][flwr][INFO] - aggregate_fit: central DP noise with 0.2500 stdev added
[2024-08-12 19:21:14,976][flwr][INFO] - configure_evaluate: strategy sampled 2 clients (out of 2)
[2024-08-12 19:21:18,255][flwr][INFO] - aggregate_evaluate: received 2 results and 0 failures
[2024-08-12 19:21:18,256][flwr][INFO] - 
[2024-08-12 19:21:18,256][flwr][INFO] - [SUMMARY]
[2024-08-12 19:21:18,256][flwr][INFO] - Run finished 2 round(s) in 84.58s
[2024-08-12 19:21:18,256][flwr][INFO] - 	History (loss, distributed):
[2024-08-12 19:21:18,256][flwr][INFO] - 		round 1: 213.44566610585088
[2024-08-12 19:21:18,256][flwr][INFO] - 		round 2: 329.6571920643682
[2024-08-12 19:21:18,257][flwr][INFO] - 	History (metrics, distributed, evaluate):
[2024-08-12 19:21:18,257][flwr][INFO] - 	{'accuracy': [(1, 0.49594826996326447), (2, 0.5087458789348602)],
[2024-08-12 19:21:18,257][flwr][INFO] - 	 'loss': [(1, 216.95740509033203), (2, 328.84051513671875)]}
[2024-08-12 19:21:18,257][flwr][INFO] - 
[2024-08-12 19:21:52,543][absl][WARNING] - Compiled the loaded model, but the compiled metrics have yet to be built. `model.compile_metrics` will be empty until you train or evaluate the model.
