[2024-07-27 16:05:08,655][flwr][INFO] - Starting Flower server, config: num_rounds=4, no round_timeout
[2024-07-27 16:05:08,679][flwr][INFO] - Flower ECE: gRPC server running (4 rounds), SSL is disabled
[2024-07-27 16:05:08,679][flwr][INFO] - [INIT]
[2024-07-27 16:05:08,679][flwr][INFO] - Using initial global parameters provided by strategy
[2024-07-27 16:05:08,679][flwr][INFO] - Evaluating initial global parameters
[2024-07-27 16:05:08,679][flwr][INFO] - 
[2024-07-27 16:05:08,679][flwr][INFO] - [ROUND 1]
[2024-07-27 16:05:11,376][flwr][INFO] - configure_fit: strategy sampled 2 clients (out of 2)
[2024-07-27 16:05:14,632][flwr][INFO] - aggregate_fit: received 2 results and 0 failures
[2024-07-27 16:05:14,648][flwr][WARNING] - No fit_metrics_aggregation_fn provided
[2024-07-27 16:05:14,650][flwr][INFO] - configure_evaluate: strategy sampled 2 clients (out of 2)
[2024-07-27 16:05:14,965][flwr][INFO] - aggregate_evaluate: received 2 results and 0 failures
[2024-07-27 16:05:14,965][flwr][INFO] - 
[2024-07-27 16:05:14,966][flwr][INFO] - [ROUND 2]
[2024-07-27 16:05:14,966][flwr][INFO] - configure_fit: strategy sampled 2 clients (out of 2)
[2024-07-27 16:05:17,595][flwr][INFO] - aggregate_fit: received 2 results and 0 failures
[2024-07-27 16:05:17,609][flwr][INFO] - configure_evaluate: strategy sampled 2 clients (out of 2)
[2024-07-27 16:05:17,891][flwr][INFO] - aggregate_evaluate: received 2 results and 0 failures
[2024-07-27 16:05:17,891][flwr][INFO] - 
[2024-07-27 16:05:17,891][flwr][INFO] - [ROUND 3]
[2024-07-27 16:05:17,891][flwr][INFO] - configure_fit: strategy sampled 2 clients (out of 2)
[2024-07-27 16:05:20,603][flwr][INFO] - aggregate_fit: received 2 results and 0 failures
[2024-07-27 16:05:20,614][flwr][INFO] - configure_evaluate: strategy sampled 2 clients (out of 2)
[2024-07-27 16:05:20,866][flwr][INFO] - aggregate_evaluate: received 2 results and 0 failures
[2024-07-27 16:05:20,866][flwr][INFO] - 
[2024-07-27 16:05:20,866][flwr][INFO] - [ROUND 4]
[2024-07-27 16:05:20,866][flwr][INFO] - configure_fit: strategy sampled 2 clients (out of 2)
[2024-07-27 16:05:23,496][flwr][INFO] - aggregate_fit: received 2 results and 0 failures
[2024-07-27 16:05:23,510][flwr][INFO] - configure_evaluate: strategy sampled 2 clients (out of 2)
[2024-07-27 16:05:23,778][flwr][INFO] - aggregate_evaluate: received 2 results and 0 failures
[2024-07-27 16:05:23,779][flwr][INFO] - 
[2024-07-27 16:05:23,779][flwr][INFO] - [SUMMARY]
[2024-07-27 16:05:23,779][flwr][INFO] - Run finished 4 round(s) in 15.10s
[2024-07-27 16:05:23,779][flwr][INFO] - 	History (loss, distributed):
[2024-07-27 16:05:23,779][flwr][INFO] - 		round 1: 0.3986910581588745
[2024-07-27 16:05:23,779][flwr][INFO] - 		round 2: 0.36018580198287964
[2024-07-27 16:05:23,779][flwr][INFO] - 		round 3: 0.3321094512939453
[2024-07-27 16:05:23,779][flwr][INFO] - 		round 4: 0.31301817297935486
[2024-07-27 16:05:23,779][flwr][INFO] - 	History (metrics, distributed, evaluate):
[2024-07-27 16:05:23,779][flwr][INFO] - 	{'accuracy': [(1, 0.8444444537162781),
[2024-07-27 16:05:23,780][flwr][INFO] - 	              (2, 0.8888888955116272),
[2024-07-27 16:05:23,780][flwr][INFO] - 	              (3, 0.8888888955116272),
[2024-07-27 16:05:23,780][flwr][INFO] - 	              (4, 0.8666666746139526)],
[2024-07-27 16:05:23,780][flwr][INFO] - 	 'loss': [(1, 0.3986910581588745),
[2024-07-27 16:05:23,780][flwr][INFO] - 	          (2, 0.36018580198287964),
[2024-07-27 16:05:23,780][flwr][INFO] - 	          (3, 0.3321094512939453),
[2024-07-27 16:05:23,780][flwr][INFO] - 	          (4, 0.31301817297935486)]}
[2024-07-27 16:05:23,780][flwr][INFO] - 
