[2024-08-10 15:44:17,673][flwr][INFO] - Starting Flower server, config: num_rounds=5, no round_timeout
[2024-08-10 15:44:17,691][flwr][INFO] - Flower ECE: gRPC server running (5 rounds), SSL is disabled
[2024-08-10 15:44:17,691][flwr][INFO] - [INIT]
[2024-08-10 15:44:17,691][flwr][INFO] - Using initial global parameters provided by strategy
[2024-08-10 15:44:17,691][flwr][INFO] - Evaluating initial global parameters
[2024-08-10 15:44:17,691][flwr][INFO] - 
[2024-08-10 15:44:17,691][flwr][INFO] - [ROUND 1]
[2024-08-10 15:44:24,929][flwr][INFO] - configure_fit: strategy sampled 4 clients (out of 4)
[2024-08-10 15:45:37,370][flwr][INFO] - aggregate_fit: received 4 results and 0 failures
[2024-08-10 15:45:37,388][flwr][WARNING] - No fit_metrics_aggregation_fn provided
[2024-08-10 15:45:37,389][flwr][INFO] - configure_evaluate: strategy sampled 4 clients (out of 4)
[2024-08-10 15:45:43,194][flwr][INFO] - aggregate_evaluate: received 4 results and 0 failures
[2024-08-10 15:45:43,194][flwr][INFO] - 
[2024-08-10 15:45:43,194][flwr][INFO] - [ROUND 2]
[2024-08-10 15:45:43,194][flwr][INFO] - configure_fit: strategy sampled 4 clients (out of 4)
[2024-08-10 15:46:52,906][flwr][INFO] - aggregate_fit: received 4 results and 0 failures
[2024-08-10 15:46:52,932][flwr][INFO] - configure_evaluate: strategy sampled 4 clients (out of 4)
[2024-08-10 15:46:58,738][flwr][INFO] - aggregate_evaluate: received 4 results and 0 failures
[2024-08-10 15:46:58,738][flwr][INFO] - 
[2024-08-10 15:46:58,738][flwr][INFO] - [ROUND 3]
[2024-08-10 15:46:58,738][flwr][INFO] - configure_fit: strategy sampled 4 clients (out of 4)
[2024-08-10 15:48:10,306][flwr][INFO] - aggregate_fit: received 4 results and 0 failures
[2024-08-10 15:48:10,332][flwr][INFO] - configure_evaluate: strategy sampled 4 clients (out of 4)
[2024-08-10 15:48:16,245][flwr][INFO] - aggregate_evaluate: received 4 results and 0 failures
[2024-08-10 15:48:16,245][flwr][INFO] - 
[2024-08-10 15:48:16,245][flwr][INFO] - [ROUND 4]
[2024-08-10 15:48:16,245][flwr][INFO] - configure_fit: strategy sampled 4 clients (out of 4)
[2024-08-10 15:49:26,409][flwr][INFO] - aggregate_fit: received 4 results and 0 failures
[2024-08-10 15:49:26,436][flwr][INFO] - configure_evaluate: strategy sampled 4 clients (out of 4)
[2024-08-10 15:49:32,127][flwr][INFO] - aggregate_evaluate: received 4 results and 0 failures
[2024-08-10 15:49:32,127][flwr][INFO] - 
[2024-08-10 15:49:32,128][flwr][INFO] - [ROUND 5]
[2024-08-10 15:49:32,128][flwr][INFO] - configure_fit: strategy sampled 4 clients (out of 4)
[2024-08-10 15:50:46,512][flwr][INFO] - aggregate_fit: received 4 results and 0 failures
[2024-08-10 15:50:46,583][absl][WARNING] - You are saving your model as an HDF5 file via `model.save()` or `keras.saving.save_model(model)`. This file format is considered legacy. We recommend using instead the native Keras format, e.g. `model.save('my_model.keras')` or `keras.saving.save_model(model, 'my_model.keras')`. 
[2024-08-10 15:50:46,622][flwr][INFO] - configure_evaluate: strategy sampled 4 clients (out of 4)
[2024-08-10 15:50:52,531][flwr][INFO] - aggregate_evaluate: received 4 results and 0 failures
[2024-08-10 15:50:52,533][flwr][INFO] - 
[2024-08-10 15:50:52,533][flwr][INFO] - [SUMMARY]
[2024-08-10 15:50:52,533][flwr][INFO] - Run finished 5 round(s) in 394.89s
[2024-08-10 15:50:52,533][flwr][INFO] - 	History (loss, distributed):
[2024-08-10 15:50:52,533][flwr][INFO] - 		round 1: 0.5554799294990042
[2024-08-10 15:50:52,533][flwr][INFO] - 		round 2: 0.362852833841158
[2024-08-10 15:50:52,533][flwr][INFO] - 		round 3: 0.3098030025544374
[2024-08-10 15:50:52,533][flwr][INFO] - 		round 4: 0.179094307448553
[2024-08-10 15:50:52,533][flwr][INFO] - 		round 5: 0.13102295541245004
[2024-08-10 15:50:52,534][flwr][INFO] - 	History (metrics, distributed, evaluate):
[2024-08-10 15:50:52,534][flwr][INFO] - 	{'accuracy': [(1, 0.7168684899806976),
[2024-08-10 15:50:52,534][flwr][INFO] - 	              (2, 0.8646765053272247),
[2024-08-10 15:50:52,534][flwr][INFO] - 	              (3, 0.8684151768684387),
[2024-08-10 15:50:52,534][flwr][INFO] - 	              (4, 0.9465976059436798),
[2024-08-10 15:50:52,534][flwr][INFO] - 	              (5, 0.9625748097896576)],
[2024-08-10 15:50:52,534][flwr][INFO] - 	 'loss': [(1, 0.5453014224767685),
[2024-08-10 15:50:52,534][flwr][INFO] - 	          (2, 0.34968559443950653),
[2024-08-10 15:50:52,534][flwr][INFO] - 	          (3, 0.29838037490844727),
[2024-08-10 15:50:52,534][flwr][INFO] - 	          (4, 0.17053282260894775),
[2024-08-10 15:50:52,534][flwr][INFO] - 	          (5, 0.12656864523887634)]}
[2024-08-10 15:50:52,534][flwr][INFO] - 
[2024-08-10 15:51:16,914][absl][WARNING] - Compiled the loaded model, but the compiled metrics have yet to be built. `model.compile_metrics` will be empty until you train or evaluate the model.
