[2024-07-30 11:14:55,043][flwr][INFO] - Starting Flower server, config: num_rounds=2, no round_timeout
[2024-07-30 11:14:55,063][flwr][INFO] - Flower ECE: gRPC server running (2 rounds), SSL is disabled
[2024-07-30 11:14:55,063][flwr][INFO] - [INIT]
[2024-07-30 11:14:55,063][flwr][INFO] - Using initial global parameters provided by strategy
[2024-07-30 11:14:55,063][flwr][INFO] - Evaluating initial global parameters
[2024-07-30 11:14:55,063][flwr][INFO] - 
[2024-07-30 11:14:55,063][flwr][INFO] - [ROUND 1]
[2024-07-30 11:14:58,296][flwr][INFO] - configure_fit: strategy sampled 2 clients (out of 2)
[2024-07-30 11:15:05,930][flwr][INFO] - aggregate_fit: received 2 results and 0 failures
[2024-07-30 11:15:05,990][flwr][WARNING] - No fit_metrics_aggregation_fn provided
[2024-07-30 11:15:05,993][flwr][INFO] - configure_evaluate: strategy sampled 2 clients (out of 2)
[2024-07-30 11:15:06,674][flwr][INFO] - aggregate_evaluate: received 2 results and 0 failures
[2024-07-30 11:15:06,674][flwr][INFO] - 
[2024-07-30 11:15:06,674][flwr][INFO] - [ROUND 2]
[2024-07-30 11:15:06,674][flwr][INFO] - configure_fit: strategy sampled 2 clients (out of 2)
[2024-07-30 11:15:13,193][flwr][INFO] - aggregate_fit: received 2 results and 0 failures
[2024-07-30 11:15:13,308][absl][WARNING] - You are saving your model as an HDF5 file via `model.save()` or `keras.saving.save_model(model)`. This file format is considered legacy. We recommend using instead the native Keras format, e.g. `model.save('my_model.keras')` or `keras.saving.save_model(model, 'my_model.keras')`. 
[2024-07-30 11:15:13,370][flwr][INFO] - configure_evaluate: strategy sampled 2 clients (out of 2)
[2024-07-30 11:15:14,006][flwr][INFO] - aggregate_evaluate: received 2 results and 0 failures
[2024-07-30 11:15:14,008][flwr][INFO] - 
[2024-07-30 11:15:14,008][flwr][INFO] - [SUMMARY]
[2024-07-30 11:15:14,008][flwr][INFO] - Run finished 2 round(s) in 18.94s
[2024-07-30 11:15:14,008][flwr][INFO] - 	History (loss, distributed):
[2024-07-30 11:15:14,008][flwr][INFO] - 		round 1: 0.39561811089515686
[2024-07-30 11:15:14,008][flwr][INFO] - 		round 2: 0.3399932384490967
[2024-07-30 11:15:14,008][flwr][INFO] - 	History (metrics, distributed, evaluate):
[2024-07-30 11:15:14,008][flwr][INFO] - 	{'accuracy': [(1, 0.8222222328186035), (2, 0.9333333373069763)],
[2024-07-30 11:15:14,008][flwr][INFO] - 	 'loss': [(1, 0.39561811089515686), (2, 0.3399932384490967)]}
[2024-07-30 11:15:14,008][flwr][INFO] - 
[2024-07-30 11:15:25,784][absl][WARNING] - Compiled the loaded model, but the compiled metrics have yet to be built. `model.compile_metrics` will be empty until you train or evaluate the model.
