[2024-07-25 14:56:44,766][flwr][INFO] - Starting Flower simulation, config: num_rounds=10, no round_timeout
[2024-07-25 14:56:46,920][flwr][INFO] - Flower VCE: Ray initialized with resources: {'memory': 3364788635.0, 'node:__internal_head__': 1.0, 'node:127.0.0.1': 1.0, 'CPU': 8.0, 'object_store_memory': 1682394316.0}
[2024-07-25 14:56:46,920][flwr][INFO] - Optimize your simulation with Flower VCE: https://flower.ai/docs/framework/how-to-run-simulations.html
[2024-07-25 14:56:46,920][flwr][INFO] - Flower VCE: Resources for each Virtual Client: {'num_cpus': 2, 'num_gpus': 0.0}
[2024-07-25 14:56:46,931][flwr][INFO] - Flower VCE: Creating VirtualClientEngineActorPool with 4 actors
[2024-07-25 14:56:46,931][flwr][INFO] - [INIT]
[2024-07-25 14:56:46,932][flwr][INFO] - Requesting initial parameters from one random client
[2024-07-25 14:56:51,402][flwr][INFO] - Received initial parameters from one random client
[2024-07-25 14:56:51,402][flwr][INFO] - Evaluating initial global parameters
[2024-07-25 14:56:52,115][flwr][INFO] - initial parameters (loss, other metrics): 182.32098960876465, {'accuracy': 0.0914}
[2024-07-25 14:56:52,115][flwr][INFO] - 
[2024-07-25 14:56:52,115][flwr][INFO] - [ROUND 1]
[2024-07-25 14:56:52,115][flwr][INFO] - configure_fit: strategy sampled 10 clients (out of 100)
[2024-07-25 14:57:03,842][flwr][INFO] - aggregate_fit: received 10 results and 0 failures
[2024-07-25 14:57:03,848][flwr][WARNING] - No fit_metrics_aggregation_fn provided
[2024-07-25 14:57:04,539][flwr][INFO] - fit progress: (1, 177.3499617576599, {'accuracy': 0.2215}, 12.424132415999999)
[2024-07-25 14:57:04,539][flwr][INFO] - configure_evaluate: no clients selected, skipping evaluation
[2024-07-25 14:57:04,539][flwr][INFO] - 
[2024-07-25 14:57:04,539][flwr][INFO] - [ROUND 2]
[2024-07-25 14:57:04,540][flwr][INFO] - configure_fit: strategy sampled 10 clients (out of 100)
[2024-07-25 14:57:13,601][flwr][INFO] - aggregate_fit: received 10 results and 0 failures
[2024-07-25 14:57:14,267][flwr][INFO] - fit progress: (2, 148.24851870536804, {'accuracy': 0.6119}, 22.151463666)
[2024-07-25 14:57:14,267][flwr][INFO] - configure_evaluate: no clients selected, skipping evaluation
[2024-07-25 14:57:14,267][flwr][INFO] - 
[2024-07-25 14:57:14,267][flwr][INFO] - [ROUND 3]
[2024-07-25 14:57:14,267][flwr][INFO] - configure_fit: strategy sampled 10 clients (out of 100)
[2024-07-25 14:57:22,973][flwr][INFO] - aggregate_fit: received 10 results and 0 failures
[2024-07-25 14:57:23,658][flwr][INFO] - fit progress: (3, 57.79195064306259, {'accuracy': 0.7769}, 31.542229375)
[2024-07-25 14:57:23,658][flwr][INFO] - configure_evaluate: no clients selected, skipping evaluation
[2024-07-25 14:57:23,658][flwr][INFO] - 
[2024-07-25 14:57:23,658][flwr][INFO] - [ROUND 4]
[2024-07-25 14:57:23,658][flwr][INFO] - configure_fit: strategy sampled 10 clients (out of 100)
[2024-07-25 14:57:34,397][flwr][INFO] - aggregate_fit: received 10 results and 0 failures
[2024-07-25 14:57:35,104][flwr][INFO] - fit progress: (4, 45.178316712379456, {'accuracy': 0.8476}, 42.98809475)
[2024-07-25 14:57:35,104][flwr][INFO] - configure_evaluate: no clients selected, skipping evaluation
[2024-07-25 14:57:35,104][flwr][INFO] - 
[2024-07-25 14:57:35,104][flwr][INFO] - [ROUND 5]
[2024-07-25 14:57:35,104][flwr][INFO] - configure_fit: strategy sampled 10 clients (out of 100)
[2024-07-25 14:57:45,230][flwr][INFO] - aggregate_fit: received 10 results and 0 failures
[2024-07-25 14:57:45,904][flwr][INFO] - fit progress: (5, 29.73517682403326, {'accuracy': 0.8964}, 53.788123583)
[2024-07-25 14:57:45,904][flwr][INFO] - configure_evaluate: no clients selected, skipping evaluation
[2024-07-25 14:57:45,904][flwr][INFO] - 
[2024-07-25 14:57:45,904][flwr][INFO] - [ROUND 6]
[2024-07-25 14:57:45,904][flwr][INFO] - configure_fit: strategy sampled 10 clients (out of 100)
[2024-07-25 14:57:54,618][flwr][INFO] - aggregate_fit: received 10 results and 0 failures
[2024-07-25 14:57:55,282][flwr][INFO] - fit progress: (6, 23.84128924459219, {'accuracy': 0.9147}, 63.16666291599999)
[2024-07-25 14:57:55,282][flwr][INFO] - configure_evaluate: no clients selected, skipping evaluation
[2024-07-25 14:57:55,283][flwr][INFO] - 
[2024-07-25 14:57:55,283][flwr][INFO] - [ROUND 7]
[2024-07-25 14:57:55,283][flwr][INFO] - configure_fit: strategy sampled 10 clients (out of 100)
[2024-07-25 14:58:04,029][flwr][INFO] - aggregate_fit: received 10 results and 0 failures
[2024-07-25 14:58:04,693][flwr][INFO] - fit progress: (7, 18.64923799224198, {'accuracy': 0.9301}, 72.577408208)
[2024-07-25 14:58:04,693][flwr][INFO] - configure_evaluate: no clients selected, skipping evaluation
[2024-07-25 14:58:04,693][flwr][INFO] - 
[2024-07-25 14:58:04,693][flwr][INFO] - [ROUND 8]
[2024-07-25 14:58:04,694][flwr][INFO] - configure_fit: strategy sampled 10 clients (out of 100)
[2024-07-25 14:58:13,361][flwr][INFO] - aggregate_fit: received 10 results and 0 failures
[2024-07-25 14:58:14,029][flwr][INFO] - fit progress: (8, 18.171305207535625, {'accuracy': 0.9274}, 81.912691958)
[2024-07-25 14:58:14,029][flwr][INFO] - configure_evaluate: no clients selected, skipping evaluation
[2024-07-25 14:58:14,029][flwr][INFO] - 
[2024-07-25 14:58:14,029][flwr][INFO] - [ROUND 9]
[2024-07-25 14:58:14,029][flwr][INFO] - configure_fit: strategy sampled 10 clients (out of 100)
[2024-07-25 14:58:22,789][flwr][INFO] - aggregate_fit: received 10 results and 0 failures
[2024-07-25 14:58:23,459][flwr][INFO] - fit progress: (9, 15.069343742914498, {'accuracy': 0.9416}, 91.343061166)
[2024-07-25 14:58:23,459][flwr][INFO] - configure_evaluate: no clients selected, skipping evaluation
[2024-07-25 14:58:23,459][flwr][INFO] - 
[2024-07-25 14:58:23,459][flwr][INFO] - [ROUND 10]
[2024-07-25 14:58:23,460][flwr][INFO] - configure_fit: strategy sampled 10 clients (out of 100)
[2024-07-25 14:58:32,511][flwr][INFO] - aggregate_fit: received 10 results and 0 failures
[2024-07-25 14:58:33,200][flwr][INFO] - fit progress: (10, 13.595589630771428, {'accuracy': 0.9477}, 101.084324916)
[2024-07-25 14:58:33,201][flwr][INFO] - configure_evaluate: no clients selected, skipping evaluation
[2024-07-25 14:58:33,201][flwr][INFO] - 
[2024-07-25 14:58:33,201][flwr][INFO] - [SUMMARY]
[2024-07-25 14:58:33,201][flwr][INFO] - Run finished 10 round(s) in 101.08s
[2024-07-25 14:58:33,201][flwr][INFO] - 	History (loss, centralized):
[2024-07-25 14:58:33,201][flwr][INFO] - 		round 0: 182.32098960876465
[2024-07-25 14:58:33,202][flwr][INFO] - 		round 1: 177.3499617576599
[2024-07-25 14:58:33,202][flwr][INFO] - 		round 2: 148.24851870536804
[2024-07-25 14:58:33,202][flwr][INFO] - 		round 3: 57.79195064306259
[2024-07-25 14:58:33,202][flwr][INFO] - 		round 4: 45.178316712379456
[2024-07-25 14:58:33,202][flwr][INFO] - 		round 5: 29.73517682403326
[2024-07-25 14:58:33,202][flwr][INFO] - 		round 6: 23.84128924459219
[2024-07-25 14:58:33,202][flwr][INFO] - 		round 7: 18.64923799224198
[2024-07-25 14:58:33,202][flwr][INFO] - 		round 8: 18.171305207535625
[2024-07-25 14:58:33,202][flwr][INFO] - 		round 9: 15.069343742914498
[2024-07-25 14:58:33,202][flwr][INFO] - 		round 10: 13.595589630771428
[2024-07-25 14:58:33,202][flwr][INFO] - 	History (metrics, centralized):
[2024-07-25 14:58:33,202][flwr][INFO] - 	{'accuracy': [(0, 0.0914),
[2024-07-25 14:58:33,202][flwr][INFO] - 	              (1, 0.2215),
[2024-07-25 14:58:33,202][flwr][INFO] - 	              (2, 0.6119),
[2024-07-25 14:58:33,202][flwr][INFO] - 	              (3, 0.7769),
[2024-07-25 14:58:33,202][flwr][INFO] - 	              (4, 0.8476),
[2024-07-25 14:58:33,202][flwr][INFO] - 	              (5, 0.8964),
[2024-07-25 14:58:33,202][flwr][INFO] - 	              (6, 0.9147),
[2024-07-25 14:58:33,202][flwr][INFO] - 	              (7, 0.9301),
[2024-07-25 14:58:33,202][flwr][INFO] - 	              (8, 0.9274),
[2024-07-25 14:58:33,202][flwr][INFO] - 	              (9, 0.9416),
[2024-07-25 14:58:33,203][flwr][INFO] - 	              (10, 0.9477)]}
[2024-07-25 14:58:33,203][flwr][INFO] - 
