[2024-07-27 17:36:20,449][flwr][INFO] - Starting Flower server, config: num_rounds=4, no round_timeout
[2024-07-27 17:36:20,472][flwr][INFO] - Flower ECE: gRPC server running (4 rounds), SSL is disabled
[2024-07-27 17:36:20,472][flwr][INFO] - [INIT]
[2024-07-27 17:36:20,472][flwr][INFO] - Using initial global parameters provided by strategy
[2024-07-27 17:36:20,472][flwr][INFO] - Evaluating initial global parameters
[2024-07-27 17:36:20,473][flwr][INFO] - 
[2024-07-27 17:36:20,473][flwr][INFO] - [ROUND 1]
[2024-07-27 17:36:24,319][flwr][INFO] - configure_fit: strategy sampled 2 clients (out of 2)
[2024-07-27 17:36:27,622][flwr][INFO] - aggregate_fit: received 2 results and 0 failures
[2024-07-27 17:36:27,638][flwr][WARNING] - No fit_metrics_aggregation_fn provided
[2024-07-27 17:36:27,639][flwr][INFO] - configure_evaluate: strategy sampled 2 clients (out of 2)
[2024-07-27 17:36:27,965][flwr][INFO] - aggregate_evaluate: received 2 results and 0 failures
[2024-07-27 17:36:27,965][flwr][INFO] - 
[2024-07-27 17:36:27,965][flwr][INFO] - [ROUND 2]
[2024-07-27 17:36:27,965][flwr][INFO] - configure_fit: strategy sampled 2 clients (out of 2)
[2024-07-27 17:36:30,539][flwr][INFO] - aggregate_fit: received 2 results and 0 failures
[2024-07-27 17:36:30,554][flwr][INFO] - configure_evaluate: strategy sampled 2 clients (out of 2)
[2024-07-27 17:36:30,819][flwr][INFO] - aggregate_evaluate: received 2 results and 0 failures
[2024-07-27 17:36:30,819][flwr][INFO] - 
[2024-07-27 17:36:30,819][flwr][INFO] - [ROUND 3]
[2024-07-27 17:36:30,819][flwr][INFO] - configure_fit: strategy sampled 2 clients (out of 2)
[2024-07-27 17:36:33,398][flwr][INFO] - aggregate_fit: received 2 results and 0 failures
[2024-07-27 17:36:33,407][flwr][INFO] - configure_evaluate: strategy sampled 2 clients (out of 2)
[2024-07-27 17:36:33,671][flwr][INFO] - aggregate_evaluate: received 2 results and 0 failures
[2024-07-27 17:36:33,671][flwr][INFO] - 
[2024-07-27 17:36:33,671][flwr][INFO] - [ROUND 4]
[2024-07-27 17:36:33,671][flwr][INFO] - configure_fit: strategy sampled 2 clients (out of 2)
[2024-07-27 17:36:36,224][flwr][INFO] - aggregate_fit: received 2 results and 0 failures
[2024-07-27 17:36:36,235][flwr][INFO] - configure_evaluate: strategy sampled 2 clients (out of 2)
[2024-07-27 17:36:36,486][flwr][INFO] - aggregate_evaluate: received 2 results and 0 failures
[2024-07-27 17:36:36,487][flwr][INFO] - 
[2024-07-27 17:36:36,487][flwr][INFO] - [SUMMARY]
[2024-07-27 17:36:36,487][flwr][INFO] - Run finished 4 round(s) in 16.01s
[2024-07-27 17:36:36,487][flwr][INFO] - 	History (loss, distributed):
[2024-07-27 17:36:36,487][flwr][INFO] - 		round 1: 0.36808112263679504
[2024-07-27 17:36:36,487][flwr][INFO] - 		round 2: 0.35004377365112305
[2024-07-27 17:36:36,487][flwr][INFO] - 		round 3: 0.30098849534988403
[2024-07-27 17:36:36,487][flwr][INFO] - 		round 4: 0.26346129179000854
[2024-07-27 17:36:36,487][flwr][INFO] - 	History (metrics, distributed, evaluate):
[2024-07-27 17:36:36,487][flwr][INFO] - 	{'accuracy': [(1, 0.9111111164093018),
[2024-07-27 17:36:36,487][flwr][INFO] - 	              (2, 0.8666666746139526),
[2024-07-27 17:36:36,487][flwr][INFO] - 	              (3, 0.9111111164093018),
[2024-07-27 17:36:36,487][flwr][INFO] - 	              (4, 0.9111111164093018)],
[2024-07-27 17:36:36,487][flwr][INFO] - 	 'loss': [(1, 0.36808112263679504),
[2024-07-27 17:36:36,487][flwr][INFO] - 	          (2, 0.35004377365112305),
[2024-07-27 17:36:36,487][flwr][INFO] - 	          (3, 0.30098849534988403),
[2024-07-27 17:36:36,487][flwr][INFO] - 	          (4, 0.26346129179000854)]}
[2024-07-27 17:36:36,487][flwr][INFO] - 
