[2024-07-30 11:06:27,812][flwr][INFO] - Starting Flower server, config: num_rounds=2, no round_timeout
[2024-07-30 11:06:27,831][flwr][INFO] - Flower ECE: gRPC server running (2 rounds), SSL is disabled
[2024-07-30 11:06:27,832][flwr][INFO] - [INIT]
[2024-07-30 11:06:27,832][flwr][INFO] - Using initial global parameters provided by strategy
[2024-07-30 11:06:27,832][flwr][INFO] - Evaluating initial global parameters
[2024-07-30 11:06:27,832][flwr][INFO] - 
[2024-07-30 11:06:27,832][flwr][INFO] - [ROUND 1]
[2024-07-30 11:06:29,179][flwr][INFO] - configure_fit: strategy sampled 2 clients (out of 2)
[2024-07-30 11:06:36,234][flwr][INFO] - aggregate_fit: received 2 results and 0 failures
[2024-07-30 11:06:36,285][flwr][WARNING] - No fit_metrics_aggregation_fn provided
[2024-07-30 11:06:36,288][flwr][INFO] - configure_evaluate: strategy sampled 2 clients (out of 2)
[2024-07-30 11:06:36,930][flwr][INFO] - aggregate_evaluate: received 2 results and 0 failures
[2024-07-30 11:06:36,930][flwr][INFO] - 
[2024-07-30 11:06:36,930][flwr][INFO] - [ROUND 2]
[2024-07-30 11:06:36,930][flwr][INFO] - configure_fit: strategy sampled 2 clients (out of 2)
[2024-07-30 11:06:43,348][flwr][INFO] - aggregate_fit: received 2 results and 0 failures
[2024-07-30 11:06:43,451][absl][WARNING] - You are saving your model as an HDF5 file via `model.save()` or `keras.saving.save_model(model)`. This file format is considered legacy. We recommend using instead the native Keras format, e.g. `model.save('my_model.keras')` or `keras.saving.save_model(model, 'my_model.keras')`. 
[2024-07-30 11:06:43,489][flwr][INFO] - configure_evaluate: strategy sampled 2 clients (out of 2)
[2024-07-30 11:06:44,061][flwr][INFO] - aggregate_evaluate: received 2 results and 0 failures
[2024-07-30 11:06:44,062][flwr][INFO] - 
[2024-07-30 11:06:44,062][flwr][INFO] - [SUMMARY]
[2024-07-30 11:06:44,062][flwr][INFO] - Run finished 2 round(s) in 16.23s
[2024-07-30 11:06:44,062][flwr][INFO] - 	History (loss, distributed):
[2024-07-30 11:06:44,062][flwr][INFO] - 		round 1: 0.40255674719810486
[2024-07-30 11:06:44,062][flwr][INFO] - 		round 2: 0.3692035675048828
[2024-07-30 11:06:44,062][flwr][INFO] - 	History (metrics, distributed, evaluate):
[2024-07-30 11:06:44,062][flwr][INFO] - 	{'accuracy': [(1, 0.8222222328186035), (2, 0.8666666746139526)],
[2024-07-30 11:06:44,062][flwr][INFO] - 	 'loss': [(1, 0.40255674719810486), (2, 0.3692035675048828)]}
[2024-07-30 11:06:44,062][flwr][INFO] - 
[2024-07-30 11:07:21,297][absl][WARNING] - Compiled the loaded model, but the compiled metrics have yet to be built. `model.compile_metrics` will be empty until you train or evaluate the model.
