[2024-08-10 15:51:49,305][flwr][INFO] - Starting Flower server, config: num_rounds=5, no round_timeout
[2024-08-10 15:51:49,328][flwr][INFO] - Flower ECE: gRPC server running (5 rounds), SSL is disabled
[2024-08-10 15:51:49,328][flwr][INFO] - [INIT]
[2024-08-10 15:51:49,328][flwr][INFO] - Using initial global parameters provided by strategy
[2024-08-10 15:51:49,328][flwr][INFO] - Evaluating initial global parameters
[2024-08-10 15:51:49,328][flwr][INFO] - 
[2024-08-10 15:51:49,328][flwr][INFO] - [ROUND 1]
[2024-08-10 15:51:52,623][flwr][INFO] - configure_fit: strategy sampled 3 clients (out of 3)
[2024-08-10 15:52:47,333][flwr][INFO] - aggregate_fit: received 3 results and 0 failures
[2024-08-10 15:52:47,348][flwr][WARNING] - No fit_metrics_aggregation_fn provided
[2024-08-10 15:52:47,349][flwr][INFO] - configure_evaluate: strategy sampled 3 clients (out of 3)
[2024-08-10 15:52:52,017][flwr][INFO] - aggregate_evaluate: received 3 results and 0 failures
[2024-08-10 15:52:52,017][flwr][INFO] - 
[2024-08-10 15:52:52,017][flwr][INFO] - [ROUND 2]
[2024-08-10 15:52:52,018][flwr][INFO] - configure_fit: strategy sampled 3 clients (out of 3)
[2024-08-10 15:53:39,849][flwr][INFO] - aggregate_fit: received 3 results and 0 failures
[2024-08-10 15:53:39,869][flwr][INFO] - configure_evaluate: strategy sampled 3 clients (out of 3)
[2024-08-10 15:53:44,482][flwr][INFO] - aggregate_evaluate: received 3 results and 0 failures
[2024-08-10 15:53:44,482][flwr][INFO] - 
[2024-08-10 15:53:44,482][flwr][INFO] - [ROUND 3]
[2024-08-10 15:53:44,482][flwr][INFO] - configure_fit: strategy sampled 3 clients (out of 3)
[2024-08-10 15:54:32,612][flwr][INFO] - aggregate_fit: received 3 results and 0 failures
[2024-08-10 15:54:32,631][flwr][INFO] - configure_evaluate: strategy sampled 3 clients (out of 3)
[2024-08-10 15:54:37,196][flwr][INFO] - aggregate_evaluate: received 3 results and 0 failures
[2024-08-10 15:54:37,196][flwr][INFO] - 
[2024-08-10 15:54:37,196][flwr][INFO] - [ROUND 4]
[2024-08-10 15:54:37,196][flwr][INFO] - configure_fit: strategy sampled 3 clients (out of 3)
[2024-08-10 15:55:24,364][flwr][INFO] - aggregate_fit: received 3 results and 0 failures
[2024-08-10 15:55:24,382][flwr][INFO] - configure_evaluate: strategy sampled 3 clients (out of 3)
[2024-08-10 15:55:28,978][flwr][INFO] - aggregate_evaluate: received 3 results and 0 failures
[2024-08-10 15:55:28,978][flwr][INFO] - 
[2024-08-10 15:55:28,978][flwr][INFO] - [ROUND 5]
[2024-08-10 15:55:28,978][flwr][INFO] - configure_fit: strategy sampled 3 clients (out of 3)
[2024-08-10 15:56:18,784][flwr][INFO] - aggregate_fit: received 3 results and 0 failures
[2024-08-10 15:56:18,830][absl][WARNING] - You are saving your model as an HDF5 file via `model.save()` or `keras.saving.save_model(model)`. This file format is considered legacy. We recommend using instead the native Keras format, e.g. `model.save('my_model.keras')` or `keras.saving.save_model(model, 'my_model.keras')`. 
[2024-08-10 15:56:18,851][flwr][INFO] - configure_evaluate: strategy sampled 3 clients (out of 3)
[2024-08-10 15:56:23,417][flwr][INFO] - aggregate_evaluate: received 3 results and 0 failures
[2024-08-10 15:56:23,418][flwr][INFO] - 
[2024-08-10 15:56:23,418][flwr][INFO] - [SUMMARY]
[2024-08-10 15:56:23,418][flwr][INFO] - Run finished 5 round(s) in 274.09s
[2024-08-10 15:56:23,419][flwr][INFO] - 	History (loss, distributed):
[2024-08-10 15:56:23,419][flwr][INFO] - 		round 1: 0.37358588302457657
[2024-08-10 15:56:23,419][flwr][INFO] - 		round 2: 0.24168165914110235
[2024-08-10 15:56:23,419][flwr][INFO] - 		round 3: 0.1187041359576019
[2024-08-10 15:56:23,419][flwr][INFO] - 		round 4: 0.0755989092427331
[2024-08-10 15:56:23,419][flwr][INFO] - 		round 5: 0.04720011595133189
[2024-08-10 15:56:23,419][flwr][INFO] - 	History (metrics, distributed, evaluate):
[2024-08-10 15:56:23,419][flwr][INFO] - 	{'accuracy': [(1, 0.8628820578257242),
[2024-08-10 15:56:23,419][flwr][INFO] - 	              (2, 0.9063648780186971),
[2024-08-10 15:56:23,419][flwr][INFO] - 	              (3, 0.9648402333259583),
[2024-08-10 15:56:23,419][flwr][INFO] - 	              (4, 0.9824391007423401),
[2024-08-10 15:56:23,419][flwr][INFO] - 	              (5, 0.9861431916554769)],
[2024-08-10 15:56:23,419][flwr][INFO] - 	 'loss': [(1, 0.3650463819503784),
[2024-08-10 15:56:23,419][flwr][INFO] - 	          (2, 0.23333833118279776),
[2024-08-10 15:56:23,419][flwr][INFO] - 	          (3, 0.11458394676446915),
[2024-08-10 15:56:23,419][flwr][INFO] - 	          (4, 0.06996598839759827),
[2024-08-10 15:56:23,419][flwr][INFO] - 	          (5, 0.042616275449593864)]}
[2024-08-10 15:56:23,419][flwr][INFO] - 
[2024-08-10 15:56:37,256][absl][WARNING] - Compiled the loaded model, but the compiled metrics have yet to be built. `model.compile_metrics` will be empty until you train or evaluate the model.
