[2024-07-27 16:23:38,521][flwr][INFO] - Starting Flower server, config: num_rounds=4, no round_timeout
[2024-07-27 16:23:38,559][flwr][INFO] - Flower ECE: gRPC server running (4 rounds), SSL is disabled
[2024-07-27 16:23:38,559][flwr][INFO] - [INIT]
[2024-07-27 16:23:38,559][flwr][INFO] - Using initial global parameters provided by strategy
[2024-07-27 16:23:38,559][flwr][INFO] - Evaluating initial global parameters
[2024-07-27 16:23:38,559][flwr][INFO] - 
[2024-07-27 16:23:38,559][flwr][INFO] - [ROUND 1]
[2024-07-27 16:23:39,174][flwr][INFO] - configure_fit: strategy sampled 2 clients (out of 2)
[2024-07-27 16:23:42,789][flwr][INFO] - aggregate_fit: received 2 results and 0 failures
[2024-07-27 16:23:42,801][flwr][WARNING] - No fit_metrics_aggregation_fn provided
[2024-07-27 16:23:42,802][flwr][INFO] - configure_evaluate: strategy sampled 2 clients (out of 2)
[2024-07-27 16:23:43,149][flwr][INFO] - aggregate_evaluate: received 2 results and 0 failures
[2024-07-27 16:23:43,150][flwr][INFO] - 
[2024-07-27 16:23:43,150][flwr][INFO] - [ROUND 2]
[2024-07-27 16:23:43,150][flwr][INFO] - configure_fit: strategy sampled 2 clients (out of 2)
[2024-07-27 16:23:45,777][flwr][INFO] - aggregate_fit: received 2 results and 0 failures
[2024-07-27 16:23:45,789][flwr][INFO] - configure_evaluate: strategy sampled 2 clients (out of 2)
[2024-07-27 16:23:46,051][flwr][INFO] - aggregate_evaluate: received 2 results and 0 failures
[2024-07-27 16:23:46,051][flwr][INFO] - 
[2024-07-27 16:23:46,051][flwr][INFO] - [ROUND 3]
[2024-07-27 16:23:46,051][flwr][INFO] - configure_fit: strategy sampled 2 clients (out of 2)
[2024-07-27 16:23:48,660][flwr][INFO] - aggregate_fit: received 2 results and 0 failures
[2024-07-27 16:23:48,673][flwr][INFO] - configure_evaluate: strategy sampled 2 clients (out of 2)
[2024-07-27 16:23:48,934][flwr][INFO] - aggregate_evaluate: received 2 results and 0 failures
[2024-07-27 16:23:48,934][flwr][INFO] - 
[2024-07-27 16:23:48,934][flwr][INFO] - [ROUND 4]
[2024-07-27 16:23:48,934][flwr][INFO] - configure_fit: strategy sampled 2 clients (out of 2)
[2024-07-27 16:23:51,497][flwr][INFO] - aggregate_fit: received 2 results and 0 failures
[2024-07-27 16:23:51,508][flwr][INFO] - configure_evaluate: strategy sampled 2 clients (out of 2)
[2024-07-27 16:23:51,771][flwr][INFO] - aggregate_evaluate: received 2 results and 0 failures
[2024-07-27 16:23:51,771][flwr][INFO] - 
[2024-07-27 16:23:51,771][flwr][INFO] - [SUMMARY]
[2024-07-27 16:23:51,771][flwr][INFO] - Run finished 4 round(s) in 13.21s
[2024-07-27 16:23:51,772][flwr][INFO] - 	History (loss, distributed):
[2024-07-27 16:23:51,772][flwr][INFO] - 		round 1: 0.3938204348087311
[2024-07-27 16:23:51,772][flwr][INFO] - 		round 2: 0.3161325752735138
[2024-07-27 16:23:51,772][flwr][INFO] - 		round 3: 0.2253817468881607
[2024-07-27 16:23:51,772][flwr][INFO] - 		round 4: 0.19053001701831818
[2024-07-27 16:23:51,772][flwr][INFO] - 	History (metrics, distributed, evaluate):
[2024-07-27 16:23:51,772][flwr][INFO] - 	{'accuracy': [(1, 0.8444444537162781),
[2024-07-27 16:23:51,772][flwr][INFO] - 	              (2, 0.9111111164093018),
[2024-07-27 16:23:51,772][flwr][INFO] - 	              (3, 0.9333333373069763),
[2024-07-27 16:23:51,772][flwr][INFO] - 	              (4, 0.9555555582046509)],
[2024-07-27 16:23:51,772][flwr][INFO] - 	 'loss': [(1, 0.3938204348087311),
[2024-07-27 16:23:51,772][flwr][INFO] - 	          (2, 0.3161325752735138),
[2024-07-27 16:23:51,772][flwr][INFO] - 	          (3, 0.2253817468881607),
[2024-07-27 16:23:51,772][flwr][INFO] - 	          (4, 0.19053001701831818)]}
[2024-07-27 16:23:51,772][flwr][INFO] - 
