[2024-07-30 10:56:27,947][flwr][INFO] - Starting Flower server, config: num_rounds=4, no round_timeout
[2024-07-30 10:56:27,976][flwr][INFO] - Flower ECE: gRPC server running (4 rounds), SSL is disabled
[2024-07-30 10:56:27,976][flwr][INFO] - [INIT]
[2024-07-30 10:56:27,976][flwr][INFO] - Using initial global parameters provided by strategy
[2024-07-30 10:56:27,976][flwr][INFO] - Evaluating initial global parameters
[2024-07-30 10:56:27,976][flwr][INFO] - 
[2024-07-30 10:56:27,976][flwr][INFO] - [ROUND 1]
[2024-07-30 10:56:28,274][flwr][INFO] - configure_fit: strategy sampled 2 clients (out of 2)
[2024-07-30 10:56:36,477][flwr][INFO] - aggregate_fit: received 2 results and 0 failures
[2024-07-30 10:56:36,530][flwr][WARNING] - No fit_metrics_aggregation_fn provided
[2024-07-30 10:56:36,533][flwr][INFO] - configure_evaluate: strategy sampled 2 clients (out of 2)
[2024-07-30 10:56:37,204][flwr][INFO] - aggregate_evaluate: received 2 results and 0 failures
[2024-07-30 10:56:37,204][flwr][INFO] - 
[2024-07-30 10:56:37,204][flwr][INFO] - [ROUND 2]
[2024-07-30 10:56:37,204][flwr][INFO] - configure_fit: strategy sampled 2 clients (out of 2)
[2024-07-30 10:56:44,098][flwr][INFO] - aggregate_fit: received 2 results and 0 failures
[2024-07-30 10:56:44,154][flwr][INFO] - configure_evaluate: strategy sampled 2 clients (out of 2)
[2024-07-30 10:56:44,821][flwr][INFO] - aggregate_evaluate: received 2 results and 0 failures
[2024-07-30 10:56:44,821][flwr][INFO] - 
[2024-07-30 10:56:44,821][flwr][INFO] - [ROUND 3]
[2024-07-30 10:56:44,821][flwr][INFO] - configure_fit: strategy sampled 2 clients (out of 2)
[2024-07-30 10:56:51,472][flwr][INFO] - aggregate_fit: received 2 results and 0 failures
[2024-07-30 10:56:51,534][flwr][INFO] - configure_evaluate: strategy sampled 2 clients (out of 2)
[2024-07-30 10:56:52,145][flwr][INFO] - aggregate_evaluate: received 2 results and 0 failures
[2024-07-30 10:56:52,145][flwr][INFO] - 
[2024-07-30 10:56:52,145][flwr][INFO] - [ROUND 4]
[2024-07-30 10:56:52,145][flwr][INFO] - configure_fit: strategy sampled 2 clients (out of 2)
[2024-07-30 10:56:59,020][flwr][INFO] - aggregate_fit: received 2 results and 0 failures
[2024-07-30 10:56:59,117][absl][WARNING] - You are saving your model as an HDF5 file via `model.save()` or `keras.saving.save_model(model)`. This file format is considered legacy. We recommend using instead the native Keras format, e.g. `model.save('my_model.keras')` or `keras.saving.save_model(model, 'my_model.keras')`. 
[2024-07-30 10:56:59,165][flwr][INFO] - configure_evaluate: strategy sampled 2 clients (out of 2)
[2024-07-30 10:56:59,789][flwr][INFO] - aggregate_evaluate: received 2 results and 0 failures
[2024-07-30 10:56:59,791][flwr][INFO] - 
[2024-07-30 10:56:59,791][flwr][INFO] - [SUMMARY]
[2024-07-30 10:56:59,791][flwr][INFO] - Run finished 4 round(s) in 31.81s
[2024-07-30 10:56:59,791][flwr][INFO] - 	History (loss, distributed):
[2024-07-30 10:56:59,791][flwr][INFO] - 		round 1: 0.4039361774921417
[2024-07-30 10:56:59,791][flwr][INFO] - 		round 2: 0.34870442748069763
[2024-07-30 10:56:59,791][flwr][INFO] - 		round 3: 0.3203990161418915
[2024-07-30 10:56:59,791][flwr][INFO] - 		round 4: 0.24929319322109222
[2024-07-30 10:56:59,791][flwr][INFO] - 	History (metrics, distributed, evaluate):
[2024-07-30 10:56:59,791][flwr][INFO] - 	{'accuracy': [(1, 0.8444444537162781),
[2024-07-30 10:56:59,792][flwr][INFO] - 	              (2, 0.8888888955116272),
[2024-07-30 10:56:59,792][flwr][INFO] - 	              (3, 0.8888888955116272),
[2024-07-30 10:56:59,792][flwr][INFO] - 	              (4, 0.9111111164093018)],
[2024-07-30 10:56:59,792][flwr][INFO] - 	 'loss': [(1, 0.4039361774921417),
[2024-07-30 10:56:59,792][flwr][INFO] - 	          (2, 0.34870442748069763),
[2024-07-30 10:56:59,792][flwr][INFO] - 	          (3, 0.3203990161418915),
[2024-07-30 10:56:59,792][flwr][INFO] - 	          (4, 0.24929319322109222)]}
[2024-07-30 10:56:59,792][flwr][INFO] - 
