[2024-07-27 15:34:37,510][flwr][INFO] - Starting Flower server, config: num_rounds=4, no round_timeout
[2024-07-27 15:34:37,542][flwr][INFO] - Flower ECE: gRPC server running (4 rounds), SSL is disabled
[2024-07-27 15:34:37,542][flwr][INFO] - [INIT]
[2024-07-27 15:34:37,542][flwr][INFO] - Using initial global parameters provided by strategy
[2024-07-27 15:34:37,542][flwr][INFO] - Evaluating initial global parameters
[2024-07-27 15:34:37,542][flwr][INFO] - 
[2024-07-27 15:34:37,542][flwr][INFO] - [ROUND 1]
[2024-07-27 15:34:39,224][flwr][INFO] - configure_fit: strategy sampled 2 clients (out of 2)
[2024-07-27 15:34:42,389][flwr][INFO] - aggregate_fit: received 2 results and 0 failures
[2024-07-27 15:34:42,399][flwr][WARNING] - No fit_metrics_aggregation_fn provided
[2024-07-27 15:34:42,399][flwr][INFO] - configure_evaluate: strategy sampled 2 clients (out of 2)
[2024-07-27 15:34:42,719][flwr][INFO] - aggregate_evaluate: received 2 results and 0 failures
[2024-07-27 15:34:42,719][flwr][INFO] - 
[2024-07-27 15:34:42,719][flwr][INFO] - [ROUND 2]
[2024-07-27 15:34:42,719][flwr][INFO] - configure_fit: strategy sampled 2 clients (out of 2)
[2024-07-27 15:34:45,291][flwr][INFO] - aggregate_fit: received 2 results and 0 failures
[2024-07-27 15:34:45,308][flwr][INFO] - configure_evaluate: strategy sampled 2 clients (out of 2)
[2024-07-27 15:34:45,570][flwr][INFO] - aggregate_evaluate: received 2 results and 0 failures
[2024-07-27 15:34:45,570][flwr][INFO] - 
[2024-07-27 15:34:45,570][flwr][INFO] - [ROUND 3]
[2024-07-27 15:34:45,570][flwr][INFO] - configure_fit: strategy sampled 2 clients (out of 2)
[2024-07-27 15:34:48,123][flwr][INFO] - aggregate_fit: received 2 results and 0 failures
[2024-07-27 15:34:48,140][flwr][INFO] - configure_evaluate: strategy sampled 2 clients (out of 2)
[2024-07-27 15:34:48,406][flwr][INFO] - aggregate_evaluate: received 2 results and 0 failures
[2024-07-27 15:34:48,406][flwr][INFO] - 
[2024-07-27 15:34:48,406][flwr][INFO] - [ROUND 4]
[2024-07-27 15:34:48,406][flwr][INFO] - configure_fit: strategy sampled 2 clients (out of 2)
[2024-07-27 15:34:50,944][flwr][INFO] - aggregate_fit: received 2 results and 0 failures
[2024-07-27 15:34:50,957][flwr][INFO] - configure_evaluate: strategy sampled 2 clients (out of 2)
[2024-07-27 15:34:51,223][flwr][INFO] - aggregate_evaluate: received 2 results and 0 failures
[2024-07-27 15:34:51,223][flwr][INFO] - 
[2024-07-27 15:34:51,223][flwr][INFO] - [SUMMARY]
[2024-07-27 15:34:51,223][flwr][INFO] - Run finished 4 round(s) in 13.68s
[2024-07-27 15:34:51,224][flwr][INFO] - 	History (loss, distributed):
[2024-07-27 15:34:51,224][flwr][INFO] - 		round 1: 0.41817983984947205
[2024-07-27 15:34:51,224][flwr][INFO] - 		round 2: 0.37598028779029846
[2024-07-27 15:34:51,224][flwr][INFO] - 		round 3: 0.3878161609172821
[2024-07-27 15:34:51,224][flwr][INFO] - 		round 4: 0.28194770216941833
[2024-07-27 15:34:51,224][flwr][INFO] - 	History (metrics, distributed, evaluate):
[2024-07-27 15:34:51,224][flwr][INFO] - 	{'accuracy': [(1, 0.8222222328186035),
[2024-07-27 15:34:51,224][flwr][INFO] - 	              (2, 0.8666666746139526),
[2024-07-27 15:34:51,224][flwr][INFO] - 	              (3, 0.9111111164093018),
[2024-07-27 15:34:51,224][flwr][INFO] - 	              (4, 0.9111111164093018)],
[2024-07-27 15:34:51,224][flwr][INFO] - 	 'loss': [(1, 0.41817983984947205),
[2024-07-27 15:34:51,224][flwr][INFO] - 	          (2, 0.37598028779029846),
[2024-07-27 15:34:51,224][flwr][INFO] - 	          (3, 0.3878161609172821),
[2024-07-27 15:34:51,224][flwr][INFO] - 	          (4, 0.28194770216941833)]}
[2024-07-27 15:34:51,224][flwr][INFO] - 
