[2024-07-29 15:16:54,124][flwr][INFO] - Starting Flower server, config: num_rounds=4, no round_timeout
[2024-07-29 15:16:54,145][flwr][INFO] - Flower ECE: gRPC server running (4 rounds), SSL is disabled
[2024-07-29 15:16:54,145][flwr][INFO] - [INIT]
[2024-07-29 15:16:54,145][flwr][INFO] - Using initial global parameters provided by strategy
[2024-07-29 15:16:54,145][flwr][INFO] - Evaluating initial global parameters
[2024-07-29 15:16:54,145][flwr][INFO] - 
[2024-07-29 15:16:54,145][flwr][INFO] - [ROUND 1]
[2024-07-29 15:16:56,894][flwr][INFO] - configure_fit: strategy sampled 2 clients (out of 2)
[2024-07-29 15:17:04,366][flwr][INFO] - aggregate_fit: received 2 results and 0 failures
[2024-07-29 15:17:04,417][flwr][WARNING] - No fit_metrics_aggregation_fn provided
[2024-07-29 15:17:04,420][flwr][INFO] - configure_evaluate: strategy sampled 2 clients (out of 2)
[2024-07-29 15:17:05,088][flwr][INFO] - aggregate_evaluate: received 2 results and 0 failures
[2024-07-29 15:17:05,088][flwr][INFO] - 
[2024-07-29 15:17:05,088][flwr][INFO] - [ROUND 2]
[2024-07-29 15:17:05,088][flwr][INFO] - configure_fit: strategy sampled 2 clients (out of 2)
[2024-07-29 15:17:11,823][flwr][INFO] - aggregate_fit: received 2 results and 0 failures
[2024-07-29 15:17:11,891][flwr][INFO] - configure_evaluate: strategy sampled 2 clients (out of 2)
[2024-07-29 15:17:12,510][flwr][INFO] - aggregate_evaluate: received 2 results and 0 failures
[2024-07-29 15:17:12,511][flwr][INFO] - 
[2024-07-29 15:17:12,511][flwr][INFO] - [ROUND 3]
[2024-07-29 15:17:12,511][flwr][INFO] - configure_fit: strategy sampled 2 clients (out of 2)
[2024-07-29 15:17:19,439][flwr][INFO] - aggregate_fit: received 2 results and 0 failures
[2024-07-29 15:17:19,498][flwr][INFO] - configure_evaluate: strategy sampled 2 clients (out of 2)
[2024-07-29 15:17:20,139][flwr][INFO] - aggregate_evaluate: received 2 results and 0 failures
[2024-07-29 15:17:20,139][flwr][INFO] - 
[2024-07-29 15:17:20,139][flwr][INFO] - [ROUND 4]
[2024-07-29 15:17:20,139][flwr][INFO] - configure_fit: strategy sampled 2 clients (out of 2)
[2024-07-29 15:17:26,702][flwr][INFO] - aggregate_fit: received 2 results and 0 failures
[2024-07-29 15:17:26,820][absl][WARNING] - You are saving your model as an HDF5 file via `model.save()` or `keras.saving.save_model(model)`. This file format is considered legacy. We recommend using instead the native Keras format, e.g. `model.save('my_model.keras')` or `keras.saving.save_model(model, 'my_model.keras')`. 
[2024-07-29 15:17:26,900][flwr][INFO] - configure_evaluate: strategy sampled 2 clients (out of 2)
[2024-07-29 15:17:27,512][flwr][INFO] - aggregate_evaluate: received 2 results and 0 failures
[2024-07-29 15:17:27,514][flwr][INFO] - 
[2024-07-29 15:17:27,514][flwr][INFO] - [SUMMARY]
[2024-07-29 15:17:27,514][flwr][INFO] - Run finished 4 round(s) in 33.37s
[2024-07-29 15:17:27,514][flwr][INFO] - 	History (loss, distributed):
[2024-07-29 15:17:27,514][flwr][INFO] - 		round 1: 0.42472657561302185
[2024-07-29 15:17:27,514][flwr][INFO] - 		round 2: 0.40461236238479614
[2024-07-29 15:17:27,514][flwr][INFO] - 		round 3: 0.3171083331108093
[2024-07-29 15:17:27,514][flwr][INFO] - 		round 4: 0.2838497459888458
[2024-07-29 15:17:27,514][flwr][INFO] - 	History (metrics, distributed, evaluate):
[2024-07-29 15:17:27,514][flwr][INFO] - 	{'accuracy': [(1, 0.8444444537162781),
[2024-07-29 15:17:27,514][flwr][INFO] - 	              (2, 0.8222222328186035),
[2024-07-29 15:17:27,514][flwr][INFO] - 	              (3, 0.8666666746139526),
[2024-07-29 15:17:27,514][flwr][INFO] - 	              (4, 0.9111111164093018)],
[2024-07-29 15:17:27,514][flwr][INFO] - 	 'loss': [(1, 0.42472657561302185),
[2024-07-29 15:17:27,514][flwr][INFO] - 	          (2, 0.40461236238479614),
[2024-07-29 15:17:27,514][flwr][INFO] - 	          (3, 0.3171083331108093),
[2024-07-29 15:17:27,515][flwr][INFO] - 	          (4, 0.2838497459888458)]}
[2024-07-29 15:17:27,515][flwr][INFO] - 
