[2024-07-27 14:59:08,223][flwr][INFO] - Starting Flower server, config: num_rounds=4, no round_timeout
[2024-07-27 14:59:08,251][flwr][INFO] - Flower ECE: gRPC server running (4 rounds), SSL is disabled
[2024-07-27 14:59:08,251][flwr][INFO] - [INIT]
[2024-07-27 14:59:08,252][flwr][INFO] - Using initial global parameters provided by strategy
[2024-07-27 14:59:08,252][flwr][INFO] - Evaluating initial global parameters
[2024-07-27 14:59:08,252][flwr][INFO] - 
[2024-07-27 14:59:08,253][flwr][INFO] - [ROUND 1]
[2024-07-27 14:59:11,923][flwr][INFO] - configure_fit: strategy sampled 2 clients (out of 2)
[2024-07-27 14:59:19,517][flwr][INFO] - aggregate_fit: received 2 results and 0 failures
[2024-07-27 14:59:19,574][flwr][WARNING] - No fit_metrics_aggregation_fn provided
[2024-07-27 14:59:19,577][flwr][INFO] - configure_evaluate: strategy sampled 2 clients (out of 2)
[2024-07-27 14:59:20,220][flwr][INFO] - aggregate_evaluate: received 2 results and 0 failures
[2024-07-27 14:59:20,220][flwr][INFO] - 
[2024-07-27 14:59:20,220][flwr][INFO] - [ROUND 2]
[2024-07-27 14:59:20,220][flwr][INFO] - configure_fit: strategy sampled 2 clients (out of 2)
[2024-07-27 14:59:26,949][flwr][INFO] - aggregate_fit: received 2 results and 0 failures
[2024-07-27 14:59:27,008][flwr][INFO] - configure_evaluate: strategy sampled 2 clients (out of 2)
[2024-07-27 14:59:27,637][flwr][INFO] - aggregate_evaluate: received 2 results and 0 failures
[2024-07-27 14:59:27,637][flwr][INFO] - 
[2024-07-27 14:59:27,637][flwr][INFO] - [ROUND 3]
[2024-07-27 14:59:27,637][flwr][INFO] - configure_fit: strategy sampled 2 clients (out of 2)
[2024-07-27 14:59:34,264][flwr][INFO] - aggregate_fit: received 2 results and 0 failures
[2024-07-27 14:59:34,324][flwr][INFO] - configure_evaluate: strategy sampled 2 clients (out of 2)
[2024-07-27 14:59:34,930][flwr][INFO] - aggregate_evaluate: received 2 results and 0 failures
[2024-07-27 14:59:34,930][flwr][INFO] - 
[2024-07-27 14:59:34,930][flwr][INFO] - [ROUND 4]
[2024-07-27 14:59:34,930][flwr][INFO] - configure_fit: strategy sampled 2 clients (out of 2)
[2024-07-27 14:59:41,490][flwr][INFO] - aggregate_fit: received 2 results and 0 failures
[2024-07-27 14:59:41,548][flwr][INFO] - configure_evaluate: strategy sampled 2 clients (out of 2)
[2024-07-27 15:00:24,309][flwr][INFO] - aggregate_evaluate: received 0 results and 2 failures
[2024-07-27 15:00:24,322][flwr][INFO] - 
[2024-07-27 15:00:24,322][flwr][INFO] - [SUMMARY]
[2024-07-27 15:00:24,322][flwr][INFO] - Run finished 4 round(s) in 76.06s
[2024-07-27 15:00:24,322][flwr][INFO] - 	History (loss, distributed):
[2024-07-27 15:00:24,322][flwr][INFO] - 		round 1: 0.39181777834892273
[2024-07-27 15:00:24,322][flwr][INFO] - 		round 2: 0.42370545864105225
[2024-07-27 15:00:24,322][flwr][INFO] - 		round 3: 0.3811414837837219
[2024-07-27 15:00:24,322][flwr][INFO] - 	History (metrics, distributed, evaluate):
[2024-07-27 15:00:24,322][flwr][INFO] - 	{'accuracy': [(1, 0.8444444537162781),
[2024-07-27 15:00:24,322][flwr][INFO] - 	              (2, 0.8222222328186035),
[2024-07-27 15:00:24,322][flwr][INFO] - 	              (3, 0.8666666746139526)],
[2024-07-27 15:00:24,322][flwr][INFO] - 	 'loss': [(1, 0.39181777834892273),
[2024-07-27 15:00:24,323][flwr][INFO] - 	          (2, 0.42370545864105225),
[2024-07-27 15:00:24,323][flwr][INFO] - 	          (3, 0.3811414837837219)]}
[2024-07-27 15:00:24,323][flwr][INFO] - 
